[ 2017-08-25T10:11:43+08:00 ] 127.0.0.1 /index.php?m=Home&c=WeChat&a=index
INFO: [ app_init ] --START--
INFO: Run Behavior\BuildLiteBehavior [ RunTime:0.000000s ]
INFO: [ app_init ] --END-- [ RunTime:0.029003s ]
INFO: [ app_begin ] --START--
INFO: Run Behavior\ReadHtmlCacheBehavior [ RunTime:0.000000s ]
INFO: [ app_begin ] --END-- [ RunTime:0.000000s ]

[ 2017-08-25T10:30:47+08:00 ] 127.0.0.1 /index.php?m=Home&c=WeChat&a=index
INFO: [ app_init ] --START--
INFO: Run Behavior\BuildLiteBehavior [ RunTime:0.000000s ]
INFO: [ app_init ] --END-- [ RunTime:0.001000s ]
INFO: [ app_begin ] --START--
INFO: Run Behavior\ReadHtmlCacheBehavior [ RunTime:0.001000s ]
INFO: [ app_begin ] --END-- [ RunTime:0.001000s ]
NOTIC: D方法实例化没找到模型类Home\Model\IndexModel
ERR: 无法加载数据库驱动: Think\Db\Driver\

[ 2017-08-25T10:31:07+08:00 ] 127.0.0.1 /index.php?m=Home&c=WeChat&a=index
INFO: [ app_init ] --START--
INFO: Run Behavior\BuildLiteBehavior [ RunTime:0.000000s ]
INFO: [ app_init ] --END-- [ RunTime:0.000000s ]
INFO: [ app_begin ] --START--
INFO: Run Behavior\ReadHtmlCacheBehavior [ RunTime:0.001000s ]
INFO: [ app_begin ] --END-- [ RunTime:0.001000s ]
NOTIC: D方法实例化没找到模型类Home\Model\IndexModel
ERR: 无法加载数据库驱动: Think\Db\Driver\

[ 2017-08-25T10:31:15+08:00 ] 127.0.0.1 /index.php?m=Home&c=WeChat&a=index
INFO: [ app_init ] --START--
INFO: Run Behavior\BuildLiteBehavior [ RunTime:0.000000s ]
INFO: [ app_init ] --END-- [ RunTime:0.000000s ]
INFO: [ app_begin ] --START--
INFO: Run Behavior\ReadHtmlCacheBehavior [ RunTime:0.000000s ]
INFO: [ app_begin ] --END-- [ RunTime:0.000000s ]
NOTIC: D方法实例化没找到模型类Home\Model\IndexModel
ERR: 无法加载数据库驱动: Think\Db\Driver\

[ 2017-08-25T10:34:15+08:00 ] 127.0.0.1 /index.php?m=Home&c=WeChat&a=index
INFO: [ app_init ] --START--
INFO: Run Behavior\BuildLiteBehavior [ RunTime:0.001000s ]
INFO: [ app_init ] --END-- [ RunTime:0.001000s ]
INFO: [ app_begin ] --START--
INFO: Run Behavior\ReadHtmlCacheBehavior [ RunTime:0.001000s ]
INFO: [ app_begin ] --END-- [ RunTime:0.001000s ]
NOTIC: D方法实例化没找到模型类Home\Model\IndexModel
ERR: 1146:Table 'guitar.guitarindex' doesn't exist
 [ SQL语句 ] : SHOW COLUMNS FROM `guitarindex`
ERR: 1146:Table 'guitar.guitarindex' doesn't exist
 [ SQL语句 ] : SHOW COLUMNS FROM `guitarindex`

[ 2017-08-25T10:34:16+08:00 ] 127.0.0.1 /index.php?m=Home&c=WeChat&a=index
INFO: [ app_init ] --START--
INFO: Run Behavior\BuildLiteBehavior [ RunTime:0.000000s ]
INFO: [ app_init ] --END-- [ RunTime:0.000000s ]
INFO: [ app_begin ] --START--
INFO: Run Behavior\ReadHtmlCacheBehavior [ RunTime:0.000000s ]
INFO: [ app_begin ] --END-- [ RunTime:0.000000s ]
NOTIC: D方法实例化没找到模型类Home\Model\IndexModel
ERR: 1146:Table 'guitar.guitarindex' doesn't exist
 [ SQL语句 ] : SHOW COLUMNS FROM `guitarindex`
ERR: 1146:Table 'guitar.guitarindex' doesn't exist
 [ SQL语句 ] : SHOW COLUMNS FROM `guitarindex`

[ 2017-08-25T10:34:17+08:00 ] 127.0.0.1 /index.php?m=Home&c=WeChat&a=index
INFO: [ app_init ] --START--
INFO: Run Behavior\BuildLiteBehavior [ RunTime:0.000000s ]
INFO: [ app_init ] --END-- [ RunTime:0.001000s ]
INFO: [ app_begin ] --START--
INFO: Run Behavior\ReadHtmlCacheBehavior [ RunTime:0.001000s ]
INFO: [ app_begin ] --END-- [ RunTime:0.001000s ]
NOTIC: D方法实例化没找到模型类Home\Model\IndexModel
ERR: 1146:Table 'guitar.guitarindex' doesn't exist
 [ SQL语句 ] : SHOW COLUMNS FROM `guitarindex`
ERR: 1146:Table 'guitar.guitarindex' doesn't exist
 [ SQL语句 ] : SHOW COLUMNS FROM `guitarindex`

[ 2017-08-25T10:34:18+08:00 ] 127.0.0.1 /index.php?m=Home&c=WeChat&a=index
INFO: [ app_init ] --START--
INFO: Run Behavior\BuildLiteBehavior [ RunTime:0.000000s ]
INFO: [ app_init ] --END-- [ RunTime:0.000000s ]
INFO: [ app_begin ] --START--
INFO: Run Behavior\ReadHtmlCacheBehavior [ RunTime:0.000000s ]
INFO: [ app_begin ] --END-- [ RunTime:0.000000s ]
NOTIC: D方法实例化没找到模型类Home\Model\IndexModel
ERR: 1146:Table 'guitar.guitarindex' doesn't exist
 [ SQL语句 ] : SHOW COLUMNS FROM `guitarindex`
ERR: 1146:Table 'guitar.guitarindex' doesn't exist
 [ SQL语句 ] : SHOW COLUMNS FROM `guitarindex`

[ 2017-08-25T10:34:19+08:00 ] 127.0.0.1 /index.php?m=Home&c=WeChat&a=index
INFO: [ app_init ] --START--
INFO: Run Behavior\BuildLiteBehavior [ RunTime:0.000000s ]
INFO: [ app_init ] --END-- [ RunTime:0.000000s ]
INFO: [ app_begin ] --START--
INFO: Run Behavior\ReadHtmlCacheBehavior [ RunTime:0.000000s ]
INFO: [ app_begin ] --END-- [ RunTime:0.000000s ]
NOTIC: D方法实例化没找到模型类Home\Model\IndexModel
ERR: 1146:Table 'guitar.guitarindex' doesn't exist
 [ SQL语句 ] : SHOW COLUMNS FROM `guitarindex`
ERR: 1146:Table 'guitar.guitarindex' doesn't exist
 [ SQL语句 ] : SHOW COLUMNS FROM `guitarindex`

[ 2017-08-25T10:34:20+08:00 ] 127.0.0.1 /index.php?m=Home&c=WeChat&a=index
INFO: [ app_init ] --START--
INFO: Run Behavior\BuildLiteBehavior [ RunTime:0.000000s ]
INFO: [ app_init ] --END-- [ RunTime:0.000000s ]
INFO: [ app_begin ] --START--
INFO: Run Behavior\ReadHtmlCacheBehavior [ RunTime:0.001000s ]
INFO: [ app_begin ] --END-- [ RunTime:0.001000s ]
NOTIC: D方法实例化没找到模型类Home\Model\IndexModel
ERR: 1146:Table 'guitar.guitarindex' doesn't exist
 [ SQL语句 ] : SHOW COLUMNS FROM `guitarindex`
ERR: 1146:Table 'guitar.guitarindex' doesn't exist
 [ SQL语句 ] : SHOW COLUMNS FROM `guitarindex`

[ 2017-08-25T10:34:21+08:00 ] 127.0.0.1 /index.php?m=Home&c=WeChat&a=index
INFO: [ app_init ] --START--
INFO: Run Behavior\BuildLiteBehavior [ RunTime:0.000000s ]
INFO: [ app_init ] --END-- [ RunTime:0.000000s ]
INFO: [ app_begin ] --START--
INFO: Run Behavior\ReadHtmlCacheBehavior [ RunTime:0.001000s ]
INFO: [ app_begin ] --END-- [ RunTime:0.001000s ]
NOTIC: D方法实例化没找到模型类Home\Model\IndexModel
ERR: 1146:Table 'guitar.guitarindex' doesn't exist
 [ SQL语句 ] : SHOW COLUMNS FROM `guitarindex`
ERR: 1146:Table 'guitar.guitarindex' doesn't exist
 [ SQL语句 ] : SHOW COLUMNS FROM `guitarindex`

[ 2017-08-25T10:34:22+08:00 ] 127.0.0.1 /index.php?m=Home&c=WeChat&a=index
INFO: [ app_init ] --START--
INFO: Run Behavior\BuildLiteBehavior [ RunTime:0.000000s ]
INFO: [ app_init ] --END-- [ RunTime:0.000000s ]
INFO: [ app_begin ] --START--
INFO: Run Behavior\ReadHtmlCacheBehavior [ RunTime:0.000000s ]
INFO: [ app_begin ] --END-- [ RunTime:0.000000s ]
NOTIC: D方法实例化没找到模型类Home\Model\IndexModel
ERR: 1146:Table 'guitar.guitarindex' doesn't exist
 [ SQL语句 ] : SHOW COLUMNS FROM `guitarindex`
ERR: 1146:Table 'guitar.guitarindex' doesn't exist
 [ SQL语句 ] : SHOW COLUMNS FROM `guitarindex`

[ 2017-08-25T10:35:00+08:00 ] 127.0.0.1 /index.php?m=Home&c=WeChat&a=index
INFO: [ app_init ] --START--
INFO: Run Behavior\BuildLiteBehavior [ RunTime:0.000000s ]
INFO: [ app_init ] --END-- [ RunTime:0.000000s ]
INFO: [ app_begin ] --START--
INFO: Run Behavior\ReadHtmlCacheBehavior [ RunTime:0.001000s ]
INFO: [ app_begin ] --END-- [ RunTime:0.001000s ]
NOTIC: D方法实例化没找到模型类Home\Model\IndexModel
ERR: 1146:Table 'guitar.guitarindex' doesn't exist
 [ SQL语句 ] : SHOW COLUMNS FROM `guitarindex`
ERR: 1146:Table 'guitar.guitarindex' doesn't exist
 [ SQL语句 ] : SHOW COLUMNS FROM `guitarindex`

[ 2017-08-25T10:35:01+08:00 ] 127.0.0.1 /index.php?m=Home&c=WeChat&a=index
INFO: [ app_init ] --START--
INFO: Run Behavior\BuildLiteBehavior [ RunTime:0.000000s ]
INFO: [ app_init ] --END-- [ RunTime:0.001000s ]
INFO: [ app_begin ] --START--
INFO: Run Behavior\ReadHtmlCacheBehavior [ RunTime:0.000000s ]
INFO: [ app_begin ] --END-- [ RunTime:0.000000s ]
NOTIC: D方法实例化没找到模型类Home\Model\IndexModel
ERR: 1146:Table 'guitar.guitarindex' doesn't exist
 [ SQL语句 ] : SHOW COLUMNS FROM `guitarindex`
ERR: 1146:Table 'guitar.guitarindex' doesn't exist
 [ SQL语句 ] : SHOW COLUMNS FROM `guitarindex`

[ 2017-08-25T10:35:31+08:00 ] 127.0.0.1 /index.php?m=Home&c=WeChat&a=index
INFO: [ app_init ] --START--
INFO: Run Behavior\BuildLiteBehavior [ RunTime:0.000000s ]
INFO: [ app_init ] --END-- [ RunTime:0.001000s ]
INFO: [ app_begin ] --START--
INFO: Run Behavior\ReadHtmlCacheBehavior [ RunTime:0.001000s ]
INFO: [ app_begin ] --END-- [ RunTime:0.001000s ]
NOTIC: D方法实例化没找到模型类Home\Model\IndexModel
ERR: 1146:Table 'guitar.guitar_index' doesn't exist
 [ SQL语句 ] : SHOW COLUMNS FROM `guitar_index`
ERR: 1146:Table 'guitar.guitar_index' doesn't exist
 [ SQL语句 ] : SHOW COLUMNS FROM `guitar_index`

[ 2017-08-25T10:35:36+08:00 ] 127.0.0.1 /index.php?m=Home&c=WeChat&a=index
INFO: [ app_init ] --START--
INFO: Run Behavior\BuildLiteBehavior [ RunTime:0.000000s ]
INFO: [ app_init ] --END-- [ RunTime:0.000000s ]
INFO: [ app_begin ] --START--
INFO: Run Behavior\ReadHtmlCacheBehavior [ RunTime:0.001000s ]
INFO: [ app_begin ] --END-- [ RunTime:0.001000s ]
NOTIC: D方法实例化没找到模型类Home\Model\IndexModel
ERR: 1146:Table 'guitar.guitar_index' doesn't exist
 [ SQL语句 ] : SHOW COLUMNS FROM `guitar_index`
ERR: 1146:Table 'guitar.guitar_index' doesn't exist
 [ SQL语句 ] : SHOW COLUMNS FROM `guitar_index`

[ 2017-08-25T10:35:52+08:00 ] 127.0.0.1 /index.php?m=Home&c=WeChat&a=index
INFO: [ app_init ] --START--
INFO: Run Behavior\BuildLiteBehavior [ RunTime:0.000000s ]
INFO: [ app_init ] --END-- [ RunTime:0.000000s ]
INFO: [ app_begin ] --START--
INFO: Run Behavior\ReadHtmlCacheBehavior [ RunTime:0.001000s ]
INFO: [ app_begin ] --END-- [ RunTime:0.001000s ]
NOTIC: D方法实例化没找到模型类Home\Model\IndexModel
ERR: 1146:Table 'guitar.guitar_index' doesn't exist
 [ SQL语句 ] : SHOW COLUMNS FROM `guitar_index`
ERR: 1146:Table 'guitar.guitar_index' doesn't exist
 [ SQL语句 ] : SHOW COLUMNS FROM `guitar_index`

[ 2017-08-25T10:35:52+08:00 ] 127.0.0.1 /index.php?m=Home&c=WeChat&a=index
INFO: [ app_init ] --START--
INFO: Run Behavior\BuildLiteBehavior [ RunTime:0.000000s ]
INFO: [ app_init ] --END-- [ RunTime:0.001000s ]
INFO: [ app_begin ] --START--
INFO: Run Behavior\ReadHtmlCacheBehavior [ RunTime:0.000000s ]
INFO: [ app_begin ] --END-- [ RunTime:0.000000s ]
NOTIC: D方法实例化没找到模型类Home\Model\IndexModel
ERR: 1146:Table 'guitar.guitar_index' doesn't exist
 [ SQL语句 ] : SHOW COLUMNS FROM `guitar_index`
ERR: 1146:Table 'guitar.guitar_index' doesn't exist
 [ SQL语句 ] : SHOW COLUMNS FROM `guitar_index`

[ 2017-08-25T10:35:56+08:00 ] 127.0.0.1 /index.php?m=Home&c=WeChat&a=index
INFO: [ app_init ] --START--
INFO: Run Behavior\BuildLiteBehavior [ RunTime:0.000000s ]
INFO: [ app_init ] --END-- [ RunTime:0.000000s ]
INFO: [ app_begin ] --START--
INFO: Run Behavior\ReadHtmlCacheBehavior [ RunTime:0.001000s ]
INFO: [ app_begin ] --END-- [ RunTime:0.001000s ]
NOTIC: D方法实例化没找到模型类Home\Model\IndexModel
ERR: 1146:Table 'guitar.guitar_index' doesn't exist
 [ SQL语句 ] : SHOW COLUMNS FROM `guitar_index`
ERR: 1146:Table 'guitar.guitar_index' doesn't exist
 [ SQL语句 ] : SHOW COLUMNS FROM `guitar_index`

[ 2017-08-25T10:36:13+08:00 ] 127.0.0.1 /index.php?m=Home&c=WeChat&a=index
INFO: [ app_init ] --START--
INFO: Run Behavior\BuildLiteBehavior [ RunTime:0.000000s ]
INFO: [ app_init ] --END-- [ RunTime:0.000000s ]
INFO: [ app_begin ] --START--
INFO: Run Behavior\ReadHtmlCacheBehavior [ RunTime:0.000000s ]
INFO: [ app_begin ] --END-- [ RunTime:0.000000s ]
NOTIC: D方法实例化没找到模型类Home\Model\IndexModel
ERR: 1146:Table 'guitar.guitar_index' doesn't exist
 [ SQL语句 ] : SHOW COLUMNS FROM `guitar_index`
ERR: 1146:Table 'guitar.guitar_index' doesn't exist
 [ SQL语句 ] : SHOW COLUMNS FROM `guitar_index`

[ 2017-08-25T10:36:13+08:00 ] 127.0.0.1 /index.php?m=Home&c=WeChat&a=index
INFO: [ app_init ] --START--
INFO: Run Behavior\BuildLiteBehavior [ RunTime:0.000000s ]
INFO: [ app_init ] --END-- [ RunTime:0.001001s ]
INFO: [ app_begin ] --START--
INFO: Run Behavior\ReadHtmlCacheBehavior [ RunTime:0.000000s ]
INFO: [ app_begin ] --END-- [ RunTime:0.000000s ]
NOTIC: D方法实例化没找到模型类Home\Model\IndexModel
ERR: 1146:Table 'guitar.guitar_index' doesn't exist
 [ SQL语句 ] : SHOW COLUMNS FROM `guitar_index`
ERR: 1146:Table 'guitar.guitar_index' doesn't exist
 [ SQL语句 ] : SHOW COLUMNS FROM `guitar_index`

[ 2017-08-25T10:36:14+08:00 ] 127.0.0.1 /index.php?m=Home&c=WeChat&a=index
INFO: [ app_init ] --START--
INFO: Run Behavior\BuildLiteBehavior [ RunTime:0.000000s ]
INFO: [ app_init ] --END-- [ RunTime:0.000000s ]
INFO: [ app_begin ] --START--
INFO: Run Behavior\ReadHtmlCacheBehavior [ RunTime:0.000000s ]
INFO: [ app_begin ] --END-- [ RunTime:0.000000s ]
NOTIC: D方法实例化没找到模型类Home\Model\IndexModel
ERR: 1146:Table 'guitar.guitar_index' doesn't exist
 [ SQL语句 ] : SHOW COLUMNS FROM `guitar_index`
ERR: 1146:Table 'guitar.guitar_index' doesn't exist
 [ SQL语句 ] : SHOW COLUMNS FROM `guitar_index`

[ 2017-08-25T10:36:15+08:00 ] 127.0.0.1 /index.php?m=Home&c=WeChat&a=index
INFO: [ app_init ] --START--
INFO: Run Behavior\BuildLiteBehavior [ RunTime:0.000000s ]
INFO: [ app_init ] --END-- [ RunTime:0.000000s ]
INFO: [ app_begin ] --START--
INFO: Run Behavior\ReadHtmlCacheBehavior [ RunTime:0.000000s ]
INFO: [ app_begin ] --END-- [ RunTime:0.000000s ]
NOTIC: D方法实例化没找到模型类Home\Model\IndexModel
ERR: 1146:Table 'guitar.guitar_index' doesn't exist
 [ SQL语句 ] : SHOW COLUMNS FROM `guitar_index`
ERR: 1146:Table 'guitar.guitar_index' doesn't exist
 [ SQL语句 ] : SHOW COLUMNS FROM `guitar_index`

[ 2017-08-25T10:36:16+08:00 ] 127.0.0.1 /index.php?m=Home&c=WeChat&a=index
INFO: [ app_init ] --START--
INFO: Run Behavior\BuildLiteBehavior [ RunTime:0.000000s ]
INFO: [ app_init ] --END-- [ RunTime:0.001000s ]
INFO: [ app_begin ] --START--
INFO: Run Behavior\ReadHtmlCacheBehavior [ RunTime:0.000000s ]
INFO: [ app_begin ] --END-- [ RunTime:0.000000s ]
NOTIC: D方法实例化没找到模型类Home\Model\IndexModel
ERR: 1146:Table 'guitar.guitar_index' doesn't exist
 [ SQL语句 ] : SHOW COLUMNS FROM `guitar_index`
ERR: 1146:Table 'guitar.guitar_index' doesn't exist
 [ SQL语句 ] : SHOW COLUMNS FROM `guitar_index`

[ 2017-08-25T10:36:16+08:00 ] 127.0.0.1 /index.php?m=Home&c=WeChat&a=index
INFO: [ app_init ] --START--
INFO: Run Behavior\BuildLiteBehavior [ RunTime:0.000000s ]
INFO: [ app_init ] --END-- [ RunTime:0.000000s ]
INFO: [ app_begin ] --START--
INFO: Run Behavior\ReadHtmlCacheBehavior [ RunTime:0.000000s ]
INFO: [ app_begin ] --END-- [ RunTime:0.000000s ]
NOTIC: D方法实例化没找到模型类Home\Model\IndexModel
ERR: 1146:Table 'guitar.guitar_index' doesn't exist
 [ SQL语句 ] : SHOW COLUMNS FROM `guitar_index`
ERR: 1146:Table 'guitar.guitar_index' doesn't exist
 [ SQL语句 ] : SHOW COLUMNS FROM `guitar_index`

[ 2017-08-25T10:36:16+08:00 ] 127.0.0.1 /index.php?m=Home&c=WeChat&a=index
INFO: [ app_init ] --START--
INFO: Run Behavior\BuildLiteBehavior [ RunTime:0.000000s ]
INFO: [ app_init ] --END-- [ RunTime:0.000000s ]
INFO: [ app_begin ] --START--
INFO: Run Behavior\ReadHtmlCacheBehavior [ RunTime:0.001000s ]
INFO: [ app_begin ] --END-- [ RunTime:0.001000s ]
NOTIC: D方法实例化没找到模型类Home\Model\IndexModel
ERR: 1146:Table 'guitar.guitar_index' doesn't exist
 [ SQL语句 ] : SHOW COLUMNS FROM `guitar_index`
ERR: 1146:Table 'guitar.guitar_index' doesn't exist
 [ SQL语句 ] : SHOW COLUMNS FROM `guitar_index`

[ 2017-08-25T10:36:16+08:00 ] 127.0.0.1 /index.php?m=Home&c=WeChat&a=index
INFO: [ app_init ] --START--
INFO: Run Behavior\BuildLiteBehavior [ RunTime:0.000000s ]
INFO: [ app_init ] --END-- [ RunTime:0.001000s ]
INFO: [ app_begin ] --START--
INFO: Run Behavior\ReadHtmlCacheBehavior [ RunTime:0.000000s ]
INFO: [ app_begin ] --END-- [ RunTime:0.000000s ]
NOTIC: D方法实例化没找到模型类Home\Model\IndexModel
ERR: 1146:Table 'guitar.guitar_index' doesn't exist
 [ SQL语句 ] : SHOW COLUMNS FROM `guitar_index`
ERR: 1146:Table 'guitar.guitar_index' doesn't exist
 [ SQL语句 ] : SHOW COLUMNS FROM `guitar_index`

[ 2017-08-25T10:36:17+08:00 ] 127.0.0.1 /index.php?m=Home&c=WeChat&a=index
INFO: [ app_init ] --START--
INFO: Run Behavior\BuildLiteBehavior [ RunTime:0.000000s ]
INFO: [ app_init ] --END-- [ RunTime:0.000000s ]
INFO: [ app_begin ] --START--
INFO: Run Behavior\ReadHtmlCacheBehavior [ RunTime:0.001000s ]
INFO: [ app_begin ] --END-- [ RunTime:0.001000s ]
NOTIC: D方法实例化没找到模型类Home\Model\IndexModel
ERR: 1146:Table 'guitar.guitar_index' doesn't exist
 [ SQL语句 ] : SHOW COLUMNS FROM `guitar_index`
ERR: 1146:Table 'guitar.guitar_index' doesn't exist
 [ SQL语句 ] : SHOW COLUMNS FROM `guitar_index`

[ 2017-08-25T10:36:17+08:00 ] 127.0.0.1 /index.php?m=Home&c=WeChat&a=index
INFO: [ app_init ] --START--
INFO: Run Behavior\BuildLiteBehavior [ RunTime:0.000000s ]
INFO: [ app_init ] --END-- [ RunTime:0.001000s ]
INFO: [ app_begin ] --START--
INFO: Run Behavior\ReadHtmlCacheBehavior [ RunTime:0.000000s ]
INFO: [ app_begin ] --END-- [ RunTime:0.000000s ]
NOTIC: D方法实例化没找到模型类Home\Model\IndexModel
ERR: 1146:Table 'guitar.guitar_index' doesn't exist
 [ SQL语句 ] : SHOW COLUMNS FROM `guitar_index`
ERR: 1146:Table 'guitar.guitar_index' doesn't exist
 [ SQL语句 ] : SHOW COLUMNS FROM `guitar_index`

[ 2017-08-25T10:36:38+08:00 ] 127.0.0.1 /index.php?m=Home&c=WeChat&a=index
INFO: [ app_init ] --START--
INFO: Run Behavior\BuildLiteBehavior [ RunTime:0.000000s ]
INFO: [ app_init ] --END-- [ RunTime:0.001000s ]
INFO: [ app_begin ] --START--
INFO: Run Behavior\ReadHtmlCacheBehavior [ RunTime:0.000000s ]
INFO: [ app_begin ] --END-- [ RunTime:0.000000s ]
NOTIC: D方法实例化没找到模型类Home\Model\IndexModel
ERR: 1146:Table 'guitar.index' doesn't exist
 [ SQL语句 ] : SHOW COLUMNS FROM `index`
ERR: 1146:Table 'guitar.index' doesn't exist
 [ SQL语句 ] : SHOW COLUMNS FROM `index`

[ 2017-08-25T10:36:44+08:00 ] 127.0.0.1 /index.php?m=Home&c=WeChat&a=index
INFO: [ app_init ] --START--
INFO: Run Behavior\BuildLiteBehavior [ RunTime:0.001001s ]
INFO: [ app_init ] --END-- [ RunTime:0.001001s ]
INFO: [ app_begin ] --START--
INFO: Run Behavior\ReadHtmlCacheBehavior [ RunTime:0.000000s ]
INFO: [ app_begin ] --END-- [ RunTime:0.000000s ]
NOTIC: D方法实例化没找到模型类Home\Model\IndexModel
ERR: 1146:Table 'guitar.index' doesn't exist
 [ SQL语句 ] : SHOW COLUMNS FROM `index`
ERR: 1146:Table 'guitar.index' doesn't exist
 [ SQL语句 ] : SHOW COLUMNS FROM `index`

[ 2017-08-25T10:37:15+08:00 ] 127.0.0.1 /index.php?m=Home&c=WeChat&a=index
INFO: [ app_init ] --START--
INFO: Run Behavior\BuildLiteBehavior [ RunTime:0.000000s ]
INFO: [ app_init ] --END-- [ RunTime:0.000000s ]
INFO: [ app_begin ] --START--
INFO: Run Behavior\ReadHtmlCacheBehavior [ RunTime:0.001000s ]
INFO: [ app_begin ] --END-- [ RunTime:0.001000s ]
NOTIC: D方法实例化没找到模型类Home\Model\IndexModel
ERR: 1146:Table 'guitar.index' doesn't exist
 [ SQL语句 ] : SHOW COLUMNS FROM `index`
ERR: 1146:Table 'guitar.index' doesn't exist
 [ SQL语句 ] : SHOW COLUMNS FROM `index`

[ 2017-08-25T10:37:16+08:00 ] 127.0.0.1 /index.php?m=Home&c=WeChat&a=index
INFO: [ app_init ] --START--
INFO: Run Behavior\BuildLiteBehavior [ RunTime:0.000000s ]
INFO: [ app_init ] --END-- [ RunTime:0.000000s ]
INFO: [ app_begin ] --START--
INFO: Run Behavior\ReadHtmlCacheBehavior [ RunTime:0.001000s ]
INFO: [ app_begin ] --END-- [ RunTime:0.001000s ]
NOTIC: D方法实例化没找到模型类Home\Model\IndexModel
ERR: 1146:Table 'guitar.index' doesn't exist
 [ SQL语句 ] : SHOW COLUMNS FROM `index`
ERR: 1146:Table 'guitar.index' doesn't exist
 [ SQL语句 ] : SHOW COLUMNS FROM `index`

[ 2017-08-25T10:37:16+08:00 ] 127.0.0.1 /index.php?m=Home&c=WeChat&a=index
INFO: [ app_init ] --START--
INFO: Run Behavior\BuildLiteBehavior [ RunTime:0.000000s ]
INFO: [ app_init ] --END-- [ RunTime:0.000000s ]
INFO: [ app_begin ] --START--
INFO: Run Behavior\ReadHtmlCacheBehavior [ RunTime:0.000000s ]
INFO: [ app_begin ] --END-- [ RunTime:0.000000s ]
NOTIC: D方法实例化没找到模型类Home\Model\IndexModel
ERR: 1146:Table 'guitar.index' doesn't exist
 [ SQL语句 ] : SHOW COLUMNS FROM `index`
ERR: 1146:Table 'guitar.index' doesn't exist
 [ SQL语句 ] : SHOW COLUMNS FROM `index`

[ 2017-08-25T10:37:39+08:00 ] 127.0.0.1 /index.php?m=Home&c=WeChat&a=index
INFO: [ app_init ] --START--
INFO: Run Behavior\BuildLiteBehavior [ RunTime:0.000000s ]
INFO: [ app_init ] --END-- [ RunTime:0.000000s ]
INFO: [ app_begin ] --START--
INFO: Run Behavior\ReadHtmlCacheBehavior [ RunTime:0.000000s ]
INFO: [ app_begin ] --END-- [ RunTime:0.000000s ]
NOTIC: D方法实例化没找到模型类Home\Model\IndexModel
ERR: 1146:Table 'guitar.index' doesn't exist
 [ SQL语句 ] : SHOW COLUMNS FROM `index`
ERR: 1146:Table 'guitar.index' doesn't exist
 [ SQL语句 ] : SHOW COLUMNS FROM `index`

[ 2017-08-25T10:37:40+08:00 ] 127.0.0.1 /index.php?m=Home&c=WeChat&a=index
INFO: [ app_init ] --START--
INFO: Run Behavior\BuildLiteBehavior [ RunTime:0.000000s ]
INFO: [ app_init ] --END-- [ RunTime:0.000000s ]
INFO: [ app_begin ] --START--
INFO: Run Behavior\ReadHtmlCacheBehavior [ RunTime:0.000000s ]
INFO: [ app_begin ] --END-- [ RunTime:0.000000s ]
NOTIC: D方法实例化没找到模型类Home\Model\IndexModel
ERR: 1146:Table 'guitar.index' doesn't exist
 [ SQL语句 ] : SHOW COLUMNS FROM `index`
ERR: 1146:Table 'guitar.index' doesn't exist
 [ SQL语句 ] : SHOW COLUMNS FROM `index`

[ 2017-08-25T10:37:43+08:00 ] 127.0.0.1 /index.php?m=Home&c=WeChat&a=index
INFO: [ app_init ] --START--
INFO: Run Behavior\BuildLiteBehavior [ RunTime:0.000000s ]
INFO: [ app_init ] --END-- [ RunTime:0.001000s ]
INFO: [ app_begin ] --START--
INFO: Run Behavior\ReadHtmlCacheBehavior [ RunTime:0.001000s ]
INFO: [ app_begin ] --END-- [ RunTime:0.001000s ]
NOTIC: D方法实例化没找到模型类Home\Model\IndexModel
ERR: 1146:Table 'guitar.index' doesn't exist
 [ SQL语句 ] : SHOW COLUMNS FROM `index`
ERR: 1146:Table 'guitar.index' doesn't exist
 [ SQL语句 ] : SHOW COLUMNS FROM `index`

[ 2017-08-25T10:38:14+08:00 ] 127.0.0.1 /index.php?m=Home&c=WeChat&a=index
INFO: [ app_init ] --START--
INFO: Run Behavior\BuildLiteBehavior [ RunTime:0.000000s ]
INFO: [ app_init ] --END-- [ RunTime:0.000000s ]
INFO: [ app_begin ] --START--
INFO: Run Behavior\ReadHtmlCacheBehavior [ RunTime:0.000000s ]
INFO: [ app_begin ] --END-- [ RunTime:0.000000s ]
NOTIC: D方法实例化没找到模型类Home\Model\RecommendModel
ERR: 1146:Table 'guitar.recommend' doesn't exist
 [ SQL语句 ] : SHOW COLUMNS FROM `recommend`
ERR: 1146:Table 'guitar.recommend' doesn't exist
 [ SQL语句 ] : SHOW COLUMNS FROM `recommend`

[ 2017-08-25T10:39:59+08:00 ] 127.0.0.1 /index.php?m=Home&c=WeChat&a=index
INFO: [ app_init ] --START--
INFO: Run Behavior\BuildLiteBehavior [ RunTime:0.000000s ]
INFO: [ app_init ] --END-- [ RunTime:0.000000s ]
INFO: [ app_begin ] --START--
INFO: Run Behavior\ReadHtmlCacheBehavior [ RunTime:0.000000s ]
INFO: [ app_begin ] --END-- [ RunTime:0.000000s ]
NOTIC: D方法实例化没找到模型类Home\Model\RecommendModel
ERR: 1146:Table 'guitar.recommend' doesn't exist
 [ SQL语句 ] : SHOW COLUMNS FROM `recommend`
ERR: 1146:Table 'guitar.recommend' doesn't exist
 [ SQL语句 ] : SHOW COLUMNS FROM `recommend`

[ 2017-08-25T10:40:00+08:00 ] 127.0.0.1 /index.php?m=Home&c=WeChat&a=index
INFO: [ app_init ] --START--
INFO: Run Behavior\BuildLiteBehavior [ RunTime:0.000000s ]
INFO: [ app_init ] --END-- [ RunTime:0.001000s ]
INFO: [ app_begin ] --START--
INFO: Run Behavior\ReadHtmlCacheBehavior [ RunTime:0.000000s ]
INFO: [ app_begin ] --END-- [ RunTime:0.000000s ]
NOTIC: D方法实例化没找到模型类Home\Model\RecommendModel
ERR: 1146:Table 'guitar.recommend' doesn't exist
 [ SQL语句 ] : SHOW COLUMNS FROM `recommend`
ERR: 1146:Table 'guitar.recommend' doesn't exist
 [ SQL语句 ] : SHOW COLUMNS FROM `recommend`

[ 2017-08-25T10:40:00+08:00 ] 127.0.0.1 /index.php?m=Home&c=WeChat&a=index
INFO: [ app_init ] --START--
INFO: Run Behavior\BuildLiteBehavior [ RunTime:0.000000s ]
INFO: [ app_init ] --END-- [ RunTime:0.000000s ]
INFO: [ app_begin ] --START--
INFO: Run Behavior\ReadHtmlCacheBehavior [ RunTime:0.001000s ]
INFO: [ app_begin ] --END-- [ RunTime:0.001000s ]
NOTIC: D方法实例化没找到模型类Home\Model\RecommendModel
ERR: 1146:Table 'guitar.recommend' doesn't exist
 [ SQL语句 ] : SHOW COLUMNS FROM `recommend`
ERR: 1146:Table 'guitar.recommend' doesn't exist
 [ SQL语句 ] : SHOW COLUMNS FROM `recommend`

[ 2017-08-25T10:40:00+08:00 ] 127.0.0.1 /index.php?m=Home&c=WeChat&a=index
INFO: [ app_init ] --START--
INFO: Run Behavior\BuildLiteBehavior [ RunTime:0.000000s ]
INFO: [ app_init ] --END-- [ RunTime:0.000000s ]
INFO: [ app_begin ] --START--
INFO: Run Behavior\ReadHtmlCacheBehavior [ RunTime:0.000000s ]
INFO: [ app_begin ] --END-- [ RunTime:0.001000s ]
NOTIC: D方法实例化没找到模型类Home\Model\RecommendModel
ERR: 1146:Table 'guitar.recommend' doesn't exist
 [ SQL语句 ] : SHOW COLUMNS FROM `recommend`
ERR: 1146:Table 'guitar.recommend' doesn't exist
 [ SQL语句 ] : SHOW COLUMNS FROM `recommend`

[ 2017-08-25T10:40:00+08:00 ] 127.0.0.1 /index.php?m=Home&c=WeChat&a=index
INFO: [ app_init ] --START--
INFO: Run Behavior\BuildLiteBehavior [ RunTime:0.000000s ]
INFO: [ app_init ] --END-- [ RunTime:0.001000s ]
INFO: [ app_begin ] --START--
INFO: Run Behavior\ReadHtmlCacheBehavior [ RunTime:0.000000s ]
INFO: [ app_begin ] --END-- [ RunTime:0.000000s ]
NOTIC: D方法实例化没找到模型类Home\Model\RecommendModel
ERR: 1146:Table 'guitar.recommend' doesn't exist
 [ SQL语句 ] : SHOW COLUMNS FROM `recommend`
ERR: 1146:Table 'guitar.recommend' doesn't exist
 [ SQL语句 ] : SHOW COLUMNS FROM `recommend`

[ 2017-08-25T10:40:01+08:00 ] 127.0.0.1 /index.php?m=Home&c=WeChat&a=index
INFO: [ app_init ] --START--
INFO: Run Behavior\BuildLiteBehavior [ RunTime:0.000000s ]
INFO: [ app_init ] --END-- [ RunTime:0.000000s ]
INFO: [ app_begin ] --START--
INFO: Run Behavior\ReadHtmlCacheBehavior [ RunTime:0.000000s ]
INFO: [ app_begin ] --END-- [ RunTime:0.000000s ]
NOTIC: D方法实例化没找到模型类Home\Model\RecommendModel
ERR: 1146:Table 'guitar.recommend' doesn't exist
 [ SQL语句 ] : SHOW COLUMNS FROM `recommend`
ERR: 1146:Table 'guitar.recommend' doesn't exist
 [ SQL语句 ] : SHOW COLUMNS FROM `recommend`

[ 2017-08-25T10:40:01+08:00 ] 127.0.0.1 /index.php?m=Home&c=WeChat&a=index
INFO: [ app_init ] --START--
INFO: Run Behavior\BuildLiteBehavior [ RunTime:0.000000s ]
INFO: [ app_init ] --END-- [ RunTime:0.000000s ]
INFO: [ app_begin ] --START--
INFO: Run Behavior\ReadHtmlCacheBehavior [ RunTime:0.001000s ]
INFO: [ app_begin ] --END-- [ RunTime:0.001000s ]
NOTIC: D方法实例化没找到模型类Home\Model\RecommendModel
ERR: 1146:Table 'guitar.recommend' doesn't exist
 [ SQL语句 ] : SHOW COLUMNS FROM `recommend`
ERR: 1146:Table 'guitar.recommend' doesn't exist
 [ SQL语句 ] : SHOW COLUMNS FROM `recommend`

[ 2017-08-25T10:40:01+08:00 ] 127.0.0.1 /index.php?m=Home&c=WeChat&a=index
INFO: [ app_init ] --START--
INFO: Run Behavior\BuildLiteBehavior [ RunTime:0.000000s ]
INFO: [ app_init ] --END-- [ RunTime:0.000000s ]
INFO: [ app_begin ] --START--
INFO: Run Behavior\ReadHtmlCacheBehavior [ RunTime:0.000000s ]
INFO: [ app_begin ] --END-- [ RunTime:0.000000s ]
NOTIC: D方法实例化没找到模型类Home\Model\RecommendModel
ERR: 1146:Table 'guitar.recommend' doesn't exist
 [ SQL语句 ] : SHOW COLUMNS FROM `recommend`
ERR: 1146:Table 'guitar.recommend' doesn't exist
 [ SQL语句 ] : SHOW COLUMNS FROM `recommend`

[ 2017-08-25T10:40:01+08:00 ] 127.0.0.1 /index.php?m=Home&c=WeChat&a=index
INFO: [ app_init ] --START--
INFO: Run Behavior\BuildLiteBehavior [ RunTime:0.000000s ]
INFO: [ app_init ] --END-- [ RunTime:0.000000s ]
INFO: [ app_begin ] --START--
INFO: Run Behavior\ReadHtmlCacheBehavior [ RunTime:0.000000s ]
INFO: [ app_begin ] --END-- [ RunTime:0.000000s ]
NOTIC: D方法实例化没找到模型类Home\Model\RecommendModel
ERR: 1146:Table 'guitar.recommend' doesn't exist
 [ SQL语句 ] : SHOW COLUMNS FROM `recommend`
ERR: 1146:Table 'guitar.recommend' doesn't exist
 [ SQL语句 ] : SHOW COLUMNS FROM `recommend`

[ 2017-08-25T10:40:13+08:00 ] 127.0.0.1 /index.php?m=Home&c=WeChat&a=index
INFO: [ app_init ] --START--
INFO: Run Behavior\BuildLiteBehavior [ RunTime:0.000000s ]
INFO: [ app_init ] --END-- [ RunTime:0.001000s ]
INFO: [ app_begin ] --START--
INFO: Run Behavior\ReadHtmlCacheBehavior [ RunTime:0.000000s ]
INFO: [ app_begin ] --END-- [ RunTime:0.000000s ]
ERR: 1146:Table 'guitar.recommend' doesn't exist
 [ SQL语句 ] : SHOW COLUMNS FROM `recommend`
ERR: 1146:Table 'guitar.recommend' doesn't exist
 [ SQL语句 ] : SHOW COLUMNS FROM `recommend`

[ 2017-08-25T10:40:13+08:00 ] 127.0.0.1 /index.php?m=Home&c=WeChat&a=index
INFO: [ app_init ] --START--
INFO: Run Behavior\BuildLiteBehavior [ RunTime:0.000000s ]
INFO: [ app_init ] --END-- [ RunTime:0.001000s ]
INFO: [ app_begin ] --START--
INFO: Run Behavior\ReadHtmlCacheBehavior [ RunTime:0.000000s ]
INFO: [ app_begin ] --END-- [ RunTime:0.000000s ]
ERR: 1146:Table 'guitar.recommend' doesn't exist
 [ SQL语句 ] : SHOW COLUMNS FROM `recommend`
ERR: 1146:Table 'guitar.recommend' doesn't exist
 [ SQL语句 ] : SHOW COLUMNS FROM `recommend`

[ 2017-08-25T10:40:13+08:00 ] 127.0.0.1 /index.php?m=Home&c=WeChat&a=index
INFO: [ app_init ] --START--
INFO: Run Behavior\BuildLiteBehavior [ RunTime:0.000000s ]
INFO: [ app_init ] --END-- [ RunTime:0.001000s ]
INFO: [ app_begin ] --START--
INFO: Run Behavior\ReadHtmlCacheBehavior [ RunTime:0.000000s ]
INFO: [ app_begin ] --END-- [ RunTime:0.000000s ]
ERR: 1146:Table 'guitar.recommend' doesn't exist
 [ SQL语句 ] : SHOW COLUMNS FROM `recommend`
ERR: 1146:Table 'guitar.recommend' doesn't exist
 [ SQL语句 ] : SHOW COLUMNS FROM `recommend`

[ 2017-08-25T10:40:13+08:00 ] 127.0.0.1 /index.php?m=Home&c=WeChat&a=index
INFO: [ app_init ] --START--
INFO: Run Behavior\BuildLiteBehavior [ RunTime:0.000000s ]
INFO: [ app_init ] --END-- [ RunTime:0.001000s ]
INFO: [ app_begin ] --START--
INFO: Run Behavior\ReadHtmlCacheBehavior [ RunTime:0.000000s ]
INFO: [ app_begin ] --END-- [ RunTime:0.000000s ]
ERR: 1146:Table 'guitar.recommend' doesn't exist
 [ SQL语句 ] : SHOW COLUMNS FROM `recommend`
ERR: 1146:Table 'guitar.recommend' doesn't exist
 [ SQL语句 ] : SHOW COLUMNS FROM `recommend`

[ 2017-08-25T10:40:18+08:00 ] 127.0.0.1 /index.php?m=Home&c=WeChat&a=index
INFO: [ app_init ] --START--
INFO: Run Behavior\BuildLiteBehavior [ RunTime:0.000000s ]
INFO: [ app_init ] --END-- [ RunTime:0.000000s ]
INFO: [ app_begin ] --START--
INFO: Run Behavior\ReadHtmlCacheBehavior [ RunTime:0.000000s ]
INFO: [ app_begin ] --END-- [ RunTime:0.000000s ]
ERR: 1146:Table 'guitar.recommend' doesn't exist
 [ SQL语句 ] : SHOW COLUMNS FROM `recommend`
ERR: 1146:Table 'guitar.recommend' doesn't exist
 [ SQL语句 ] : SHOW COLUMNS FROM `recommend`

[ 2017-08-25T10:40:18+08:00 ] 127.0.0.1 /index.php?m=Home&c=WeChat&a=index
INFO: [ app_init ] --START--
INFO: Run Behavior\BuildLiteBehavior [ RunTime:0.000000s ]
INFO: [ app_init ] --END-- [ RunTime:0.000000s ]
INFO: [ app_begin ] --START--
INFO: Run Behavior\ReadHtmlCacheBehavior [ RunTime:0.001000s ]
INFO: [ app_begin ] --END-- [ RunTime:0.001000s ]
ERR: 1146:Table 'guitar.recommend' doesn't exist
 [ SQL语句 ] : SHOW COLUMNS FROM `recommend`
ERR: 1146:Table 'guitar.recommend' doesn't exist
 [ SQL语句 ] : SHOW COLUMNS FROM `recommend`

[ 2017-08-25T10:40:18+08:00 ] 127.0.0.1 /index.php?m=Home&c=WeChat&a=index
INFO: [ app_init ] --START--
INFO: Run Behavior\BuildLiteBehavior [ RunTime:0.000000s ]
INFO: [ app_init ] --END-- [ RunTime:0.000000s ]
INFO: [ app_begin ] --START--
INFO: Run Behavior\ReadHtmlCacheBehavior [ RunTime:0.000000s ]
INFO: [ app_begin ] --END-- [ RunTime:0.000000s ]
ERR: 1146:Table 'guitar.recommend' doesn't exist
 [ SQL语句 ] : SHOW COLUMNS FROM `recommend`
ERR: 1146:Table 'guitar.recommend' doesn't exist
 [ SQL语句 ] : SHOW COLUMNS FROM `recommend`

[ 2017-08-25T10:40:19+08:00 ] 127.0.0.1 /index.php?m=Home&c=WeChat&a=index
INFO: [ app_init ] --START--
INFO: Run Behavior\BuildLiteBehavior [ RunTime:0.000000s ]
INFO: [ app_init ] --END-- [ RunTime:0.000000s ]
INFO: [ app_begin ] --START--
INFO: Run Behavior\ReadHtmlCacheBehavior [ RunTime:0.001000s ]
INFO: [ app_begin ] --END-- [ RunTime:0.001000s ]
ERR: 1146:Table 'guitar.recommend' doesn't exist
 [ SQL语句 ] : SHOW COLUMNS FROM `recommend`
ERR: 1146:Table 'guitar.recommend' doesn't exist
 [ SQL语句 ] : SHOW COLUMNS FROM `recommend`

[ 2017-08-25T10:41:15+08:00 ] 127.0.0.1 /index.php?m=Home&c=WeChat&a=index
INFO: [ app_init ] --START--
INFO: Run Behavior\BuildLiteBehavior [ RunTime:0.000000s ]
INFO: [ app_init ] --END-- [ RunTime:0.001000s ]
INFO: [ app_begin ] --START--
INFO: Run Behavior\ReadHtmlCacheBehavior [ RunTime:0.000000s ]
INFO: [ app_begin ] --END-- [ RunTime:0.000000s ]
SQL: SHOW COLUMNS FROM `guitar_recommend` [ RunTime:0.0330s ]
NOTIC: [4096] Object of class Think\Model could not be converted to string E:\test\WeChat\Application\Home\Controller\WeChatController.class.php 第 8 行.

[ 2017-08-25T10:41:43+08:00 ] 127.0.0.1 /index.php?m=Home&c=WeChat&a=index
INFO: [ app_init ] --START--
INFO: Run Behavior\BuildLiteBehavior [ RunTime:0.000000s ]
INFO: [ app_init ] --END-- [ RunTime:0.000000s ]
INFO: [ app_begin ] --START--
INFO: Run Behavior\ReadHtmlCacheBehavior [ RunTime:0.001000s ]
INFO: [ app_begin ] --END-- [ RunTime:0.001000s ]
SQL: SHOW COLUMNS FROM `guitar_recommend` [ RunTime:0.0020s ]
NOTIC: [4096] Object of class Think\Model could not be converted to string E:\test\WeChat\Application\Home\Controller\WeChatController.class.php 第 8 行.

[ 2017-08-25T10:41:43+08:00 ] 127.0.0.1 /index.php?m=Home&c=WeChat&a=index
INFO: [ app_init ] --START--
INFO: Run Behavior\BuildLiteBehavior [ RunTime:0.000000s ]
INFO: [ app_init ] --END-- [ RunTime:0.001000s ]
INFO: [ app_begin ] --START--
INFO: Run Behavior\ReadHtmlCacheBehavior [ RunTime:0.000000s ]
INFO: [ app_begin ] --END-- [ RunTime:0.000000s ]
SQL: SHOW COLUMNS FROM `guitar_recommend` [ RunTime:0.0020s ]
NOTIC: [4096] Object of class Think\Model could not be converted to string E:\test\WeChat\Application\Home\Controller\WeChatController.class.php 第 8 行.

[ 2017-08-25T10:41:44+08:00 ] 127.0.0.1 /index.php?m=Home&c=WeChat&a=index
INFO: [ app_init ] --START--
INFO: Run Behavior\BuildLiteBehavior [ RunTime:0.000000s ]
INFO: [ app_init ] --END-- [ RunTime:0.001000s ]
INFO: [ app_begin ] --START--
INFO: Run Behavior\ReadHtmlCacheBehavior [ RunTime:0.000000s ]
INFO: [ app_begin ] --END-- [ RunTime:0.000000s ]
SQL: SHOW COLUMNS FROM `guitar_recommend` [ RunTime:0.0010s ]
NOTIC: [4096] Object of class Think\Model could not be converted to string E:\test\WeChat\Application\Home\Controller\WeChatController.class.php 第 8 行.

[ 2017-08-25T10:41:44+08:00 ] 127.0.0.1 /index.php?m=Home&c=WeChat&a=index
INFO: [ app_init ] --START--
INFO: Run Behavior\BuildLiteBehavior [ RunTime:0.000000s ]
INFO: [ app_init ] --END-- [ RunTime:0.000000s ]
INFO: [ app_begin ] --START--
INFO: Run Behavior\ReadHtmlCacheBehavior [ RunTime:0.000000s ]
INFO: [ app_begin ] --END-- [ RunTime:0.000000s ]
SQL: SHOW COLUMNS FROM `guitar_recommend` [ RunTime:0.0020s ]
NOTIC: [4096] Object of class Think\Model could not be converted to string E:\test\WeChat\Application\Home\Controller\WeChatController.class.php 第 8 行.

[ 2017-08-25T10:41:50+08:00 ] 127.0.0.1 /index.php?m=Home&c=WeChat&a=index
INFO: [ app_init ] --START--
INFO: Run Behavior\BuildLiteBehavior [ RunTime:0.000000s ]
INFO: [ app_init ] --END-- [ RunTime:0.000000s ]
INFO: [ app_begin ] --START--
INFO: Run Behavior\ReadHtmlCacheBehavior [ RunTime:0.000000s ]
INFO: [ app_begin ] --END-- [ RunTime:0.000000s ]
SQL: SHOW COLUMNS FROM `guitar_recommend` [ RunTime:0.0030s ]
NOTIC: [4096] Object of class Think\Model could not be converted to string E:\test\WeChat\Application\Home\Controller\WeChatController.class.php 第 8 行.

[ 2017-08-25T10:41:51+08:00 ] 127.0.0.1 /index.php?m=Home&c=WeChat&a=index
INFO: [ app_init ] --START--
INFO: Run Behavior\BuildLiteBehavior [ RunTime:0.000000s ]
INFO: [ app_init ] --END-- [ RunTime:0.000000s ]
INFO: [ app_begin ] --START--
INFO: Run Behavior\ReadHtmlCacheBehavior [ RunTime:0.000000s ]
INFO: [ app_begin ] --END-- [ RunTime:0.000000s ]
SQL: SHOW COLUMNS FROM `guitar_recommend` [ RunTime:0.0030s ]
NOTIC: [4096] Object of class Think\Model could not be converted to string E:\test\WeChat\Application\Home\Controller\WeChatController.class.php 第 8 行.

[ 2017-08-25T10:41:51+08:00 ] 127.0.0.1 /index.php?m=Home&c=WeChat&a=index
INFO: [ app_init ] --START--
INFO: Run Behavior\BuildLiteBehavior [ RunTime:0.000000s ]
INFO: [ app_init ] --END-- [ RunTime:0.000000s ]
INFO: [ app_begin ] --START--
INFO: Run Behavior\ReadHtmlCacheBehavior [ RunTime:0.001000s ]
INFO: [ app_begin ] --END-- [ RunTime:0.001000s ]
SQL: SHOW COLUMNS FROM `guitar_recommend` [ RunTime:0.0020s ]
NOTIC: [4096] Object of class Think\Model could not be converted to string E:\test\WeChat\Application\Home\Controller\WeChatController.class.php 第 8 行.

[ 2017-08-25T10:41:51+08:00 ] 127.0.0.1 /index.php?m=Home&c=WeChat&a=index
INFO: [ app_init ] --START--
INFO: Run Behavior\BuildLiteBehavior [ RunTime:0.000000s ]
INFO: [ app_init ] --END-- [ RunTime:0.000000s ]
INFO: [ app_begin ] --START--
INFO: Run Behavior\ReadHtmlCacheBehavior [ RunTime:0.000000s ]
INFO: [ app_begin ] --END-- [ RunTime:0.000000s ]
SQL: SHOW COLUMNS FROM `guitar_recommend` [ RunTime:0.0020s ]
NOTIC: [4096] Object of class Think\Model could not be converted to string E:\test\WeChat\Application\Home\Controller\WeChatController.class.php 第 8 行.

[ 2017-08-25T10:41:59+08:00 ] 127.0.0.1 /index.php?m=Home&c=WeChat&a=index
INFO: [ app_init ] --START--
INFO: Run Behavior\BuildLiteBehavior [ RunTime:0.000000s ]
INFO: [ app_init ] --END-- [ RunTime:0.001000s ]
INFO: [ app_begin ] --START--
INFO: Run Behavior\ReadHtmlCacheBehavior [ RunTime:0.000000s ]
INFO: [ app_begin ] --END-- [ RunTime:0.000000s ]
SQL: SHOW COLUMNS FROM `guitar_recommend` [ RunTime:0.0020s ]
NOTIC: [4096] Object of class Think\Model could not be converted to string E:\test\WeChat\Application\Home\Controller\WeChatController.class.php 第 8 行.

[ 2017-08-25T10:42:10+08:00 ] 127.0.0.1 /index.php?m=Home&c=WeChat&a=index
INFO: [ app_init ] --START--
INFO: Run Behavior\BuildLiteBehavior [ RunTime:0.000000s ]
INFO: [ app_init ] --END-- [ RunTime:0.000000s ]
INFO: [ app_begin ] --START--
INFO: Run Behavior\ReadHtmlCacheBehavior [ RunTime:0.000000s ]
INFO: [ app_begin ] --END-- [ RunTime:0.000000s ]

[ 2017-08-25T10:42:10+08:00 ] 127.0.0.1 /index.php?m=Home&c=WeChat&a=index
INFO: [ app_init ] --START--
INFO: Run Behavior\BuildLiteBehavior [ RunTime:0.000000s ]
INFO: [ app_init ] --END-- [ RunTime:0.001000s ]
INFO: [ app_begin ] --START--
INFO: Run Behavior\ReadHtmlCacheBehavior [ RunTime:0.000000s ]
INFO: [ app_begin ] --END-- [ RunTime:0.000000s ]

[ 2017-08-25T10:42:11+08:00 ] 127.0.0.1 /index.php?m=Home&c=WeChat&a=index
INFO: [ app_init ] --START--
INFO: Run Behavior\BuildLiteBehavior [ RunTime:0.000000s ]
INFO: [ app_init ] --END-- [ RunTime:0.001000s ]
INFO: [ app_begin ] --START--
INFO: Run Behavior\ReadHtmlCacheBehavior [ RunTime:0.000000s ]
INFO: [ app_begin ] --END-- [ RunTime:0.000000s ]

[ 2017-08-25T10:42:12+08:00 ] 127.0.0.1 /index.php?m=Home&c=WeChat&a=index
INFO: [ app_init ] --START--
INFO: Run Behavior\BuildLiteBehavior [ RunTime:0.000000s ]
INFO: [ app_init ] --END-- [ RunTime:0.000000s ]
INFO: [ app_begin ] --START--
INFO: Run Behavior\ReadHtmlCacheBehavior [ RunTime:0.001000s ]
INFO: [ app_begin ] --END-- [ RunTime:0.001000s ]

[ 2017-08-25T10:42:15+08:00 ] 127.0.0.1 /index.php?m=Home&c=WeChat&a=index
INFO: [ app_init ] --START--
INFO: Run Behavior\BuildLiteBehavior [ RunTime:0.000000s ]
INFO: [ app_init ] --END-- [ RunTime:0.001000s ]
INFO: [ app_begin ] --START--
INFO: Run Behavior\ReadHtmlCacheBehavior [ RunTime:0.000000s ]
INFO: [ app_begin ] --END-- [ RunTime:0.000000s ]

[ 2017-08-25T10:42:55+08:00 ] 127.0.0.1 /index.php?m=Home&c=WeChat&a=index
INFO: [ app_init ] --START--
INFO: Run Behavior\BuildLiteBehavior [ RunTime:0.000000s ]
INFO: [ app_init ] --END-- [ RunTime:0.000000s ]
INFO: [ app_begin ] --START--
INFO: Run Behavior\ReadHtmlCacheBehavior [ RunTime:0.001000s ]
INFO: [ app_begin ] --END-- [ RunTime:0.001000s ]
SQL: SHOW COLUMNS FROM `guitar_recommend` [ RunTime:0.0020s ]
ERR: Think\Model:getIndexlist方法不存在！

[ 2017-08-25T10:43:07+08:00 ] 127.0.0.1 /index.php?m=Home&c=WeChat&a=index
INFO: [ app_init ] --START--
INFO: Run Behavior\BuildLiteBehavior [ RunTime:0.000000s ]
INFO: [ app_init ] --END-- [ RunTime:0.000000s ]
INFO: [ app_begin ] --START--
INFO: Run Behavior\ReadHtmlCacheBehavior [ RunTime:0.001000s ]
INFO: [ app_begin ] --END-- [ RunTime:0.001000s ]
SQL: SHOW COLUMNS FROM `guitar_recommend` [ RunTime:0.0030s ]
ERR: Think\Model:getIndexlist方法不存在！

[ 2017-08-25T10:43:09+08:00 ] 127.0.0.1 /index.php?m=Home&c=WeChat&a=index
INFO: [ app_init ] --START--
INFO: Run Behavior\BuildLiteBehavior [ RunTime:0.000000s ]
INFO: [ app_init ] --END-- [ RunTime:0.000000s ]
INFO: [ app_begin ] --START--
INFO: Run Behavior\ReadHtmlCacheBehavior [ RunTime:0.000000s ]
INFO: [ app_begin ] --END-- [ RunTime:0.000000s ]
SQL: SHOW COLUMNS FROM `guitar_recommend` [ RunTime:0.0030s ]
ERR: Think\Model:getIndexlist方法不存在！

[ 2017-08-25T10:43:09+08:00 ] 127.0.0.1 /index.php?m=Home&c=WeChat&a=index
INFO: [ app_init ] --START--
INFO: Run Behavior\BuildLiteBehavior [ RunTime:0.000000s ]
INFO: [ app_init ] --END-- [ RunTime:0.000000s ]
INFO: [ app_begin ] --START--
INFO: Run Behavior\ReadHtmlCacheBehavior [ RunTime:0.000000s ]
INFO: [ app_begin ] --END-- [ RunTime:0.000000s ]
SQL: SHOW COLUMNS FROM `guitar_recommend` [ RunTime:0.0030s ]
ERR: Think\Model:getIndexlist方法不存在！

[ 2017-08-25T10:43:44+08:00 ] 127.0.0.1 /index.php?m=Home&c=WeChat&a=index
INFO: [ app_init ] --START--
INFO: Run Behavior\BuildLiteBehavior [ RunTime:0.000000s ]
INFO: [ app_init ] --END-- [ RunTime:0.001000s ]
INFO: [ app_begin ] --START--
INFO: Run Behavior\ReadHtmlCacheBehavior [ RunTime:0.000000s ]
INFO: [ app_begin ] --END-- [ RunTime:0.000000s ]
NOTIC: D方法实例化没找到模型类Home\Model\RecommendModel
SQL: SHOW COLUMNS FROM `guitar_recommend` [ RunTime:0.0020s ]
ERR: Think\Model:getIndexlist方法不存在！

[ 2017-08-25T10:43:44+08:00 ] 127.0.0.1 /index.php?m=Home&c=WeChat&a=index
INFO: [ app_init ] --START--
INFO: Run Behavior\BuildLiteBehavior [ RunTime:0.000000s ]
INFO: [ app_init ] --END-- [ RunTime:0.000000s ]
INFO: [ app_begin ] --START--
INFO: Run Behavior\ReadHtmlCacheBehavior [ RunTime:0.000000s ]
INFO: [ app_begin ] --END-- [ RunTime:0.000000s ]
NOTIC: D方法实例化没找到模型类Home\Model\RecommendModel
SQL: SHOW COLUMNS FROM `guitar_recommend` [ RunTime:0.0020s ]
ERR: Think\Model:getIndexlist方法不存在！

[ 2017-08-25T10:43:44+08:00 ] 127.0.0.1 /index.php?m=Home&c=WeChat&a=index
INFO: [ app_init ] --START--
INFO: Run Behavior\BuildLiteBehavior [ RunTime:0.000000s ]
INFO: [ app_init ] --END-- [ RunTime:0.000000s ]
INFO: [ app_begin ] --START--
INFO: Run Behavior\ReadHtmlCacheBehavior [ RunTime:0.000000s ]
INFO: [ app_begin ] --END-- [ RunTime:0.000000s ]
NOTIC: D方法实例化没找到模型类Home\Model\RecommendModel
SQL: SHOW COLUMNS FROM `guitar_recommend` [ RunTime:0.0020s ]
ERR: Think\Model:getIndexlist方法不存在！

[ 2017-08-25T10:44:05+08:00 ] 127.0.0.1 /index.php?m=Home&c=WeChat&a=index
INFO: [ app_init ] --START--
INFO: Run Behavior\BuildLiteBehavior [ RunTime:0.000000s ]
INFO: [ app_init ] --END-- [ RunTime:0.000000s ]
INFO: [ app_begin ] --START--
INFO: Run Behavior\ReadHtmlCacheBehavior [ RunTime:0.000000s ]
INFO: [ app_begin ] --END-- [ RunTime:0.000000s ]
NOTIC: D方法实例化没找到模型类Home\Model\RecommendModel
SQL: SHOW COLUMNS FROM `guitar_recommend` [ RunTime:0.0020s ]

[ 2017-08-25T10:44:36+08:00 ] 127.0.0.1 /index.php?m=Home&c=WeChat&a=index
INFO: [ app_init ] --START--
INFO: Run Behavior\BuildLiteBehavior [ RunTime:0.000000s ]
INFO: [ app_init ] --END-- [ RunTime:0.000000s ]
INFO: [ app_begin ] --START--
INFO: Run Behavior\ReadHtmlCacheBehavior [ RunTime:0.000000s ]
INFO: [ app_begin ] --END-- [ RunTime:0.000000s ]
NOTIC: D方法实例化没找到模型类Home\Model\RecommendModel
SQL: SHOW COLUMNS FROM `guitar_recommend` [ RunTime:0.0020s ]

[ 2017-08-25T10:44:40+08:00 ] 127.0.0.1 /index.php?m=Home&c=WeChat&a=index
INFO: [ app_init ] --START--
INFO: Run Behavior\BuildLiteBehavior [ RunTime:0.000000s ]
INFO: [ app_init ] --END-- [ RunTime:0.000000s ]
INFO: [ app_begin ] --START--
INFO: Run Behavior\ReadHtmlCacheBehavior [ RunTime:0.000000s ]
INFO: [ app_begin ] --END-- [ RunTime:0.000000s ]
NOTIC: D方法实例化没找到模型类Home\Model\RecommendModel
SQL: SHOW COLUMNS FROM `guitar_recommend` [ RunTime:0.0020s ]
ERR: Think\Model:getIndexlist方法不存在！

[ 2017-08-25T10:44:50+08:00 ] 127.0.0.1 /index.php?m=Home&c=WeChat&a=index
INFO: [ app_init ] --START--
INFO: Run Behavior\BuildLiteBehavior [ RunTime:0.000000s ]
INFO: [ app_init ] --END-- [ RunTime:0.001000s ]
INFO: [ app_begin ] --START--
INFO: Run Behavior\ReadHtmlCacheBehavior [ RunTime:0.000000s ]
INFO: [ app_begin ] --END-- [ RunTime:0.000000s ]
NOTIC: D方法实例化没找到模型类Home\Model\RecommendModel
SQL: SHOW COLUMNS FROM `guitar_recommend` [ RunTime:0.0020s ]
ERR: Think\Model:getIndexlist方法不存在！

[ 2017-08-25T10:46:13+08:00 ] 127.0.0.1 /index.php?m=Home&c=WeChat&a=index
INFO: [ app_init ] --START--
INFO: Run Behavior\BuildLiteBehavior [ RunTime:0.000000s ]
INFO: [ app_init ] --END-- [ RunTime:0.001000s ]
INFO: [ app_begin ] --START--
INFO: Run Behavior\ReadHtmlCacheBehavior [ RunTime:0.000000s ]
INFO: [ app_begin ] --END-- [ RunTime:0.000000s ]

[ 2017-08-25T10:46:13+08:00 ] 127.0.0.1 /index.php?m=Home&c=WeChat&a=index
INFO: [ app_init ] --START--
INFO: Run Behavior\BuildLiteBehavior [ RunTime:0.000000s ]
INFO: [ app_init ] --END-- [ RunTime:0.000000s ]
INFO: [ app_begin ] --START--
INFO: Run Behavior\ReadHtmlCacheBehavior [ RunTime:0.000000s ]
INFO: [ app_begin ] --END-- [ RunTime:0.000000s ]

[ 2017-08-25T10:46:22+08:00 ] 127.0.0.1 /index.php?m=Home&c=WeChat&a=index
INFO: [ app_init ] --START--
INFO: Run Behavior\BuildLiteBehavior [ RunTime:0.000000s ]
INFO: [ app_init ] --END-- [ RunTime:0.000000s ]
INFO: [ app_begin ] --START--
INFO: Run Behavior\ReadHtmlCacheBehavior [ RunTime:0.001000s ]
INFO: [ app_begin ] --END-- [ RunTime:0.001000s ]

[ 2017-08-25T10:46:23+08:00 ] 127.0.0.1 /index.php?m=Home&c=WeChat&a=index
INFO: [ app_init ] --START--
INFO: Run Behavior\BuildLiteBehavior [ RunTime:0.000000s ]
INFO: [ app_init ] --END-- [ RunTime:0.000000s ]
INFO: [ app_begin ] --START--
INFO: Run Behavior\ReadHtmlCacheBehavior [ RunTime:0.000000s ]
INFO: [ app_begin ] --END-- [ RunTime:0.001001s ]

[ 2017-08-25T10:46:42+08:00 ] 127.0.0.1 /index.php?m=Home&c=WeChat&a=index
INFO: [ app_init ] --START--
INFO: Run Behavior\BuildLiteBehavior [ RunTime:0.000000s ]
INFO: [ app_init ] --END-- [ RunTime:0.001000s ]
INFO: [ app_begin ] --START--
INFO: Run Behavior\ReadHtmlCacheBehavior [ RunTime:0.001001s ]
INFO: [ app_begin ] --END-- [ RunTime:0.001001s ]

[ 2017-08-25T10:47:04+08:00 ] 127.0.0.1 /index.php?m=Home&c=WeChat&a=index
INFO: [ app_init ] --START--
INFO: Run Behavior\BuildLiteBehavior [ RunTime:0.000000s ]
INFO: [ app_init ] --END-- [ RunTime:0.000000s ]
INFO: [ app_begin ] --START--
INFO: Run Behavior\ReadHtmlCacheBehavior [ RunTime:0.001001s ]
INFO: [ app_begin ] --END-- [ RunTime:0.001001s ]

[ 2017-08-25T10:47:28+08:00 ] 127.0.0.1 /index.php?m=Home&c=WeChat&a=index
INFO: [ app_init ] --START--
INFO: Run Behavior\BuildLiteBehavior [ RunTime:0.000000s ]
INFO: [ app_init ] --END-- [ RunTime:0.000000s ]
INFO: [ app_begin ] --START--
INFO: Run Behavior\ReadHtmlCacheBehavior [ RunTime:0.000000s ]
INFO: [ app_begin ] --END-- [ RunTime:0.000000s ]

[ 2017-08-25T10:47:45+08:00 ] 127.0.0.1 /index.php?m=Home&c=WeChat&a=index
INFO: [ app_init ] --START--
INFO: Run Behavior\BuildLiteBehavior [ RunTime:0.000000s ]
INFO: [ app_init ] --END-- [ RunTime:0.001000s ]
INFO: [ app_begin ] --START--
INFO: Run Behavior\ReadHtmlCacheBehavior [ RunTime:0.000000s ]
INFO: [ app_begin ] --END-- [ RunTime:0.000000s ]

[ 2017-08-25T10:49:54+08:00 ] 127.0.0.1 /index.php?m=Home&c=WeChat&a=index
INFO: [ app_init ] --START--
INFO: Run Behavior\BuildLiteBehavior [ RunTime:0.000000s ]
INFO: [ app_init ] --END-- [ RunTime:0.000000s ]
INFO: [ app_begin ] --START--
INFO: Run Behavior\ReadHtmlCacheBehavior [ RunTime:0.001000s ]
INFO: [ app_begin ] --END-- [ RunTime:0.001000s ]

[ 2017-08-25T10:49:55+08:00 ] 127.0.0.1 /index.php?m=Home&c=WeChat&a=index
INFO: [ app_init ] --START--
INFO: Run Behavior\BuildLiteBehavior [ RunTime:0.000000s ]
INFO: [ app_init ] --END-- [ RunTime:0.000000s ]
INFO: [ app_begin ] --START--
INFO: Run Behavior\ReadHtmlCacheBehavior [ RunTime:0.000000s ]
INFO: [ app_begin ] --END-- [ RunTime:0.000000s ]

[ 2017-08-25T10:50:10+08:00 ] 127.0.0.1 /index.php?m=Home&c=WeChat&a=index
INFO: [ app_init ] --START--
INFO: Run Behavior\BuildLiteBehavior [ RunTime:0.000000s ]
INFO: [ app_init ] --END-- [ RunTime:0.000000s ]
INFO: [ app_begin ] --START--
INFO: Run Behavior\ReadHtmlCacheBehavior [ RunTime:0.000000s ]
INFO: [ app_begin ] --END-- [ RunTime:0.000000s ]
SQL: SHOW COLUMNS FROM `guitar_recommend` [ RunTime:0.0030s ]
SQL: SELECT * FROM guitar_recommend  [ RunTime:0.0060s ]

[ 2017-08-25T10:50:21+08:00 ] 127.0.0.1 /index.php?m=Home&c=WeChat&a=index
INFO: [ app_init ] --START--
INFO: Run Behavior\BuildLiteBehavior [ RunTime:0.000000s ]
INFO: [ app_init ] --END-- [ RunTime:0.000000s ]
INFO: [ app_begin ] --START--
INFO: Run Behavior\ReadHtmlCacheBehavior [ RunTime:0.000000s ]
INFO: [ app_begin ] --END-- [ RunTime:0.000000s ]
SQL: SHOW COLUMNS FROM `guitar_recommend` [ RunTime:0.0020s ]
SQL: SELECT * FROM guitar_recommend  [ RunTime:0.0000s ]
NOTIC: [8] Array to string conversion E:\test\WeChat\Application\Home\Controller\WeChatController.class.php 第 8 行.

[ 2017-08-25T10:50:48+08:00 ] 127.0.0.1 /index.php?m=Home&c=WeChat&a=index
INFO: [ app_init ] --START--
INFO: Run Behavior\BuildLiteBehavior [ RunTime:0.000000s ]
INFO: [ app_init ] --END-- [ RunTime:0.000000s ]
INFO: [ app_begin ] --START--
INFO: Run Behavior\ReadHtmlCacheBehavior [ RunTime:0.001000s ]
INFO: [ app_begin ] --END-- [ RunTime:0.001000s ]
SQL: SHOW COLUMNS FROM `guitar_recommend` [ RunTime:0.0030s ]
SQL: SELECT * FROM guitar_recommend  [ RunTime:0.0000s ]

[ 2017-08-25T10:51:33+08:00 ] 127.0.0.1 /index.php?m=Home&c=WeChat&a=index
INFO: [ app_init ] --START--
INFO: Run Behavior\BuildLiteBehavior [ RunTime:0.000000s ]
INFO: [ app_init ] --END-- [ RunTime:0.001000s ]
INFO: [ app_begin ] --START--
INFO: Run Behavior\ReadHtmlCacheBehavior [ RunTime:0.000000s ]
INFO: [ app_begin ] --END-- [ RunTime:0.000000s ]

[ 2017-08-25T10:51:56+08:00 ] 127.0.0.1 /index.php?m=Home&c=WeChat&a=index
INFO: [ app_init ] --START--
INFO: Run Behavior\BuildLiteBehavior [ RunTime:0.000000s ]
INFO: [ app_init ] --END-- [ RunTime:0.000000s ]
INFO: [ app_begin ] --START--
INFO: Run Behavior\ReadHtmlCacheBehavior [ RunTime:0.001000s ]
INFO: [ app_begin ] --END-- [ RunTime:0.001000s ]
SQL: SHOW COLUMNS FROM `guitar_recommend` [ RunTime:0.0040s ]
SQL: SELECT * FROM guitar_recommend  [ RunTime:0.0000s ]
NOTIC: [8] Array to string conversion E:\test\WeChat\Application\Home\Controller\WeChatController.class.php 第 8 行.

[ 2017-08-25T10:54:20+08:00 ] 127.0.0.1 /index.php?m=Home&c=WeChat&a=index
INFO: [ app_init ] --START--
INFO: Run Behavior\BuildLiteBehavior [ RunTime:0.000000s ]
INFO: [ app_init ] --END-- [ RunTime:0.000000s ]
INFO: [ app_begin ] --START--
INFO: Run Behavior\ReadHtmlCacheBehavior [ RunTime:0.000000s ]
INFO: [ app_begin ] --END-- [ RunTime:0.000000s ]
SQL: SHOW COLUMNS FROM `guitar_recommend` [ RunTime:0.0020s ]
SQL: SELECT * FROM guitar_recommend  [ RunTime:0.0000s ]
NOTIC: [8] Array to string conversion E:\test\WeChat\Application\Home\Model\RecommendModel.class.php 第 14 行.
NOTIC: [8] Array to string conversion E:\test\WeChat\Application\Home\Model\RecommendModel.class.php 第 14 行.
NOTIC: [8] Array to string conversion E:\test\WeChat\Application\Home\Model\RecommendModel.class.php 第 14 行.

[ 2017-08-25T10:55:43+08:00 ] 127.0.0.1 /index.php?m=Home&c=WeChat&a=index
INFO: [ app_init ] --START--
INFO: Run Behavior\BuildLiteBehavior [ RunTime:0.000000s ]
INFO: [ app_init ] --END-- [ RunTime:0.001000s ]
INFO: [ app_begin ] --START--
INFO: Run Behavior\ReadHtmlCacheBehavior [ RunTime:0.000000s ]
INFO: [ app_begin ] --END-- [ RunTime:0.000000s ]
SQL: SHOW COLUMNS FROM `guitar_recommend` [ RunTime:0.0090s ]
SQL: SELECT * FROM guitar_recommend  [ RunTime:0.0000s ]

[ 2017-08-25T10:55:56+08:00 ] 127.0.0.1 /index.php?m=Home&c=WeChat&a=index
INFO: [ app_init ] --START--
INFO: Run Behavior\BuildLiteBehavior [ RunTime:0.000000s ]
INFO: [ app_init ] --END-- [ RunTime:0.000000s ]
INFO: [ app_begin ] --START--
INFO: Run Behavior\ReadHtmlCacheBehavior [ RunTime:0.001000s ]
INFO: [ app_begin ] --END-- [ RunTime:0.001000s ]
SQL: SHOW COLUMNS FROM `guitar_recommend` [ RunTime:0.0020s ]
SQL: SELECT * FROM guitar_recommend  [ RunTime:0.0000s ]

[ 2017-08-25T10:56:02+08:00 ] 127.0.0.1 /index.php?m=Home&c=WeChat&a=index
INFO: [ app_init ] --START--
INFO: Run Behavior\BuildLiteBehavior [ RunTime:0.000000s ]
INFO: [ app_init ] --END-- [ RunTime:0.000000s ]
INFO: [ app_begin ] --START--
INFO: Run Behavior\ReadHtmlCacheBehavior [ RunTime:0.001000s ]
INFO: [ app_begin ] --END-- [ RunTime:0.001000s ]
SQL: SHOW COLUMNS FROM `guitar_recommend` [ RunTime:0.0020s ]
SQL: SELECT * FROM guitar_recommend  [ RunTime:0.0000s ]
NOTIC: [8] Use of undefined constant id - assumed 'id' E:\test\WeChat\Application\Home\Model\RecommendModel.class.php 第 16 行.
NOTIC: [8] Array to string conversion E:\test\WeChat\Application\Home\Model\RecommendModel.class.php 第 16 行.

[ 2017-08-25T10:56:10+08:00 ] 127.0.0.1 /index.php?m=Home&c=WeChat&a=index
INFO: [ app_init ] --START--
INFO: Run Behavior\BuildLiteBehavior [ RunTime:0.000000s ]
INFO: [ app_init ] --END-- [ RunTime:0.000000s ]
INFO: [ app_begin ] --START--
INFO: Run Behavior\ReadHtmlCacheBehavior [ RunTime:0.000000s ]
INFO: [ app_begin ] --END-- [ RunTime:0.000000s ]
SQL: SHOW COLUMNS FROM `guitar_recommend` [ RunTime:0.0020s ]
SQL: SELECT * FROM guitar_recommend  [ RunTime:0.0010s ]

[ 2017-08-25T10:56:16+08:00 ] 127.0.0.1 /index.php?m=Home&c=WeChat&a=index
INFO: [ app_init ] --START--
INFO: Run Behavior\BuildLiteBehavior [ RunTime:0.000000s ]
INFO: [ app_init ] --END-- [ RunTime:0.000000s ]
INFO: [ app_begin ] --START--
INFO: Run Behavior\ReadHtmlCacheBehavior [ RunTime:0.000000s ]
INFO: [ app_begin ] --END-- [ RunTime:0.000000s ]
SQL: SHOW COLUMNS FROM `guitar_recommend` [ RunTime:0.0030s ]
SQL: SELECT * FROM guitar_recommend  [ RunTime:0.0000s ]
NOTIC: [8] Use of undefined constant id - assumed 'id' E:\test\WeChat\Application\Home\Model\RecommendModel.class.php 第 16 行.
NOTIC: [8] Array to string conversion E:\test\WeChat\Application\Home\Model\RecommendModel.class.php 第 16 行.

[ 2017-08-25T10:56:20+08:00 ] 127.0.0.1 /index.php?m=Home&c=WeChat&a=index
INFO: [ app_init ] --START--
INFO: Run Behavior\BuildLiteBehavior [ RunTime:0.000000s ]
INFO: [ app_init ] --END-- [ RunTime:0.001000s ]
INFO: [ app_begin ] --START--
INFO: Run Behavior\ReadHtmlCacheBehavior [ RunTime:0.001001s ]
INFO: [ app_begin ] --END-- [ RunTime:0.001001s ]
SQL: SHOW COLUMNS FROM `guitar_recommend` [ RunTime:0.0020s ]
SQL: SELECT * FROM guitar_recommend  [ RunTime:0.0010s ]
NOTIC: [8] Use of undefined constant name - assumed 'name' E:\test\WeChat\Application\Home\Model\RecommendModel.class.php 第 16 行.
NOTIC: [8] Undefined index: name E:\test\WeChat\Application\Home\Model\RecommendModel.class.php 第 16 行.

[ 2017-08-25T10:56:25+08:00 ] 127.0.0.1 /index.php?m=Home&c=WeChat&a=index
INFO: [ app_init ] --START--
INFO: Run Behavior\BuildLiteBehavior [ RunTime:0.000000s ]
INFO: [ app_init ] --END-- [ RunTime:0.001000s ]
INFO: [ app_begin ] --START--
INFO: Run Behavior\ReadHtmlCacheBehavior [ RunTime:0.000000s ]
INFO: [ app_begin ] --END-- [ RunTime:0.000000s ]
SQL: SHOW COLUMNS FROM `guitar_recommend` [ RunTime:0.0020s ]
SQL: SELECT * FROM guitar_recommend  [ RunTime:0.0000s ]
NOTIC: [8] Use of undefined constant title - assumed 'title' E:\test\WeChat\Application\Home\Model\RecommendModel.class.php 第 16 行.

[ 2017-08-25T11:03:32+08:00 ] 127.0.0.1 /index.php?m=Home&c=WeChat&a=index
INFO: [ app_init ] --START--
INFO: Run Behavior\BuildLiteBehavior [ RunTime:0.000000s ]
INFO: [ app_init ] --END-- [ RunTime:0.000000s ]
INFO: [ app_begin ] --START--
INFO: Run Behavior\ReadHtmlCacheBehavior [ RunTime:0.001000s ]
INFO: [ app_begin ] --END-- [ RunTime:0.001000s ]
SQL: SHOW COLUMNS FROM `guitar_recommend` [ RunTime:0.0020s ]
SQL: SELECT title, time, src, content FROM guitar_recommend  [ RunTime:0.0000s ]

[ 2017-08-25T11:04:04+08:00 ] 127.0.0.1 /index.php?m=Home&c=WeChat&a=index
INFO: [ app_init ] --START--
INFO: Run Behavior\BuildLiteBehavior [ RunTime:0.000000s ]
INFO: [ app_init ] --END-- [ RunTime:0.000000s ]
INFO: [ app_begin ] --START--
INFO: Run Behavior\ReadHtmlCacheBehavior [ RunTime:0.000000s ]
INFO: [ app_begin ] --END-- [ RunTime:0.000000s ]
SQL: SHOW COLUMNS FROM `guitar_recommend` [ RunTime:0.0030s ]
SQL: SELECT title, time, src, content FROM guitar_recommend  [ RunTime:0.0010s ]
NOTIC: [8] Array to string conversion E:\test\WeChat\Application\Home\Controller\WeChatController.class.php 第 8 行.

[ 2017-08-25T11:04:20+08:00 ] 127.0.0.1 /index.php?m=Home&c=WeChat&a=index
INFO: [ app_init ] --START--
INFO: Run Behavior\BuildLiteBehavior [ RunTime:0.000000s ]
INFO: [ app_init ] --END-- [ RunTime:0.000000s ]
INFO: [ app_begin ] --START--
INFO: Run Behavior\ReadHtmlCacheBehavior [ RunTime:0.000000s ]
INFO: [ app_begin ] --END-- [ RunTime:0.000000s ]
SQL: SHOW COLUMNS FROM `guitar_recommend` [ RunTime:0.0020s ]
SQL: SELECT title, time, src, content FROM guitar_recommend  [ RunTime:0.0010s ]

[ 2017-08-25T11:04:58+08:00 ] 127.0.0.1 /index.php?m=Home&c=WeChat&a=index
INFO: [ app_init ] --START--
INFO: Run Behavior\BuildLiteBehavior [ RunTime:0.000000s ]
INFO: [ app_init ] --END-- [ RunTime:0.001000s ]
INFO: [ app_begin ] --START--
INFO: Run Behavior\ReadHtmlCacheBehavior [ RunTime:0.000000s ]
INFO: [ app_begin ] --END-- [ RunTime:0.000000s ]
SQL: SHOW COLUMNS FROM `guitar_recommend` [ RunTime:0.0020s ]
SQL: SELECT id, title, time, src, content FROM guitar_recommend  [ RunTime:0.0000s ]

[ 2017-08-25T11:05:07+08:00 ] 127.0.0.1 /index.php?m=Home&c=WeChat&a=index
INFO: [ app_init ] --START--
INFO: Run Behavior\BuildLiteBehavior [ RunTime:0.000000s ]
INFO: [ app_init ] --END-- [ RunTime:0.000000s ]
INFO: [ app_begin ] --START--
INFO: Run Behavior\ReadHtmlCacheBehavior [ RunTime:0.001000s ]
INFO: [ app_begin ] --END-- [ RunTime:0.001000s ]
SQL: SHOW COLUMNS FROM `guitar_recommend` [ RunTime:0.0020s ]
SQL: SELECT id, title, time, src, content FROM guitar_recommend  [ RunTime:0.0000s ]

[ 2017-08-25T11:20:04+08:00 ] 127.0.0.1 /index.php?m=Home&c=WeChat&a=index
INFO: [ app_init ] --START--
INFO: Run Behavior\BuildLiteBehavior [ RunTime:0.000000s ]
INFO: [ app_init ] --END-- [ RunTime:0.000000s ]
INFO: [ app_begin ] --START--
INFO: Run Behavior\ReadHtmlCacheBehavior [ RunTime:0.000000s ]
INFO: [ app_begin ] --END-- [ RunTime:0.000000s ]
ERR: SQLSTATE[HY000] [1045] Access denied for user 'root'@'121.101.208.18' (using password: YES)

[ 2017-08-25T11:37:44+08:00 ] 127.0.0.1 /index.php?m=Home&c=WeChat&a=index
INFO: [ app_init ] --START--
INFO: Run Behavior\BuildLiteBehavior [ RunTime:0.000000s ]
INFO: [ app_init ] --END-- [ RunTime:0.000000s ]
INFO: [ app_begin ] --START--
INFO: Run Behavior\ReadHtmlCacheBehavior [ RunTime:0.000000s ]
INFO: [ app_begin ] --END-- [ RunTime:0.000000s ]
SQL: SHOW COLUMNS FROM `guitar_recommend` [ RunTime:0.0060s ]
SQL: SELECT id, title, time, img, content FROM guitar_recommend  [ RunTime:0.0070s ]
NOTIC: [8] Undefined index: content E:\test\WeChat\Application\Home\Model\RecommendModel.class.php 第 13 行.

[ 2017-08-25T11:38:17+08:00 ] 127.0.0.1 /index.php?m=Home&c=WeChat&a=index
INFO: [ app_init ] --START--
INFO: Run Behavior\BuildLiteBehavior [ RunTime:0.000000s ]
INFO: [ app_init ] --END-- [ RunTime:0.000000s ]
INFO: [ app_begin ] --START--
INFO: Run Behavior\ReadHtmlCacheBehavior [ RunTime:0.000000s ]
INFO: [ app_begin ] --END-- [ RunTime:0.000000s ]
SQL: SHOW COLUMNS FROM `guitar_recommend` [ RunTime:0.0060s ]
SQL: SELECT id, title, time, img, content FROM guitar_recommend  [ RunTime:0.0050s ]

[ 2017-08-25T11:38:18+08:00 ] 127.0.0.1 /index.php?m=Home&c=WeChat&a=index
INFO: [ app_init ] --START--
INFO: Run Behavior\BuildLiteBehavior [ RunTime:0.000000s ]
INFO: [ app_init ] --END-- [ RunTime:0.000000s ]
INFO: [ app_begin ] --START--
INFO: Run Behavior\ReadHtmlCacheBehavior [ RunTime:0.000000s ]
INFO: [ app_begin ] --END-- [ RunTime:0.000000s ]
SQL: SHOW COLUMNS FROM `guitar_recommend` [ RunTime:0.0070s ]
SQL: SELECT id, title, time, img, content FROM guitar_recommend  [ RunTime:0.0060s ]

[ 2017-08-25T11:38:19+08:00 ] 127.0.0.1 /index.php?m=Home&c=WeChat&a=index
INFO: [ app_init ] --START--
INFO: Run Behavior\BuildLiteBehavior [ RunTime:0.000000s ]
INFO: [ app_init ] --END-- [ RunTime:0.001000s ]
INFO: [ app_begin ] --START--
INFO: Run Behavior\ReadHtmlCacheBehavior [ RunTime:0.000000s ]
INFO: [ app_begin ] --END-- [ RunTime:0.000000s ]
SQL: SHOW COLUMNS FROM `guitar_recommend` [ RunTime:0.0090s ]
SQL: SELECT id, title, time, img, content FROM guitar_recommend  [ RunTime:0.0080s ]

[ 2017-08-25T11:38:20+08:00 ] 127.0.0.1 /index.php?m=Home&c=WeChat&a=index
INFO: [ app_init ] --START--
INFO: Run Behavior\BuildLiteBehavior [ RunTime:0.000000s ]
INFO: [ app_init ] --END-- [ RunTime:0.000000s ]
INFO: [ app_begin ] --START--
INFO: Run Behavior\ReadHtmlCacheBehavior [ RunTime:0.000000s ]
INFO: [ app_begin ] --END-- [ RunTime:0.000000s ]
SQL: SHOW COLUMNS FROM `guitar_recommend` [ RunTime:0.0070s ]
SQL: SELECT id, title, time, img, content FROM guitar_recommend  [ RunTime:0.0060s ]

[ 2017-08-25T11:38:47+08:00 ] 127.0.0.1 /index.php?m=Home&c=WeChat&a=index
INFO: [ app_init ] --START--
INFO: Run Behavior\BuildLiteBehavior [ RunTime:0.000000s ]
INFO: [ app_init ] --END-- [ RunTime:0.001001s ]
INFO: [ app_begin ] --START--
INFO: Run Behavior\ReadHtmlCacheBehavior [ RunTime:0.000000s ]
INFO: [ app_begin ] --END-- [ RunTime:0.000000s ]
SQL: SHOW COLUMNS FROM `guitar_recommend` [ RunTime:0.0050s ]
SQL: SELECT id, title, time, img, content FROM guitar_recommend  [ RunTime:0.0050s ]
NOTIC: [8] Undefined index: content E:\test\WeChat\Application\Home\Model\RecommendModel.class.php 第 13 行.

[ 2017-08-25T11:38:54+08:00 ] 127.0.0.1 /index.php?m=Home&c=WeChat&a=index
INFO: [ app_init ] --START--
INFO: Run Behavior\BuildLiteBehavior [ RunTime:0.000000s ]
INFO: [ app_init ] --END-- [ RunTime:0.000000s ]
INFO: [ app_begin ] --START--
INFO: Run Behavior\ReadHtmlCacheBehavior [ RunTime:0.000000s ]
INFO: [ app_begin ] --END-- [ RunTime:0.000000s ]
SQL: SHOW COLUMNS FROM `guitar_recommend` [ RunTime:0.0070s ]
SQL: SELECT id, title, time, img, content FROM guitar_recommend  [ RunTime:0.0070s ]
NOTIC: [8] Undefined index: content E:\test\WeChat\Application\Home\Model\RecommendModel.class.php 第 13 行.

[ 2017-08-25T14:14:28+08:00 ] 127.0.0.1 /index.php?m=Home&c=WeChat&a=index
INFO: [ app_init ] --START--
INFO: Run Behavior\BuildLiteBehavior [ RunTime:0.000000s ]
INFO: [ app_init ] --END-- [ RunTime:0.000000s ]
INFO: [ app_begin ] --START--
INFO: Run Behavior\ReadHtmlCacheBehavior [ RunTime:0.000000s ]
INFO: [ app_begin ] --END-- [ RunTime:0.000000s ]

[ 2017-08-25T14:14:39+08:00 ] 127.0.0.1 /index.php?m=Home&c=WeChat&a=index
INFO: [ app_init ] --START--
INFO: Run Behavior\BuildLiteBehavior [ RunTime:0.000000s ]
INFO: [ app_init ] --END-- [ RunTime:0.000000s ]
INFO: [ app_begin ] --START--
INFO: Run Behavior\ReadHtmlCacheBehavior [ RunTime:0.000000s ]
INFO: [ app_begin ] --END-- [ RunTime:0.000000s ]

[ 2017-08-25T14:46:27+08:00 ] 127.0.0.1 /index.php?m=Home&c=WeChat&a=index
INFO: [ app_init ] --START--
INFO: Run Behavior\BuildLiteBehavior [ RunTime:0.000000s ]
INFO: [ app_init ] --END-- [ RunTime:0.000000s ]
INFO: [ app_begin ] --START--
INFO: Run Behavior\ReadHtmlCacheBehavior [ RunTime:0.000000s ]
INFO: [ app_begin ] --END-- [ RunTime:0.000000s ]
SQL: SHOW COLUMNS FROM `guitar_recommend` [ RunTime:0.0080s ]
SQL: SELECT id, title, time, img, content FROM guitar_recommend  [ RunTime:0.0070s ]
NOTIC: [8] Array to string conversion E:\test\WeChat\Application\Home\Model\RecommendModel.class.php 第 14 行.
NOTIC: [8] Array to string conversion E:\test\WeChat\Application\Home\Model\RecommendModel.class.php 第 14 行.
NOTIC: [8] Array to string conversion E:\test\WeChat\Application\Home\Model\RecommendModel.class.php 第 14 行.

[ 2017-08-25T14:51:42+08:00 ] 127.0.0.1 /index.php?m=Home&c=WeChat&a=index
INFO: [ app_init ] --START--
INFO: Run Behavior\BuildLiteBehavior [ RunTime:0.000000s ]
INFO: [ app_init ] --END-- [ RunTime:0.000000s ]
INFO: [ app_begin ] --START--
INFO: Run Behavior\ReadHtmlCacheBehavior [ RunTime:0.000000s ]
INFO: [ app_begin ] --END-- [ RunTime:0.000000s ]
SQL: SHOW COLUMNS FROM `guitar_recommend` [ RunTime:0.0070s ]
SQL: SELECT id, title, time, img, content FROM guitar_recommend  [ RunTime:0.0070s ]

[ 2017-08-25T14:51:43+08:00 ] 127.0.0.1 /index.php?m=Home&c=WeChat&a=index
INFO: [ app_init ] --START--
INFO: Run Behavior\BuildLiteBehavior [ RunTime:0.000000s ]
INFO: [ app_init ] --END-- [ RunTime:0.000000s ]
INFO: [ app_begin ] --START--
INFO: Run Behavior\ReadHtmlCacheBehavior [ RunTime:0.001000s ]
INFO: [ app_begin ] --END-- [ RunTime:0.001000s ]
SQL: SHOW COLUMNS FROM `guitar_recommend` [ RunTime:0.0060s ]
SQL: SELECT id, title, time, img, content FROM guitar_recommend  [ RunTime:0.0060s ]

[ 2017-08-25T14:51:44+08:00 ] 127.0.0.1 /index.php?m=Home&c=WeChat&a=index
INFO: [ app_init ] --START--
INFO: Run Behavior\BuildLiteBehavior [ RunTime:0.000000s ]
INFO: [ app_init ] --END-- [ RunTime:0.001000s ]
INFO: [ app_begin ] --START--
INFO: Run Behavior\ReadHtmlCacheBehavior [ RunTime:0.000000s ]
INFO: [ app_begin ] --END-- [ RunTime:0.000000s ]
SQL: SHOW COLUMNS FROM `guitar_recommend` [ RunTime:0.0060s ]
SQL: SELECT id, title, time, img, content FROM guitar_recommend  [ RunTime:0.0050s ]

[ 2017-08-25T14:51:57+08:00 ] 127.0.0.1 /index.php?m=Home&c=WeChat&a=index
INFO: [ app_init ] --START--
INFO: Run Behavior\BuildLiteBehavior [ RunTime:0.000000s ]
INFO: [ app_init ] --END-- [ RunTime:0.000000s ]
INFO: [ app_begin ] --START--
INFO: Run Behavior\ReadHtmlCacheBehavior [ RunTime:0.000000s ]
INFO: [ app_begin ] --END-- [ RunTime:0.000000s ]
SQL: SHOW COLUMNS FROM `guitar_recommend` [ RunTime:0.0100s ]
SQL: SELECT id, title, time, img, content FROM guitar_recommend  [ RunTime:0.0100s ]
NOTIC: [8] Array to string conversion E:\test\WeChat\Application\Home\Model\RecommendModel.class.php 第 14 行.
NOTIC: [8] Array to string conversion E:\test\WeChat\Application\Home\Model\RecommendModel.class.php 第 14 行.
NOTIC: [8] Array to string conversion E:\test\WeChat\Application\Home\Model\RecommendModel.class.php 第 14 行.

[ 2017-08-25T14:52:20+08:00 ] 127.0.0.1 /index.php?m=Home&c=WeChat&a=index
INFO: [ app_init ] --START--
INFO: Run Behavior\BuildLiteBehavior [ RunTime:0.000000s ]
INFO: [ app_init ] --END-- [ RunTime:0.000000s ]
INFO: [ app_begin ] --START--
INFO: Run Behavior\ReadHtmlCacheBehavior [ RunTime:0.000000s ]
INFO: [ app_begin ] --END-- [ RunTime:0.000000s ]
SQL: SHOW COLUMNS FROM `guitar_recommend` [ RunTime:0.0070s ]
SQL: SELECT id, title, time, img, content FROM guitar_recommend  [ RunTime:0.0070s ]
NOTIC: [8] Array to string conversion E:\test\WeChat\Application\Home\Model\RecommendModel.class.php 第 16 行.

[ 2017-08-25T14:53:32+08:00 ] 127.0.0.1 /index.php?m=Home&c=WeChat&a=index
INFO: [ app_init ] --START--
INFO: Run Behavior\BuildLiteBehavior [ RunTime:0.000000s ]
INFO: [ app_init ] --END-- [ RunTime:0.000000s ]
INFO: [ app_begin ] --START--
INFO: Run Behavior\ReadHtmlCacheBehavior [ RunTime:0.000000s ]
INFO: [ app_begin ] --END-- [ RunTime:0.000000s ]
SQL: SHOW COLUMNS FROM `guitar_recommend` [ RunTime:0.0060s ]
SQL: SELECT id, title, time, img, content FROM guitar_recommend  [ RunTime:0.0060s ]
NOTIC: [8] Undefined offset: 0 E:\test\WeChat\Application\Home\Model\RecommendModel.class.php 第 16 行.

[ 2017-08-25T14:53:43+08:00 ] 127.0.0.1 /index.php?m=Home&c=WeChat&a=index
INFO: [ app_init ] --START--
INFO: Run Behavior\BuildLiteBehavior [ RunTime:0.000000s ]
INFO: [ app_init ] --END-- [ RunTime:0.001001s ]
INFO: [ app_begin ] --START--
INFO: Run Behavior\ReadHtmlCacheBehavior [ RunTime:0.000000s ]
INFO: [ app_begin ] --END-- [ RunTime:0.000000s ]
SQL: SHOW COLUMNS FROM `guitar_recommend` [ RunTime:0.0130s ]
SQL: SELECT id, title, time, img, content FROM guitar_recommend  [ RunTime:0.0140s ]
NOTIC: [8] Undefined offset: 0 E:\test\WeChat\Application\Home\Model\RecommendModel.class.php 第 16 行.

[ 2017-08-25T14:53:44+08:00 ] 127.0.0.1 /index.php?m=Home&c=WeChat&a=index
INFO: [ app_init ] --START--
INFO: Run Behavior\BuildLiteBehavior [ RunTime:0.000000s ]
INFO: [ app_init ] --END-- [ RunTime:0.000000s ]
INFO: [ app_begin ] --START--
INFO: Run Behavior\ReadHtmlCacheBehavior [ RunTime:0.000000s ]
INFO: [ app_begin ] --END-- [ RunTime:0.000000s ]
SQL: SHOW COLUMNS FROM `guitar_recommend` [ RunTime:0.0150s ]
SQL: SELECT id, title, time, img, content FROM guitar_recommend  [ RunTime:0.0080s ]
NOTIC: [8] Undefined offset: 0 E:\test\WeChat\Application\Home\Model\RecommendModel.class.php 第 16 行.

[ 2017-08-25T14:53:51+08:00 ] 127.0.0.1 /index.php?m=Home&c=WeChat&a=index
INFO: [ app_init ] --START--
INFO: Run Behavior\BuildLiteBehavior [ RunTime:0.000000s ]
INFO: [ app_init ] --END-- [ RunTime:0.000000s ]
INFO: [ app_begin ] --START--
INFO: Run Behavior\ReadHtmlCacheBehavior [ RunTime:0.000000s ]
INFO: [ app_begin ] --END-- [ RunTime:0.000000s ]
SQL: SHOW COLUMNS FROM `guitar_recommend` [ RunTime:0.0070s ]
SQL: SELECT id, title, time, img, content FROM guitar_recommend  [ RunTime:0.0080s ]
NOTIC: [8] Undefined offset: 1 E:\test\WeChat\Application\Home\Model\RecommendModel.class.php 第 16 行.

[ 2017-08-25T14:53:55+08:00 ] 127.0.0.1 /index.php?m=Home&c=WeChat&a=index
INFO: [ app_init ] --START--
INFO: Run Behavior\BuildLiteBehavior [ RunTime:0.000000s ]
INFO: [ app_init ] --END-- [ RunTime:0.000000s ]
INFO: [ app_begin ] --START--
INFO: Run Behavior\ReadHtmlCacheBehavior [ RunTime:0.000000s ]
INFO: [ app_begin ] --END-- [ RunTime:0.000000s ]
SQL: SHOW COLUMNS FROM `guitar_recommend` [ RunTime:0.0090s ]
SQL: SELECT id, title, time, img, content FROM guitar_recommend  [ RunTime:0.0060s ]
NOTIC: [8] Array to string conversion E:\test\WeChat\Application\Home\Model\RecommendModel.class.php 第 16 行.

[ 2017-08-25T14:54:15+08:00 ] 127.0.0.1 /index.php?m=Home&c=WeChat&a=index
INFO: [ app_init ] --START--
INFO: Run Behavior\BuildLiteBehavior [ RunTime:0.000000s ]
INFO: [ app_init ] --END-- [ RunTime:0.000000s ]
INFO: [ app_begin ] --START--
INFO: Run Behavior\ReadHtmlCacheBehavior [ RunTime:0.001000s ]
INFO: [ app_begin ] --END-- [ RunTime:0.001000s ]
SQL: SHOW COLUMNS FROM `guitar_recommend` [ RunTime:0.0070s ]
SQL: SELECT id, title, time, img, content FROM guitar_recommend  [ RunTime:0.0100s ]
NOTIC: [8] Array to string conversion E:\test\WeChat\Application\Home\Model\RecommendModel.class.php 第 14 行.
NOTIC: [8] Array to string conversion E:\test\WeChat\Application\Home\Model\RecommendModel.class.php 第 14 行.
NOTIC: [8] Array to string conversion E:\test\WeChat\Application\Home\Model\RecommendModel.class.php 第 14 行.

[ 2017-08-25T14:54:34+08:00 ] 127.0.0.1 /index.php?m=Home&c=WeChat&a=index
INFO: [ app_init ] --START--
INFO: Run Behavior\BuildLiteBehavior [ RunTime:0.000000s ]
INFO: [ app_init ] --END-- [ RunTime:0.000000s ]
INFO: [ app_begin ] --START--
INFO: Run Behavior\ReadHtmlCacheBehavior [ RunTime:0.000000s ]
INFO: [ app_begin ] --END-- [ RunTime:0.000000s ]
SQL: SHOW COLUMNS FROM `guitar_recommend` [ RunTime:0.0050s ]
SQL: SELECT id, title, time, img, content FROM guitar_recommend  [ RunTime:0.0060s ]
NOTIC: [8] Undefined offset: 0 E:\test\WeChat\Application\Home\Model\RecommendModel.class.php 第 14 行.
NOTIC: [8] Undefined offset: 0 E:\test\WeChat\Application\Home\Model\RecommendModel.class.php 第 14 行.
NOTIC: [8] Undefined offset: 0 E:\test\WeChat\Application\Home\Model\RecommendModel.class.php 第 14 行.

[ 2017-08-25T14:54:39+08:00 ] 127.0.0.1 /index.php?m=Home&c=WeChat&a=index
INFO: [ app_init ] --START--
INFO: Run Behavior\BuildLiteBehavior [ RunTime:0.000000s ]
INFO: [ app_init ] --END-- [ RunTime:0.000000s ]
INFO: [ app_begin ] --START--
INFO: Run Behavior\ReadHtmlCacheBehavior [ RunTime:0.001000s ]
INFO: [ app_begin ] --END-- [ RunTime:0.001000s ]
SQL: SHOW COLUMNS FROM `guitar_recommend` [ RunTime:0.0310s ]
SQL: SELECT id, title, time, img, content FROM guitar_recommend  [ RunTime:0.1070s ]
NOTIC: [8] Undefined offset: 1 E:\test\WeChat\Application\Home\Model\RecommendModel.class.php 第 14 行.
NOTIC: [8] Undefined offset: 1 E:\test\WeChat\Application\Home\Model\RecommendModel.class.php 第 14 行.
NOTIC: [8] Undefined offset: 1 E:\test\WeChat\Application\Home\Model\RecommendModel.class.php 第 14 行.

[ 2017-08-25T14:54:43+08:00 ] 127.0.0.1 /index.php?m=Home&c=WeChat&a=index
INFO: [ app_init ] --START--
INFO: Run Behavior\BuildLiteBehavior [ RunTime:0.000000s ]
INFO: [ app_init ] --END-- [ RunTime:0.000000s ]
INFO: [ app_begin ] --START--
INFO: Run Behavior\ReadHtmlCacheBehavior [ RunTime:0.000000s ]
INFO: [ app_begin ] --END-- [ RunTime:0.000000s ]
SQL: SHOW COLUMNS FROM `guitar_recommend` [ RunTime:0.0120s ]
SQL: SELECT id, title, time, img, content FROM guitar_recommend  [ RunTime:0.0090s ]

[ 2017-08-25T14:54:43+08:00 ] 127.0.0.1 /index.php?m=Home&c=WeChat&a=index
INFO: [ app_init ] --START--
INFO: Run Behavior\BuildLiteBehavior [ RunTime:0.000000s ]
INFO: [ app_init ] --END-- [ RunTime:0.000000s ]
INFO: [ app_begin ] --START--
INFO: Run Behavior\ReadHtmlCacheBehavior [ RunTime:0.000000s ]
INFO: [ app_begin ] --END-- [ RunTime:0.000000s ]
SQL: SHOW COLUMNS FROM `guitar_recommend` [ RunTime:0.0070s ]
SQL: SELECT id, title, time, img, content FROM guitar_recommend  [ RunTime:0.0070s ]

[ 2017-08-25T14:54:44+08:00 ] 127.0.0.1 /index.php?m=Home&c=WeChat&a=index
INFO: [ app_init ] --START--
INFO: Run Behavior\BuildLiteBehavior [ RunTime:0.000000s ]
INFO: [ app_init ] --END-- [ RunTime:0.000000s ]
INFO: [ app_begin ] --START--
INFO: Run Behavior\ReadHtmlCacheBehavior [ RunTime:0.000000s ]
INFO: [ app_begin ] --END-- [ RunTime:0.000000s ]
SQL: SHOW COLUMNS FROM `guitar_recommend` [ RunTime:0.0060s ]
SQL: SELECT id, title, time, img, content FROM guitar_recommend  [ RunTime:0.0090s ]

[ 2017-08-25T14:55:10+08:00 ] 127.0.0.1 /index.php?m=Home&c=WeChat&a=index
INFO: [ app_init ] --START--
INFO: Run Behavior\BuildLiteBehavior [ RunTime:0.000000s ]
INFO: [ app_init ] --END-- [ RunTime:0.000000s ]
INFO: [ app_begin ] --START--
INFO: Run Behavior\ReadHtmlCacheBehavior [ RunTime:0.000000s ]
INFO: [ app_begin ] --END-- [ RunTime:0.000000s ]
SQL: SHOW COLUMNS FROM `guitar_recommend` [ RunTime:0.0070s ]
SQL: SELECT id, title, time, img, content FROM guitar_recommend  [ RunTime:0.0080s ]

[ 2017-08-25T14:55:38+08:00 ] 127.0.0.1 /index.php?m=Home&c=WeChat&a=index
INFO: [ app_init ] --START--
INFO: Run Behavior\BuildLiteBehavior [ RunTime:0.000000s ]
INFO: [ app_init ] --END-- [ RunTime:0.001000s ]
INFO: [ app_begin ] --START--
INFO: Run Behavior\ReadHtmlCacheBehavior [ RunTime:0.000000s ]
INFO: [ app_begin ] --END-- [ RunTime:0.000000s ]
SQL: SHOW COLUMNS FROM `guitar_recommend` [ RunTime:0.0150s ]
SQL: SELECT id, title, time, img, content FROM guitar_recommend  [ RunTime:0.0170s ]

[ 2017-08-25T14:56:12+08:00 ] 127.0.0.1 /index.php?m=Home&c=WeChat&a=index
INFO: [ app_init ] --START--
INFO: Run Behavior\BuildLiteBehavior [ RunTime:0.000000s ]
INFO: [ app_init ] --END-- [ RunTime:0.000000s ]
INFO: [ app_begin ] --START--
INFO: Run Behavior\ReadHtmlCacheBehavior [ RunTime:0.000000s ]
INFO: [ app_begin ] --END-- [ RunTime:0.000000s ]
SQL: SHOW COLUMNS FROM `guitar_recommend` [ RunTime:0.0070s ]
SQL: SELECT id, title, time, img, content FROM guitar_recommend  [ RunTime:0.0060s ]
NOTIC: [8] Array to string conversion E:\test\WeChat\Application\Home\Model\RecommendModel.class.php 第 15 行.

[ 2017-08-25T14:56:22+08:00 ] 127.0.0.1 /index.php?m=Home&c=WeChat&a=index
INFO: [ app_init ] --START--
INFO: Run Behavior\BuildLiteBehavior [ RunTime:0.000000s ]
INFO: [ app_init ] --END-- [ RunTime:0.001000s ]
INFO: [ app_begin ] --START--
INFO: Run Behavior\ReadHtmlCacheBehavior [ RunTime:0.001000s ]
INFO: [ app_begin ] --END-- [ RunTime:0.001000s ]
SQL: SHOW COLUMNS FROM `guitar_recommend` [ RunTime:0.0060s ]
SQL: SELECT id, title, time, img, content FROM guitar_recommend  [ RunTime:0.0070s ]

