[ 2017-11-15T16:15:31+08:00 ] ::1 /WeChat/
INFO: [ app_init ] --START--
INFO: Run Behavior\BuildLiteBehavior [ RunTime:0.000000s ]
INFO: [ app_init ] --END-- [ RunTime:0.002000s ]
INFO: [ app_begin ] --START--
INFO: Run Behavior\ReadHtmlCacheBehavior [ RunTime:0.002000s ]
INFO: [ app_begin ] --END-- [ RunTime:0.003000s ]
INFO: [ view_parse ] --START--
INFO: [ template_filter ] --START--
INFO: Run Behavior\ContentReplaceBehavior [ RunTime:0.009000s ]
INFO: [ template_filter ] --END-- [ RunTime:0.009000s ]
INFO: Run Behavior\ParseTemplateBehavior [ RunTime:0.032000s ]
INFO: [ view_parse ] --END-- [ RunTime:0.032000s ]
INFO: [ view_filter ] --START--
INFO: Run Behavior\WriteHtmlCacheBehavior [ RunTime:0.001000s ]
INFO: [ view_filter ] --END-- [ RunTime:0.002000s ]
INFO: [ app_end ] --START--
INFO: Run Behavior\ShowPageTraceBehavior [ RunTime:0.001000s ]
INFO: [ app_end ] --END-- [ RunTime:0.001000s ]

[ 2017-11-15T16:16:56+08:00 ] ::1 /WeChat//index.php?m=Home&c=Proposal&a=getProposal&page=1
INFO: [ app_init ] --START--
INFO: Run Behavior\BuildLiteBehavior [ RunTime:0.000000s ]
INFO: [ app_init ] --END-- [ RunTime:0.000000s ]
INFO: [ app_begin ] --START--
INFO: Run Behavior\ReadHtmlCacheBehavior [ RunTime:0.001000s ]
INFO: [ app_begin ] --END-- [ RunTime:0.001000s ]
SQL: SHOW COLUMNS FROM `guitar_proposal` [ RunTime:0.0080s ]
SQL: SELECT nickName,avatarUrl,comment,create_time,z,guitar_proposal.id FROM guitar_user INNER JOIN guitar_proposal ON guitar_user.id = guitar_proposal.userid and guitar_proposal.flag = 1  ORDER BY z desc LIMIT 3 [ RunTime:0.0070s ]
SQL: SELECT id from guitar_proposal ORDER BY z desc LIMIT 3 [ RunTime:0.0050s ]
SQL: SELECT nickName,avatarUrl,comment,create_time,z,guitar_proposal.id from guitar_user INNER JOIN guitar_proposal ON guitar_user.id = guitar_proposal.userid and guitar_proposal.flag = 1 and guitar_proposal.id not in (2,7,6) ORDER BY create_time desc LIMIT 0,10 [ RunTime:0.0060s ]

[ 2017-11-15T16:17:00+08:00 ] ::1 /WeChat//index.php?m=Home&c=Proposal&a=zProposal
INFO: [ app_init ] --START--
INFO: Run Behavior\BuildLiteBehavior [ RunTime:0.000000s ]
INFO: [ app_init ] --END-- [ RunTime:0.001000s ]
INFO: [ app_begin ] --START--
INFO: Run Behavior\ReadHtmlCacheBehavior [ RunTime:0.000000s ]
INFO: [ app_begin ] --END-- [ RunTime:0.000000s ]
SQL: SHOW COLUMNS FROM `guitar_proposal` [ RunTime:0.0050s ]
SQL: SHOW COLUMNS FROM `guitar_proposal` [ RunTime:0.0050s ]
SQL: UPDATE `guitar_proposal` SET `z`=z+1 WHERE ( id=2 ) [ RunTime:0.0080s ]
NOTIC: [8] Undefined index: status D:\Software\WampServer\wamp\www\WeChat\Application\Home\Model\ProposalModel.class.php 第 78 行.

[ 2017-11-15T16:25:27+08:00 ] ::1 /WeChat//index.php?m=Home&c=Proposal&a=getProposal&page=1
INFO: [ app_init ] --START--
INFO: Run Behavior\BuildLiteBehavior [ RunTime:0.000000s ]
INFO: [ app_init ] --END-- [ RunTime:0.000000s ]
INFO: [ app_begin ] --START--
INFO: Run Behavior\ReadHtmlCacheBehavior [ RunTime:0.000000s ]
INFO: [ app_begin ] --END-- [ RunTime:0.000000s ]
SQL: SHOW COLUMNS FROM `guitar_proposal` [ RunTime:0.0060s ]
SQL: SELECT nickName,avatarUrl,comment,create_time,z,guitar_proposal.id FROM guitar_user INNER JOIN guitar_proposal ON guitar_user.id = guitar_proposal.userid and guitar_proposal.flag = 1  ORDER BY z desc LIMIT 3 [ RunTime:0.0090s ]
SQL: SELECT id from guitar_proposal ORDER BY z desc LIMIT 3 [ RunTime:0.0050s ]
SQL: SELECT nickName,avatarUrl,comment,create_time,z,guitar_proposal.id from guitar_user INNER JOIN guitar_proposal ON guitar_user.id = guitar_proposal.userid and guitar_proposal.flag = 1 and guitar_proposal.id not in (2,7,6) ORDER BY create_time desc LIMIT 0,10 [ RunTime:0.0090s ]

[ 2017-11-15T16:25:29+08:00 ] ::1 /WeChat//index.php?m=Home&c=Proposal&a=zProposal
INFO: [ app_init ] --START--
INFO: Run Behavior\BuildLiteBehavior [ RunTime:0.000000s ]
INFO: [ app_init ] --END-- [ RunTime:0.001000s ]
INFO: [ app_begin ] --START--
INFO: Run Behavior\ReadHtmlCacheBehavior [ RunTime:0.000000s ]
INFO: [ app_begin ] --END-- [ RunTime:0.001000s ]
SQL: SHOW COLUMNS FROM `guitar_proposal` [ RunTime:0.0080s ]
SQL: SHOW COLUMNS FROM `guitar_proposal` [ RunTime:0.0050s ]
SQL: UPDATE `guitar_proposal` SET `z`=z+1 WHERE ( id=2 ) [ RunTime:0.0100s ]
NOTIC: [8] Undefined index: status D:\Software\WampServer\wamp\www\WeChat\Application\Home\Model\ProposalModel.class.php 第 78 行.

[ 2017-11-15T16:26:07+08:00 ] ::1 /WeChat//index.php?m=Home&c=Proposal&a=getProposal&page=1
INFO: [ app_init ] --START--
INFO: Run Behavior\BuildLiteBehavior [ RunTime:0.000000s ]
INFO: [ app_init ] --END-- [ RunTime:0.000000s ]
INFO: [ app_begin ] --START--
INFO: Run Behavior\ReadHtmlCacheBehavior [ RunTime:0.000000s ]
INFO: [ app_begin ] --END-- [ RunTime:0.000000s ]
SQL: SHOW COLUMNS FROM `guitar_proposal` [ RunTime:0.0060s ]
SQL: SELECT nickName,avatarUrl,comment,create_time,z,guitar_proposal.id FROM guitar_user INNER JOIN guitar_proposal ON guitar_user.id = guitar_proposal.userid and guitar_proposal.flag = 1  ORDER BY z desc LIMIT 3 [ RunTime:0.0060s ]
SQL: SELECT id from guitar_proposal ORDER BY z desc LIMIT 3 [ RunTime:0.0050s ]
SQL: SELECT nickName,avatarUrl,comment,create_time,z,guitar_proposal.id from guitar_user INNER JOIN guitar_proposal ON guitar_user.id = guitar_proposal.userid and guitar_proposal.flag = 1 and guitar_proposal.id not in (2,7,6) ORDER BY create_time desc LIMIT 0,10 [ RunTime:0.0050s ]

[ 2017-11-15T16:26:13+08:00 ] ::1 /WeChat//index.php?m=Home&c=Proposal&a=zProposal
INFO: [ app_init ] --START--
INFO: Run Behavior\BuildLiteBehavior [ RunTime:0.000000s ]
INFO: [ app_init ] --END-- [ RunTime:0.000000s ]
INFO: [ app_begin ] --START--
INFO: Run Behavior\ReadHtmlCacheBehavior [ RunTime:0.001000s ]
INFO: [ app_begin ] --END-- [ RunTime:0.001000s ]
SQL: SHOW COLUMNS FROM `guitar_proposal` [ RunTime:0.0050s ]
SQL: SHOW COLUMNS FROM `guitar_proposal` [ RunTime:0.0050s ]
SQL: UPDATE `guitar_proposal` SET `z`=z+1 WHERE ( id=2 ) [ RunTime:0.0070s ]
NOTIC: [8] Undefined index: status D:\Software\WampServer\wamp\www\WeChat\Application\Home\Model\ProposalModel.class.php 第 78 行.

[ 2017-11-15T16:30:25+08:00 ] ::1 /WeChat//index.php?m=Home&c=Proposal&a=getProposal&page=1
INFO: [ app_init ] --START--
INFO: Run Behavior\BuildLiteBehavior [ RunTime:0.000000s ]
INFO: [ app_init ] --END-- [ RunTime:0.000000s ]
INFO: [ app_begin ] --START--
INFO: Run Behavior\ReadHtmlCacheBehavior [ RunTime:0.000000s ]
INFO: [ app_begin ] --END-- [ RunTime:0.001000s ]
SQL: SHOW COLUMNS FROM `guitar_proposal` [ RunTime:0.0060s ]
SQL: SELECT nickName,avatarUrl,comment,create_time,z,guitar_proposal.id FROM guitar_user INNER JOIN guitar_proposal ON guitar_user.id = guitar_proposal.userid and guitar_proposal.flag = 1  ORDER BY z desc LIMIT 3 [ RunTime:0.0060s ]
SQL: SELECT id from guitar_proposal ORDER BY z desc LIMIT 3 [ RunTime:0.0050s ]
SQL: SELECT nickName,avatarUrl,comment,create_time,z,guitar_proposal.id from guitar_user INNER JOIN guitar_proposal ON guitar_user.id = guitar_proposal.userid and guitar_proposal.flag = 1 and guitar_proposal.id not in (2,7,6) ORDER BY create_time desc LIMIT 0,10 [ RunTime:0.0050s ]

[ 2017-11-15T16:30:48+08:00 ] ::1 /WeChat//index.php?m=Home&c=Proposal&a=zProposal
INFO: [ app_init ] --START--
INFO: Run Behavior\BuildLiteBehavior [ RunTime:0.000000s ]
INFO: [ app_init ] --END-- [ RunTime:0.001000s ]
INFO: [ app_begin ] --START--
INFO: Run Behavior\ReadHtmlCacheBehavior [ RunTime:0.000000s ]
INFO: [ app_begin ] --END-- [ RunTime:0.001001s ]
SQL: SHOW COLUMNS FROM `guitar_proposal` [ RunTime:0.0040s ]
SQL: SHOW COLUMNS FROM `guitar_proposal` [ RunTime:0.0040s ]
SQL: UPDATE `guitar_proposal` SET `z`=z+1 WHERE ( id=2 ) [ RunTime:0.0060s ]
NOTIC: [8] Undefined index: status D:\Software\WampServer\wamp\www\WeChat\Application\Home\Model\ProposalModel.class.php 第 78 行.

[ 2017-11-15T16:32:23+08:00 ] ::1 /WeChat//index.php?m=Home&c=Proposal&a=getProposal&page=1
INFO: [ app_init ] --START--
INFO: Run Behavior\BuildLiteBehavior [ RunTime:0.000000s ]
INFO: [ app_init ] --END-- [ RunTime:0.001000s ]
INFO: [ app_begin ] --START--
INFO: Run Behavior\ReadHtmlCacheBehavior [ RunTime:0.000000s ]
INFO: [ app_begin ] --END-- [ RunTime:0.000000s ]
SQL: SHOW COLUMNS FROM `guitar_proposal` [ RunTime:0.0050s ]
SQL: SELECT nickName,avatarUrl,comment,create_time,z,guitar_proposal.id FROM guitar_user INNER JOIN guitar_proposal ON guitar_user.id = guitar_proposal.userid and guitar_proposal.flag = 1  ORDER BY z desc LIMIT 3 [ RunTime:0.0060s ]
SQL: SELECT id from guitar_proposal ORDER BY z desc LIMIT 3 [ RunTime:0.0060s ]
SQL: SELECT nickName,avatarUrl,comment,create_time,z,guitar_proposal.id from guitar_user INNER JOIN guitar_proposal ON guitar_user.id = guitar_proposal.userid and guitar_proposal.flag = 1 and guitar_proposal.id not in (2,7,6) ORDER BY create_time desc LIMIT 0,10 [ RunTime:0.0060s ]

[ 2017-11-15T16:32:29+08:00 ] ::1 /WeChat//index.php?m=Home&c=Proposal&a=zProposal
INFO: [ app_init ] --START--
INFO: Run Behavior\BuildLiteBehavior [ RunTime:0.000000s ]
INFO: [ app_init ] --END-- [ RunTime:0.001000s ]
INFO: [ app_begin ] --START--
INFO: Run Behavior\ReadHtmlCacheBehavior [ RunTime:0.001000s ]
INFO: [ app_begin ] --END-- [ RunTime:0.001000s ]
SQL: SHOW COLUMNS FROM `guitar_proposal` [ RunTime:0.0050s ]
SQL: SHOW COLUMNS FROM `guitar_proposal` [ RunTime:0.0050s ]
SQL: UPDATE `guitar_proposal` SET `z`=z+1 WHERE ( id=2 ) [ RunTime:0.0070s ]

[ 2017-11-15T16:36:20+08:00 ] ::1 /WeChat//index.php?m=Home&c=Proposal&a=getProposal&page=1
INFO: [ app_init ] --START--
INFO: Run Behavior\BuildLiteBehavior [ RunTime:0.000000s ]
INFO: [ app_init ] --END-- [ RunTime:0.000000s ]
INFO: [ app_begin ] --START--
INFO: Run Behavior\ReadHtmlCacheBehavior [ RunTime:0.000000s ]
INFO: [ app_begin ] --END-- [ RunTime:0.001000s ]
SQL: SHOW COLUMNS FROM `guitar_proposal` [ RunTime:0.0150s ]
SQL: SELECT nickName,avatarUrl,comment,create_time,z,guitar_proposal.id FROM guitar_user INNER JOIN guitar_proposal ON guitar_user.id = guitar_proposal.userid and guitar_proposal.flag = 1  ORDER BY z desc LIMIT 3 [ RunTime:0.0110s ]
SQL: SELECT id from guitar_proposal ORDER BY z desc LIMIT 3 [ RunTime:0.0180s ]
SQL: SELECT nickName,avatarUrl,comment,create_time,z,guitar_proposal.id from guitar_user INNER JOIN guitar_proposal ON guitar_user.id = guitar_proposal.userid and guitar_proposal.flag = 1 and guitar_proposal.id not in (2,7,6) ORDER BY create_time desc LIMIT 0,10 [ RunTime:0.0200s ]

[ 2017-11-15T17:41:27+08:00 ] ::1 /WeChat//index.php?m=Home&c=Proposal&a=getProposal&page=1
INFO: [ app_init ] --START--
INFO: Run Behavior\BuildLiteBehavior [ RunTime:0.000000s ]
INFO: [ app_init ] --END-- [ RunTime:0.000000s ]
INFO: [ app_begin ] --START--
INFO: Run Behavior\ReadHtmlCacheBehavior [ RunTime:0.000000s ]
INFO: [ app_begin ] --END-- [ RunTime:0.001000s ]

[ 2017-11-15T17:41:41+08:00 ] ::1 /WeChat//index.php?m=Home&c=Proposal&a=getProposal&page=1
INFO: [ app_init ] --START--
INFO: Run Behavior\BuildLiteBehavior [ RunTime:0.000000s ]
INFO: [ app_init ] --END-- [ RunTime:0.001000s ]
INFO: [ app_begin ] --START--
INFO: Run Behavior\ReadHtmlCacheBehavior [ RunTime:0.001000s ]
INFO: [ app_begin ] --END-- [ RunTime:0.001000s ]
SQL: SHOW COLUMNS FROM `guitar_proposal` [ RunTime:0.0070s ]
SQL: SELECT nickName,avatarUrl,comment,guitar_proposal.create_time,z,guitar_proposal.id,guitar_attitude.proposal_status FROM (guitar_user INNER JOIN guitar_proposal ON guitar_user.id = guitar_proposal.userid and guitar_proposal.flag = 1) INNER JOIN guitar_attitude ON guitar_user.id = guitar_attitude.user_id ORDER BY z desc LIMIT 3 [ RunTime:0.0060s ]
SQL: SELECT id from guitar_proposal ORDER BY z desc LIMIT 3 [ RunTime:0.0050s ]
ERR: 1052:Column 'create_time' in field list is ambiguous
 [ SQL语句 ] : SELECT nickName,avatarUrl,comment,create_time,z,guitar_proposal.id,guitar_attitude.proposal_status
            from guitar_user INNER JOIN guitar_proposal INNER JOIN guitar_attitude
            ON guitar_user.id = guitar_proposal.userid and guitar_proposal.flag = 1 and guitar_proposal.id
            not in (2,7,6) ORDER BY create_time desc LIMIT 0,10
ERR: 1052:Column 'create_time' in field list is ambiguous
 [ SQL语句 ] : SELECT nickName,avatarUrl,comment,create_time,z,guitar_proposal.id,guitar_attitude.proposal_status
            from guitar_user INNER JOIN guitar_proposal INNER JOIN guitar_attitude
            ON guitar_user.id = guitar_proposal.userid and guitar_proposal.flag = 1 and guitar_proposal.id
            not in (2,7,6) ORDER BY create_time desc LIMIT 0,10

[ 2017-11-15T17:42:29+08:00 ] ::1 /WeChat//index.php?m=Home&c=Proposal&a=getProposal&page=1
INFO: [ app_init ] --START--
INFO: Run Behavior\BuildLiteBehavior [ RunTime:0.000000s ]
INFO: [ app_init ] --END-- [ RunTime:0.001000s ]
INFO: [ app_begin ] --START--
INFO: Run Behavior\ReadHtmlCacheBehavior [ RunTime:0.000000s ]
INFO: [ app_begin ] --END-- [ RunTime:0.000000s ]
SQL: SHOW COLUMNS FROM `guitar_proposal` [ RunTime:0.0040s ]
SQL: SELECT nickName,avatarUrl,comment,create_time,z,guitar_proposal.id FROM guitar_user INNER JOIN guitar_proposal ON guitar_user.id = guitar_proposal.userid and guitar_proposal.flag = 1  ORDER BY z desc LIMIT 3 [ RunTime:0.0050s ]
SQL: SELECT id from guitar_proposal ORDER BY z desc LIMIT 3 [ RunTime:0.0030s ]
SQL: SELECT nickName,avatarUrl,comment,create_time,z,guitar_proposal.id from guitar_user INNER JOIN guitar_proposal ON guitar_user.id = guitar_proposal.userid and guitar_proposal.flag = 1 and guitar_proposal.id not in (2,7,6) ORDER BY create_time desc LIMIT 0,10 [ RunTime:0.0040s ]

[ 2017-11-15T17:42:40+08:00 ] ::1 /WeChat//index.php?m=Home&c=Proposal&a=getProposal&page=1
INFO: [ app_init ] --START--
INFO: Run Behavior\BuildLiteBehavior [ RunTime:0.000000s ]
INFO: [ app_init ] --END-- [ RunTime:0.000000s ]
INFO: [ app_begin ] --START--
INFO: Run Behavior\ReadHtmlCacheBehavior [ RunTime:0.001000s ]
INFO: [ app_begin ] --END-- [ RunTime:0.001000s ]
SQL: SHOW COLUMNS FROM `guitar_proposal` [ RunTime:0.0100s ]
SQL: SELECT nickName,avatarUrl,comment,guitar_proposal.create_time,z,guitar_proposal.id,guitar_attitude.proposal_status FROM (guitar_user INNER JOIN guitar_proposal ON guitar_user.id = guitar_proposal.userid and guitar_proposal.flag = 1) INNER JOIN guitar_attitude ON guitar_user.id = guitar_attitude.user_id ORDER BY z desc LIMIT 3 [ RunTime:0.0050s ]
SQL: SELECT id from guitar_proposal ORDER BY z desc LIMIT 3 [ RunTime:0.0060s ]
SQL: SELECT nickName,avatarUrl,comment,create_time,z,guitar_proposal.id from guitar_user INNER JOIN guitar_proposal ON guitar_user.id = guitar_proposal.userid and guitar_proposal.flag = 1 and guitar_proposal.id not in (2,7,6) ORDER BY create_time desc LIMIT 0,10 [ RunTime:0.0060s ]

[ 2017-11-15T17:48:35+08:00 ] ::1 /WeChat//index.php?m=Home&c=Proposal&a=getProposal&page=1
INFO: [ app_init ] --START--
INFO: Run Behavior\BuildLiteBehavior [ RunTime:0.000000s ]
INFO: [ app_init ] --END-- [ RunTime:0.001000s ]
INFO: [ app_begin ] --START--
INFO: Run Behavior\ReadHtmlCacheBehavior [ RunTime:0.001000s ]
INFO: [ app_begin ] --END-- [ RunTime:0.001000s ]
SQL: SHOW COLUMNS FROM `guitar_proposal` [ RunTime:0.0060s ]
SQL: SELECT nickName,avatarUrl,comment,guitar_proposal.create_time,z,guitar_proposal.id,guitar_attitude.proposal_status
    FROM (guitar_user INNER JOIN guitar_proposal ON guitar_user.id = guitar_proposal.userid and guitar_proposal.flag = 1)
    LEFT JOIN guitar_attitude ON guitar_user.id = guitar_attitude.user_id ORDER BY z desc LIMIT 3 [ RunTime:0.0070s ]
SQL: SELECT id from guitar_proposal ORDER BY z desc LIMIT 3 [ RunTime:0.0060s ]
SQL: SELECT nickName,avatarUrl,comment,create_time,z,guitar_proposal.id from guitar_user INNER JOIN guitar_proposal ON guitar_user.id = guitar_proposal.userid and guitar_proposal.flag = 1 and guitar_proposal.id not in (2,7,6) ORDER BY create_time desc LIMIT 0,10 [ RunTime:0.0050s ]

[ 2017-11-15T17:50:31+08:00 ] ::1 /WeChat//index.php?m=Home&c=Proposal&a=getProposal&page=1
INFO: [ app_init ] --START--
INFO: Run Behavior\BuildLiteBehavior [ RunTime:0.000000s ]
INFO: [ app_init ] --END-- [ RunTime:0.000000s ]
INFO: [ app_begin ] --START--
INFO: Run Behavior\ReadHtmlCacheBehavior [ RunTime:0.001000s ]
INFO: [ app_begin ] --END-- [ RunTime:0.001000s ]
SQL: SHOW COLUMNS FROM `guitar_proposal` [ RunTime:0.0050s ]
SQL: SELECT nickName,avatarUrl,comment,guitar_proposal.create_time,z,guitar_proposal.id,guitar_attitude.proposal_status
    FROM (guitar_user INNER JOIN guitar_proposal ON guitar_user.id = guitar_proposal.userid and guitar_proposal.flag = 1)
    LEFT JOIN guitar_attitude ON guitar_user.id = guitar_attitude.user_id ORDER BY z desc LIMIT 3 [ RunTime:0.0060s ]
SQL: SELECT id from guitar_proposal ORDER BY z desc LIMIT 3 [ RunTime:0.0050s ]
ERR: 1052:Column 'create_time' in field list is ambiguous
 [ SQL语句 ] : SELECT nickName,avatarUrl,comment,create_time,z,guitar_proposal.id
    from (guitar_user INNER JOIN guitar_proposal ON guitar_user.id = guitar_proposal.userid and guitar_proposal.flag = 1 and guitar_proposal.id not in (2,7,6))
    LEFT JOIN guitar_attitude ON guitar_user.id = guitar_attitude.user_id 
    ORDER BY create_time desc LIMIT 0,10
ERR: 1052:Column 'create_time' in field list is ambiguous
 [ SQL语句 ] : SELECT nickName,avatarUrl,comment,create_time,z,guitar_proposal.id
    from (guitar_user INNER JOIN guitar_proposal ON guitar_user.id = guitar_proposal.userid and guitar_proposal.flag = 1 and guitar_proposal.id not in (2,7,6))
    LEFT JOIN guitar_attitude ON guitar_user.id = guitar_attitude.user_id 
    ORDER BY create_time desc LIMIT 0,10

[ 2017-11-15T17:51:15+08:00 ] ::1 /WeChat//index.php?m=Home&c=Proposal&a=getProposal&page=1
INFO: [ app_init ] --START--
INFO: Run Behavior\BuildLiteBehavior [ RunTime:0.000000s ]
INFO: [ app_init ] --END-- [ RunTime:0.000000s ]
INFO: [ app_begin ] --START--
INFO: Run Behavior\ReadHtmlCacheBehavior [ RunTime:0.001000s ]
INFO: [ app_begin ] --END-- [ RunTime:0.001000s ]
SQL: SHOW COLUMNS FROM `guitar_proposal` [ RunTime:0.0050s ]
SQL: SELECT nickName,avatarUrl,comment,guitar_proposal.create_time,z,guitar_proposal.id,guitar_attitude.proposal_status
    FROM (guitar_user INNER JOIN guitar_proposal ON guitar_user.id = guitar_proposal.userid and guitar_proposal.flag = 1)
    LEFT JOIN guitar_attitude ON guitar_user.id = guitar_attitude.user_id ORDER BY z desc LIMIT 3 [ RunTime:0.0050s ]
SQL: SELECT id from guitar_proposal ORDER BY z desc LIMIT 3 [ RunTime:0.0040s ]
ERR: 1052:Column 'create_time' in field list is ambiguous
 [ SQL语句 ] : SELECT nickName,avatarUrl,comment,create_time,z,guitar_proposal.id,guitar_attitude.proposal_status
    from (guitar_user INNER JOIN guitar_proposal ON guitar_user.id = guitar_proposal.userid and guitar_proposal.flag = 1 and guitar_proposal.id not in (2,7,6))
    LEFT JOIN guitar_attitude ON guitar_user.id = guitar_attitude.user_id
    ORDER BY create_time desc LIMIT 0,10
ERR: 1052:Column 'create_time' in field list is ambiguous
 [ SQL语句 ] : SELECT nickName,avatarUrl,comment,create_time,z,guitar_proposal.id,guitar_attitude.proposal_status
    from (guitar_user INNER JOIN guitar_proposal ON guitar_user.id = guitar_proposal.userid and guitar_proposal.flag = 1 and guitar_proposal.id not in (2,7,6))
    LEFT JOIN guitar_attitude ON guitar_user.id = guitar_attitude.user_id
    ORDER BY create_time desc LIMIT 0,10

[ 2017-11-15T17:54:37+08:00 ] ::1 /WeChat//index.php?m=Home&c=Proposal&a=getProposal&page=1
INFO: [ app_init ] --START--
INFO: Run Behavior\BuildLiteBehavior [ RunTime:0.000000s ]
INFO: [ app_init ] --END-- [ RunTime:0.000000s ]
INFO: [ app_begin ] --START--
INFO: Run Behavior\ReadHtmlCacheBehavior [ RunTime:0.001000s ]
INFO: [ app_begin ] --END-- [ RunTime:0.001000s ]
SQL: SHOW COLUMNS FROM `guitar_proposal` [ RunTime:0.0140s ]
SQL: SELECT nickName,avatarUrl,comment,guitar_proposal.create_time,z,guitar_proposal.id,guitar_attitude.proposal_status
    FROM (guitar_user INNER JOIN guitar_proposal ON guitar_user.id = guitar_proposal.userid and guitar_proposal.flag = 1)
    LEFT JOIN guitar_attitude ON guitar_user.id = guitar_attitude.user_id ORDER BY z desc LIMIT 3 [ RunTime:0.0180s ]
SQL: SELECT id from guitar_proposal ORDER BY z desc LIMIT 3 [ RunTime:0.0200s ]
SQL: SELECT nickName,avatarUrl,comment,guitar_proposal.create_time,z,guitar_proposal.id,guitar_attitude.proposal_status
        from (guitar_user INNER JOIN guitar_proposal ON guitar_user.id = guitar_proposal.userid and guitar_proposal.flag = 1 and guitar_proposal.id not in (2,7,6))
        LEFT JOIN guitar_attitude ON guitar_user.id = guitar_attitude.user_id
        ORDER BY guitar_proposal.create_time desc LIMIT 0,10 [ RunTime:0.0170s ]

[ 2017-11-15T17:58:02+08:00 ] ::1 /WeChat//index.php?m=Home&c=Proposal&a=getProposal&page=1
INFO: [ app_init ] --START--
INFO: Run Behavior\BuildLiteBehavior [ RunTime:0.000000s ]
INFO: [ app_init ] --END-- [ RunTime:0.000000s ]
INFO: [ app_begin ] --START--
INFO: Run Behavior\ReadHtmlCacheBehavior [ RunTime:0.000000s ]
INFO: [ app_begin ] --END-- [ RunTime:0.000000s ]
SQL: SHOW COLUMNS FROM `guitar_proposal` [ RunTime:0.0090s ]
SQL: SELECT nickName,avatarUrl,comment,guitar_proposal.create_time,z,guitar_proposal.id,guitar_attitude.proposal_status
    FROM (guitar_user INNER JOIN guitar_proposal ON guitar_user.id = guitar_proposal.userid and guitar_proposal.flag = 1)
    LEFT JOIN guitar_attitude ON guitar_user.id = guitar_attitude.user_id ORDER BY z desc LIMIT 3 [ RunTime:0.0060s ]
SQL: SELECT id from guitar_proposal ORDER BY z desc LIMIT 3 [ RunTime:0.0100s ]
SQL: SELECT nickName,avatarUrl,comment,guitar_proposal.create_time,z,guitar_proposal.id,guitar_attitude.proposal_status
        from (guitar_user INNER JOIN guitar_proposal ON guitar_user.id = guitar_proposal.userid and guitar_proposal.flag = 1 and guitar_proposal.id not in (2,7,6))
        LEFT JOIN guitar_attitude ON guitar_user.id = guitar_attitude.user_id
        ORDER BY guitar_proposal.create_time desc LIMIT 0,10 [ RunTime:0.0050s ]

[ 2017-11-15T17:59:54+08:00 ] ::1 /WeChat//index.php?m=Home&c=Proposal&a=getProposal&page=1
INFO: [ app_init ] --START--
INFO: Run Behavior\BuildLiteBehavior [ RunTime:0.000000s ]
INFO: [ app_init ] --END-- [ RunTime:0.000000s ]
INFO: [ app_begin ] --START--
INFO: Run Behavior\ReadHtmlCacheBehavior [ RunTime:0.001000s ]
INFO: [ app_begin ] --END-- [ RunTime:0.001000s ]
SQL: SHOW COLUMNS FROM `guitar_proposal` [ RunTime:0.0050s ]
SQL: SELECT nickName,avatarUrl,comment,guitar_proposal.create_time,z,guitar_proposal.id,guitar_attitude.proposal_status
    FROM (guitar_user INNER JOIN guitar_proposal ON guitar_user.id = guitar_proposal.userid and guitar_proposal.flag = 1)
    LEFT JOIN guitar_attitude ON guitar_user.id = guitar_attitude.user_id ORDER BY z desc LIMIT 3 [ RunTime:0.0050s ]
SQL: SELECT id from guitar_proposal ORDER BY z desc LIMIT 3 [ RunTime:0.0030s ]
SQL: SELECT nickName,avatarUrl,comment,guitar_proposal.create_time,z,guitar_proposal.id,guitar_attitude.proposal_status
        from (guitar_user INNER JOIN guitar_proposal ON guitar_user.id = guitar_proposal.userid and guitar_proposal.flag = 1 and guitar_proposal.id not in (2,7,6))
        LEFT JOIN guitar_attitude ON guitar_user.id = guitar_attitude.user_id
        ORDER BY guitar_proposal.create_time desc LIMIT 0,10 [ RunTime:0.0040s ]

[ 2017-11-15T18:00:16+08:00 ] ::1 /WeChat//index.php?m=Home&c=Proposal&a=getProposal&page=1
INFO: [ app_init ] --START--
INFO: Run Behavior\BuildLiteBehavior [ RunTime:0.000000s ]
INFO: [ app_init ] --END-- [ RunTime:0.001000s ]
INFO: [ app_begin ] --START--
INFO: Run Behavior\ReadHtmlCacheBehavior [ RunTime:0.000000s ]
INFO: [ app_begin ] --END-- [ RunTime:0.000000s ]
SQL: SHOW COLUMNS FROM `guitar_proposal` [ RunTime:0.0050s ]
SQL: SELECT nickName,avatarUrl,comment,guitar_proposal.create_time,z,guitar_proposal.id,guitar_attitude.proposal_status
    FROM (guitar_user INNER JOIN guitar_proposal ON guitar_user.id = guitar_proposal.userid and guitar_proposal.flag = 1)
    LEFT JOIN guitar_attitude ON guitar_user.id = guitar_attitude.user_id ORDER BY z desc LIMIT 3 [ RunTime:0.0050s ]
SQL: SELECT id from guitar_proposal ORDER BY z desc LIMIT 3 [ RunTime:0.0050s ]
SQL: SELECT nickName,avatarUrl,comment,guitar_proposal.create_time,z,guitar_proposal.id,guitar_attitude.proposal_status
        from (guitar_user INNER JOIN guitar_proposal ON guitar_user.id = guitar_proposal.userid and guitar_proposal.flag = 1 and guitar_proposal.id not in (2,7,6))
        LEFT JOIN guitar_attitude ON guitar_user.id = guitar_attitude.user_id
        ORDER BY guitar_proposal.create_time desc LIMIT 0,10 [ RunTime:0.0060s ]

[ 2017-11-15T18:01:25+08:00 ] ::1 /WeChat//index.php?m=Home&c=Proposal&a=getProposal&page=1
INFO: [ app_init ] --START--
INFO: Run Behavior\BuildLiteBehavior [ RunTime:0.000000s ]
INFO: [ app_init ] --END-- [ RunTime:0.000000s ]
INFO: [ app_begin ] --START--
INFO: Run Behavior\ReadHtmlCacheBehavior [ RunTime:0.000000s ]
INFO: [ app_begin ] --END-- [ RunTime:0.000000s ]
SQL: SHOW COLUMNS FROM `guitar_proposal` [ RunTime:0.0040s ]
SQL: SELECT nickName,avatarUrl,comment,guitar_proposal.create_time,z,guitar_proposal.id,guitar_attitude.proposal_status
    FROM (guitar_user INNER JOIN guitar_proposal ON guitar_user.id = guitar_proposal.userid and guitar_proposal.flag = 1)
    LEFT JOIN guitar_attitude ON guitar_user.id = guitar_attitude.user_id ORDER BY z desc LIMIT 3 [ RunTime:0.0040s ]
SQL: SELECT id from guitar_proposal ORDER BY z desc LIMIT 3 [ RunTime:0.0040s ]
SQL: SELECT nickName,avatarUrl,comment,guitar_proposal.create_time,z,guitar_proposal.id,guitar_attitude.proposal_status
        from (guitar_user INNER JOIN guitar_proposal ON guitar_user.id = guitar_proposal.userid and guitar_proposal.flag = 1 and guitar_proposal.id not in (2,7,6))
        LEFT JOIN guitar_attitude ON guitar_user.id = guitar_attitude.user_id
        ORDER BY guitar_proposal.create_time desc LIMIT 0,10 [ RunTime:0.0050s ]

[ 2017-11-15T18:01:56+08:00 ] ::1 /WeChat//index.php?m=Home&c=Proposal&a=getProposal&page=1
INFO: [ app_init ] --START--
INFO: Run Behavior\BuildLiteBehavior [ RunTime:0.000000s ]
INFO: [ app_init ] --END-- [ RunTime:0.000000s ]
INFO: [ app_begin ] --START--
INFO: Run Behavior\ReadHtmlCacheBehavior [ RunTime:0.002000s ]
INFO: [ app_begin ] --END-- [ RunTime:0.002000s ]
SQL: SHOW COLUMNS FROM `guitar_proposal` [ RunTime:0.0070s ]
SQL: SELECT nickName,avatarUrl,comment,guitar_proposal.create_time,z,guitar_proposal.id,guitar_attitude.proposal_status
    FROM (guitar_user INNER JOIN guitar_proposal ON guitar_user.id = guitar_proposal.userid and guitar_proposal.flag = 1)
    LEFT JOIN guitar_attitude ON guitar_user.id = guitar_attitude.user_id ORDER BY z desc LIMIT 3 [ RunTime:0.0050s ]
SQL: SELECT id from guitar_proposal ORDER BY z desc LIMIT 3 [ RunTime:0.0140s ]
SQL: SELECT nickName,avatarUrl,comment,guitar_proposal.create_time,z,guitar_proposal.id,guitar_attitude.proposal_status
        from (guitar_user INNER JOIN guitar_proposal ON guitar_user.id = guitar_proposal.userid and guitar_proposal.flag = 1 and guitar_proposal.id not in (2,7,6))
        LEFT JOIN guitar_attitude ON guitar_user.id = guitar_attitude.user_id
        ORDER BY guitar_proposal.create_time desc LIMIT 0,10 [ RunTime:0.0090s ]

[ 2017-11-15T18:02:28+08:00 ] ::1 /WeChat//index.php?m=Home&c=Proposal&a=getProposal&page=1
INFO: [ app_init ] --START--
INFO: Run Behavior\BuildLiteBehavior [ RunTime:0.000000s ]
INFO: [ app_init ] --END-- [ RunTime:0.001000s ]
INFO: [ app_begin ] --START--
INFO: Run Behavior\ReadHtmlCacheBehavior [ RunTime:0.001001s ]
INFO: [ app_begin ] --END-- [ RunTime:0.001001s ]
SQL: SHOW COLUMNS FROM `guitar_proposal` [ RunTime:0.0060s ]
SQL: SELECT nickName,avatarUrl,comment,guitar_proposal.create_time,z,guitar_proposal.id,guitar_attitude.proposal_status
    FROM (guitar_user INNER JOIN guitar_proposal ON guitar_user.id = guitar_proposal.userid and guitar_proposal.flag = 1)
    LEFT JOIN guitar_attitude ON guitar_user.id = guitar_attitude.user_id ORDER BY z desc LIMIT 3 [ RunTime:0.0090s ]
SQL: SELECT id from guitar_proposal ORDER BY z desc LIMIT 3 [ RunTime:0.0060s ]
SQL: SELECT nickName,avatarUrl,comment,guitar_proposal.create_time,z,guitar_proposal.id,guitar_attitude.proposal_status
        from (guitar_user INNER JOIN guitar_proposal ON guitar_user.id = guitar_proposal.userid and guitar_proposal.flag = 1 and guitar_proposal.id not in (2,7,6))
        LEFT JOIN guitar_attitude ON guitar_user.id = guitar_attitude.user_id
        ORDER BY guitar_proposal.create_time desc LIMIT 0,10 [ RunTime:0.0060s ]

[ 2017-11-15T18:03:23+08:00 ] ::1 /WeChat//index.php?m=Home&c=Proposal&a=getProposal&page=1
INFO: [ app_init ] --START--
INFO: Run Behavior\BuildLiteBehavior [ RunTime:0.000000s ]
INFO: [ app_init ] --END-- [ RunTime:0.001000s ]
INFO: [ app_begin ] --START--
INFO: Run Behavior\ReadHtmlCacheBehavior [ RunTime:0.000000s ]
INFO: [ app_begin ] --END-- [ RunTime:0.001000s ]
SQL: SHOW COLUMNS FROM `guitar_proposal` [ RunTime:0.0060s ]
SQL: SELECT nickName,avatarUrl,comment,guitar_proposal.create_time,z,guitar_proposal.id,guitar_attitude.proposal_status
    FROM (guitar_user INNER JOIN guitar_proposal ON guitar_user.id = guitar_proposal.userid and guitar_proposal.flag = 1)
    LEFT JOIN guitar_attitude ON guitar_user.id = guitar_attitude.user_id ORDER BY z desc LIMIT 3 [ RunTime:0.0060s ]
SQL: SELECT id from guitar_proposal ORDER BY z desc LIMIT 3 [ RunTime:0.0050s ]
SQL: SELECT nickName,avatarUrl,comment,guitar_proposal.create_time,z,guitar_proposal.id,guitar_attitude.proposal_status
        from (guitar_user INNER JOIN guitar_proposal ON guitar_user.id = guitar_proposal.userid and guitar_proposal.flag = 1 and guitar_proposal.id not in (2,7,6))
        LEFT JOIN guitar_attitude ON guitar_user.id = guitar_attitude.user_id
        ORDER BY guitar_proposal.create_time desc LIMIT 0,10 [ RunTime:0.0050s ]

[ 2017-11-15T18:29:59+08:00 ] ::1 /WeChat//index.php?m=Home&c=Proposal&a=getProposal&page=1
INFO: [ app_init ] --START--
INFO: Run Behavior\BuildLiteBehavior [ RunTime:0.000000s ]
INFO: [ app_init ] --END-- [ RunTime:0.000000s ]
INFO: [ app_begin ] --START--
INFO: Run Behavior\ReadHtmlCacheBehavior [ RunTime:0.001001s ]
INFO: [ app_begin ] --END-- [ RunTime:0.001001s ]
SQL: SHOW COLUMNS FROM `guitar_proposal` [ RunTime:0.0040s ]
SQL: SELECT nickName,avatarUrl,comment,guitar_proposal.create_time,z,guitar_proposal.id,guitar_attitude.proposal_status
    FROM (guitar_user INNER JOIN guitar_proposal ON guitar_user.id = guitar_proposal.userid and guitar_proposal.flag = 1)
    LEFT JOIN guitar_attitude ON guitar_user.id = guitar_attitude.user_id ORDER BY z desc LIMIT 3 [ RunTime:0.0050s ]
SQL: SELECT id from guitar_proposal ORDER BY z desc LIMIT 3 [ RunTime:0.0040s ]
SQL: SELECT nickName,avatarUrl,comment,guitar_proposal.create_time,z,guitar_proposal.id,guitar_attitude.proposal_status
        from (guitar_user INNER JOIN guitar_proposal ON guitar_user.id = guitar_proposal.userid and guitar_proposal.flag = 1 and guitar_proposal.id not in (2,7,6))
        LEFT JOIN guitar_attitude ON guitar_user.id = guitar_attitude.user_id
        ORDER BY guitar_proposal.create_time desc LIMIT 0,10 [ RunTime:0.0050s ]

[ 2017-11-15T18:30:02+08:00 ] ::1 /WeChat//index.php?m=Home&c=Proposal&a=zProposal
INFO: [ app_init ] --START--
INFO: Run Behavior\BuildLiteBehavior [ RunTime:0.000000s ]
INFO: [ app_init ] --END-- [ RunTime:0.001000s ]
INFO: [ app_begin ] --START--
INFO: Run Behavior\ReadHtmlCacheBehavior [ RunTime:0.000000s ]
INFO: [ app_begin ] --END-- [ RunTime:0.001000s ]
SQL: SHOW COLUMNS FROM `guitar_proposal` [ RunTime:0.0060s ]
SQL: SHOW COLUMNS FROM `guitar_proposal` [ RunTime:0.0060s ]
SQL: SHOW COLUMNS FROM `guitar_attitude` [ RunTime:0.0060s ]
SQL: REPLACE INTO `guitar_attitude` (`user_id`,`proposal_id`,`create_time`) VALUES ('27','2','2017:11:15 18:30:02') [ RunTime:0.0100s ]

