[ 2017-11-10T14:23:41+08:00 ] ::1 /WeChat/index.php?m=Home&c=User&a=saveProposal
INFO: [ app_init ] --START--
INFO: Run Behavior\BuildLiteBehavior [ RunTime:0.000000s ]
INFO: [ app_init ] --END-- [ RunTime:0.001000s ]
INFO: [ app_begin ] --START--
INFO: Run Behavior\ReadHtmlCacheBehavior [ RunTime:0.001000s ]
INFO: [ app_begin ] --END-- [ RunTime:0.001000s ]
SQL: SHOW COLUMNS FROM `guitar_user` [ RunTime:0.0270s ]
SQL: SHOW COLUMNS FROM `guitar_proposal` [ RunTime:0.0210s ]
SQL: INSERT INTO `guitar_proposal` (`userid`,`comment`,`create_time`) VALUES ('27','asdas','2017:11:10 14:23') [ RunTime:0.0160s ]

[ 2017-11-10T14:23:47+08:00 ] ::1 /WeChat/index.php?m=Home&c=User&a=saveProposal
INFO: [ app_init ] --START--
INFO: Run Behavior\BuildLiteBehavior [ RunTime:0.000000s ]
INFO: [ app_init ] --END-- [ RunTime:0.001000s ]
INFO: [ app_begin ] --START--
INFO: Run Behavior\ReadHtmlCacheBehavior [ RunTime:0.000000s ]
INFO: [ app_begin ] --END-- [ RunTime:0.001000s ]
SQL: SHOW COLUMNS FROM `guitar_user` [ RunTime:0.0080s ]
SQL: SHOW COLUMNS FROM `guitar_proposal` [ RunTime:0.0110s ]

[ 2017-11-10T14:31:46+08:00 ] ::1 /WeChat/index.php?m=Home&c=User&a=saveProposal
INFO: [ app_init ] --START--
INFO: Run Behavior\BuildLiteBehavior [ RunTime:0.000000s ]
INFO: [ app_init ] --END-- [ RunTime:0.000000s ]
INFO: [ app_begin ] --START--
INFO: Run Behavior\ReadHtmlCacheBehavior [ RunTime:0.001001s ]
INFO: [ app_begin ] --END-- [ RunTime:0.001001s ]
SQL: SHOW COLUMNS FROM `guitar_user` [ RunTime:0.0220s ]
SQL: SHOW COLUMNS FROM `guitar_proposal` [ RunTime:0.0180s ]

[ 2017-11-10T14:33:05+08:00 ] ::1 /WeChat/index.php?m=Home&c=User&a=saveProposal
INFO: [ app_init ] --START--
INFO: Run Behavior\BuildLiteBehavior [ RunTime:0.000000s ]
INFO: [ app_init ] --END-- [ RunTime:0.000000s ]
INFO: [ app_begin ] --START--
INFO: Run Behavior\ReadHtmlCacheBehavior [ RunTime:0.000000s ]
INFO: [ app_begin ] --END-- [ RunTime:0.000000s ]
SQL: SHOW COLUMNS FROM `guitar_user` [ RunTime:0.0060s ]
SQL: SHOW COLUMNS FROM `guitar_proposal` [ RunTime:0.0060s ]

[ 2017-11-10T15:04:11+08:00 ] ::1 /WeChat/index.php?m=Home&c=WeChat&a=index
INFO: [ app_init ] --START--
INFO: Run Behavior\BuildLiteBehavior [ RunTime:0.000000s ]
INFO: [ app_init ] --END-- [ RunTime:0.001000s ]
INFO: [ app_begin ] --START--
INFO: Run Behavior\ReadHtmlCacheBehavior [ RunTime:0.001000s ]
INFO: [ app_begin ] --END-- [ RunTime:0.001000s ]
SQL: SHOW COLUMNS FROM `guitar_recommend` [ RunTime:0.0070s ]
SQL: SELECT id, title, time, img, istop, content FROM guitar_recommend ORDER BY istop desc , id DESC [ RunTime:0.0050s ]

[ 2017-11-10T15:12:22+08:00 ] ::1 /WeChat/index.php?m=Home&c=WeChat&a=index
INFO: [ app_init ] --START--
INFO: Run Behavior\BuildLiteBehavior [ RunTime:0.000000s ]
INFO: [ app_init ] --END-- [ RunTime:0.001000s ]
INFO: [ app_begin ] --START--
INFO: Run Behavior\ReadHtmlCacheBehavior [ RunTime:0.001000s ]
INFO: [ app_begin ] --END-- [ RunTime:0.001000s ]
SQL: SHOW COLUMNS FROM `guitar_recommend` [ RunTime:0.0050s ]
SQL: SELECT id, title, time, img, istop, content FROM guitar_recommend ORDER BY istop desc , id DESC [ RunTime:0.0100s ]

[ 2017-11-10T15:12:45+08:00 ] ::1 /WeChat/index.php?m=Home&c=WeChat&a=index
INFO: [ app_init ] --START--
INFO: Run Behavior\BuildLiteBehavior [ RunTime:0.000000s ]
INFO: [ app_init ] --END-- [ RunTime:0.000000s ]
INFO: [ app_begin ] --START--
INFO: Run Behavior\ReadHtmlCacheBehavior [ RunTime:0.000000s ]
INFO: [ app_begin ] --END-- [ RunTime:0.001000s ]
SQL: SHOW COLUMNS FROM `guitar_recommend` [ RunTime:0.0060s ]
SQL: SELECT id, title, time, img, istop, content FROM guitar_recommend ORDER BY istop desc , id DESC [ RunTime:0.0080s ]

[ 2017-11-10T15:13:08+08:00 ] ::1 /WeChat/index.php?m=Home&c=WeChat&a=index
INFO: [ app_init ] --START--
INFO: Run Behavior\BuildLiteBehavior [ RunTime:0.000000s ]
INFO: [ app_init ] --END-- [ RunTime:0.000000s ]
INFO: [ app_begin ] --START--
INFO: Run Behavior\ReadHtmlCacheBehavior [ RunTime:0.001001s ]
INFO: [ app_begin ] --END-- [ RunTime:0.001001s ]
SQL: SHOW COLUMNS FROM `guitar_recommend` [ RunTime:0.0050s ]
SQL: SELECT id, title, time, img, istop, content FROM guitar_recommend ORDER BY istop desc , id DESC [ RunTime:0.0070s ]

[ 2017-11-10T15:14:56+08:00 ] ::1 /WeChat/index.php?m=Home&c=WeChat&a=index
INFO: [ app_init ] --START--
INFO: Run Behavior\BuildLiteBehavior [ RunTime:0.000000s ]
INFO: [ app_init ] --END-- [ RunTime:0.000000s ]
INFO: [ app_begin ] --START--
INFO: Run Behavior\ReadHtmlCacheBehavior [ RunTime:0.000000s ]
INFO: [ app_begin ] --END-- [ RunTime:0.000000s ]
SQL: SHOW COLUMNS FROM `guitar_recommend` [ RunTime:0.0090s ]
SQL: SELECT id, title, time, img, istop, content FROM guitar_recommend ORDER BY istop desc , id DESC [ RunTime:0.0060s ]

[ 2017-11-10T15:15:04+08:00 ] ::1 /WeChat/index.php?m=Home&c=WeChat&a=index
INFO: [ app_init ] --START--
INFO: Run Behavior\BuildLiteBehavior [ RunTime:0.000000s ]
INFO: [ app_init ] --END-- [ RunTime:0.001000s ]
INFO: [ app_begin ] --START--
INFO: Run Behavior\ReadHtmlCacheBehavior [ RunTime:0.001000s ]
INFO: [ app_begin ] --END-- [ RunTime:0.001000s ]
SQL: SHOW COLUMNS FROM `guitar_recommend` [ RunTime:0.0040s ]
SQL: SELECT id, title, time, img, istop, content FROM guitar_recommend ORDER BY istop desc , id DESC [ RunTime:0.0060s ]

[ 2017-11-10T15:15:25+08:00 ] ::1 /WeChat/index.php?m=Home&c=WeChat&a=index
INFO: [ app_init ] --START--
INFO: Run Behavior\BuildLiteBehavior [ RunTime:0.000000s ]
INFO: [ app_init ] --END-- [ RunTime:0.001000s ]
INFO: [ app_begin ] --START--
INFO: Run Behavior\ReadHtmlCacheBehavior [ RunTime:0.000000s ]
INFO: [ app_begin ] --END-- [ RunTime:0.000000s ]
SQL: SHOW COLUMNS FROM `guitar_recommend` [ RunTime:0.0130s ]
SQL: SELECT id, title, time, img, istop, content FROM guitar_recommend ORDER BY istop desc , id DESC [ RunTime:0.0080s ]

[ 2017-11-10T15:15:33+08:00 ] ::1 /WeChat/index.php?m=Home&c=WeChat&a=index
INFO: [ app_init ] --START--
INFO: Run Behavior\BuildLiteBehavior [ RunTime:0.000000s ]
INFO: [ app_init ] --END-- [ RunTime:0.001000s ]
INFO: [ app_begin ] --START--
INFO: Run Behavior\ReadHtmlCacheBehavior [ RunTime:0.001000s ]
INFO: [ app_begin ] --END-- [ RunTime:0.001000s ]
SQL: SHOW COLUMNS FROM `guitar_recommend` [ RunTime:0.0130s ]
SQL: SELECT id, title, time, img, istop, content FROM guitar_recommend ORDER BY istop desc , id DESC [ RunTime:0.0070s ]

[ 2017-11-10T15:16:23+08:00 ] ::1 /WeChat/index.php?m=Home&c=WeChat&a=index
INFO: [ app_init ] --START--
INFO: Run Behavior\BuildLiteBehavior [ RunTime:0.000000s ]
INFO: [ app_init ] --END-- [ RunTime:0.001000s ]
INFO: [ app_begin ] --START--
INFO: Run Behavior\ReadHtmlCacheBehavior [ RunTime:0.001000s ]
INFO: [ app_begin ] --END-- [ RunTime:0.001000s ]
SQL: SHOW COLUMNS FROM `guitar_recommend` [ RunTime:0.0060s ]
SQL: SELECT id, title, time, img, istop, content FROM guitar_recommend ORDER BY istop desc , id DESC [ RunTime:0.0070s ]

[ 2017-11-10T15:20:07+08:00 ] ::1 /WeChat/index.php?m=Home&c=WeChat&a=index
INFO: [ app_init ] --START--
INFO: Run Behavior\BuildLiteBehavior [ RunTime:0.000000s ]
INFO: [ app_init ] --END-- [ RunTime:0.001000s ]
INFO: [ app_begin ] --START--
INFO: Run Behavior\ReadHtmlCacheBehavior [ RunTime:0.001000s ]
INFO: [ app_begin ] --END-- [ RunTime:0.001000s ]
SQL: SHOW COLUMNS FROM `guitar_recommend` [ RunTime:0.0050s ]
SQL: SELECT id, title, time, img, istop, content FROM guitar_recommend ORDER BY istop desc , id DESC [ RunTime:0.0050s ]

[ 2017-11-10T15:20:53+08:00 ] ::1 /WeChat/index.php?m=Home&c=WeChat&a=index
INFO: [ app_init ] --START--
INFO: Run Behavior\BuildLiteBehavior [ RunTime:0.000000s ]
INFO: [ app_init ] --END-- [ RunTime:0.000000s ]
INFO: [ app_begin ] --START--
INFO: Run Behavior\ReadHtmlCacheBehavior [ RunTime:0.001000s ]
INFO: [ app_begin ] --END-- [ RunTime:0.001000s ]
SQL: SHOW COLUMNS FROM `guitar_recommend` [ RunTime:0.0340s ]
SQL: SELECT id, title, time, img, istop, content FROM guitar_recommend ORDER BY istop desc , id DESC [ RunTime:0.0190s ]

[ 2017-11-10T15:22:13+08:00 ] ::1 /WeChat/index.php?m=Home&c=WeChat&a=index
INFO: [ app_init ] --START--
INFO: Run Behavior\BuildLiteBehavior [ RunTime:0.000000s ]
INFO: [ app_init ] --END-- [ RunTime:0.000000s ]
INFO: [ app_begin ] --START--
INFO: Run Behavior\ReadHtmlCacheBehavior [ RunTime:0.007000s ]
INFO: [ app_begin ] --END-- [ RunTime:0.008001s ]
SQL: SHOW COLUMNS FROM `guitar_recommend` [ RunTime:0.0090s ]
SQL: SELECT id, title, time, img, istop, content FROM guitar_recommend ORDER BY istop desc , id DESC [ RunTime:0.0060s ]

[ 2017-11-10T15:22:53+08:00 ] ::1 /WeChat/index.php?m=Home&c=WeChat&a=index
INFO: [ app_init ] --START--
INFO: Run Behavior\BuildLiteBehavior [ RunTime:0.000000s ]
INFO: [ app_init ] --END-- [ RunTime:0.001000s ]
INFO: [ app_begin ] --START--
INFO: Run Behavior\ReadHtmlCacheBehavior [ RunTime:0.000000s ]
INFO: [ app_begin ] --END-- [ RunTime:0.000000s ]
SQL: SHOW COLUMNS FROM `guitar_recommend` [ RunTime:0.0050s ]
SQL: SELECT id, title, time, img, istop, content FROM guitar_recommend ORDER BY istop desc , id DESC [ RunTime:0.0060s ]

[ 2017-11-10T15:26:37+08:00 ] ::1 /WeChat/index.php?m=Home&c=WeChat&a=index
INFO: [ app_init ] --START--
INFO: Run Behavior\BuildLiteBehavior [ RunTime:0.000000s ]
INFO: [ app_init ] --END-- [ RunTime:0.000000s ]
INFO: [ app_begin ] --START--
INFO: Run Behavior\ReadHtmlCacheBehavior [ RunTime:0.001000s ]
INFO: [ app_begin ] --END-- [ RunTime:0.001000s ]
SQL: SHOW COLUMNS FROM `guitar_recommend` [ RunTime:0.0060s ]
SQL: SELECT id, title, time, img, istop, content FROM guitar_recommend ORDER BY istop desc , id DESC [ RunTime:0.0120s ]

[ 2017-11-10T15:34:45+08:00 ] ::1 /WeChat/index.php?m=Home&c=WeChat&a=index
INFO: [ app_init ] --START--
INFO: Run Behavior\BuildLiteBehavior [ RunTime:0.000000s ]
INFO: [ app_init ] --END-- [ RunTime:0.001000s ]
INFO: [ app_begin ] --START--
INFO: Run Behavior\ReadHtmlCacheBehavior [ RunTime:0.000000s ]
INFO: [ app_begin ] --END-- [ RunTime:0.001000s ]
SQL: SHOW COLUMNS FROM `guitar_recommend` [ RunTime:0.0070s ]
SQL: SELECT id, title, time, img, istop, content FROM guitar_recommend ORDER BY istop desc , id DESC [ RunTime:0.0070s ]

[ 2017-11-10T16:11:11+08:00 ] ::1 /WeChat/index.php?m=Home&c=WeChat&a=index
INFO: [ app_init ] --START--
INFO: Run Behavior\BuildLiteBehavior [ RunTime:0.000000s ]
INFO: [ app_init ] --END-- [ RunTime:0.000000s ]
INFO: [ app_begin ] --START--
INFO: Run Behavior\ReadHtmlCacheBehavior [ RunTime:0.000000s ]
INFO: [ app_begin ] --END-- [ RunTime:0.001000s ]
SQL: SHOW COLUMNS FROM `guitar_recommend` [ RunTime:0.0160s ]
SQL: SELECT id, title, time, img, istop, content FROM guitar_recommend ORDER BY istop desc , id DESC [ RunTime:0.0150s ]

[ 2017-11-10T16:27:16+08:00 ] ::1 /WeChat/index.php?m=Home&c=WeChat&a=index
INFO: [ app_init ] --START--
INFO: Run Behavior\BuildLiteBehavior [ RunTime:0.000000s ]
INFO: [ app_init ] --END-- [ RunTime:0.001000s ]
INFO: [ app_begin ] --START--
INFO: Run Behavior\ReadHtmlCacheBehavior [ RunTime:0.000000s ]
INFO: [ app_begin ] --END-- [ RunTime:0.001000s ]
SQL: SHOW COLUMNS FROM `guitar_recommend` [ RunTime:0.0060s ]
SQL: SELECT id, title, time, img, istop, content FROM guitar_recommend ORDER BY istop desc , id DESC [ RunTime:0.0050s ]

[ 2017-11-10T16:31:31+08:00 ] ::1 /WeChat/index.php?m=Home&c=WeChat&a=index
INFO: [ app_init ] --START--
INFO: Run Behavior\BuildLiteBehavior [ RunTime:0.000000s ]
INFO: [ app_init ] --END-- [ RunTime:0.001000s ]
INFO: [ app_begin ] --START--
INFO: Run Behavior\ReadHtmlCacheBehavior [ RunTime:0.000000s ]
INFO: [ app_begin ] --END-- [ RunTime:0.000000s ]
SQL: SHOW COLUMNS FROM `guitar_recommend` [ RunTime:0.0050s ]
SQL: SELECT id, title, time, img, istop, content FROM guitar_recommend ORDER BY istop desc , id DESC [ RunTime:0.0090s ]

[ 2017-11-10T16:31:34+08:00 ] ::1 /WeChat/index.php?m=Home&c=Proposal&a=getProposal&page=1
INFO: [ app_init ] --START--
INFO: Run Behavior\BuildLiteBehavior [ RunTime:0.000000s ]
INFO: [ app_init ] --END-- [ RunTime:0.000000s ]
INFO: [ app_begin ] --START--
INFO: Run Behavior\ReadHtmlCacheBehavior [ RunTime:0.000000s ]
INFO: [ app_begin ] --END-- [ RunTime:0.000000s ]

[ 2017-11-10T16:32:47+08:00 ] ::1 /WeChat/index.php?m=Home&c=Proposal&a=getProposal&page=1
INFO: [ app_init ] --START--
INFO: Run Behavior\BuildLiteBehavior [ RunTime:0.000000s ]
INFO: [ app_init ] --END-- [ RunTime:0.001000s ]
INFO: [ app_begin ] --START--
INFO: Run Behavior\ReadHtmlCacheBehavior [ RunTime:0.001001s ]
INFO: [ app_begin ] --END-- [ RunTime:0.001001s ]

[ 2017-11-10T16:34:18+08:00 ] ::1 /WeChat/index.php?m=Home&c=Proposal&a=getProposal&page=1
INFO: [ app_init ] --START--
INFO: Run Behavior\BuildLiteBehavior [ RunTime:0.000000s ]
INFO: [ app_init ] --END-- [ RunTime:0.000000s ]
INFO: [ app_begin ] --START--
INFO: Run Behavior\ReadHtmlCacheBehavior [ RunTime:0.000000s ]
INFO: [ app_begin ] --END-- [ RunTime:0.000000s ]

[ 2017-11-10T16:34:41+08:00 ] ::1 /WeChat/index.php?m=Home&c=Proposal&a=getProposal&page=1
INFO: [ app_init ] --START--
INFO: Run Behavior\BuildLiteBehavior [ RunTime:0.000000s ]
INFO: [ app_init ] --END-- [ RunTime:0.000000s ]
INFO: [ app_begin ] --START--
INFO: Run Behavior\ReadHtmlCacheBehavior [ RunTime:0.001001s ]
INFO: [ app_begin ] --END-- [ RunTime:0.001001s ]

[ 2017-11-10T16:36:06+08:00 ] ::1 /WeChat/index.php?m=Home&c=Proposal&a=getProposal&page=1
INFO: [ app_init ] --START--
INFO: Run Behavior\BuildLiteBehavior [ RunTime:0.000000s ]
INFO: [ app_init ] --END-- [ RunTime:0.000000s ]
INFO: [ app_begin ] --START--
INFO: Run Behavior\ReadHtmlCacheBehavior [ RunTime:0.001000s ]
INFO: [ app_begin ] --END-- [ RunTime:0.001000s ]

[ 2017-11-10T16:36:54+08:00 ] ::1 /WeChat/index.php?m=Home&c=Proposal&a=getProposal&page=1
INFO: [ app_init ] --START--
INFO: Run Behavior\BuildLiteBehavior [ RunTime:0.000000s ]
INFO: [ app_init ] --END-- [ RunTime:0.000000s ]
INFO: [ app_begin ] --START--
INFO: Run Behavior\ReadHtmlCacheBehavior [ RunTime:0.000000s ]
INFO: [ app_begin ] --END-- [ RunTime:0.000000s ]
SQL: SHOW COLUMNS FROM `guitar_proposal` [ RunTime:0.0060s ]
SQL: SELECT * FROM guitar_proposal ORDER BY z desc LIMIT 0,10 [ RunTime:0.0070s ]

[ 2017-11-10T16:37:09+08:00 ] ::1 /WeChat/index.php?m=Home&c=Proposal&a=getProposal&page=1
INFO: [ app_init ] --START--
INFO: Run Behavior\BuildLiteBehavior [ RunTime:0.000000s ]
INFO: [ app_init ] --END-- [ RunTime:0.001000s ]
INFO: [ app_begin ] --START--
INFO: Run Behavior\ReadHtmlCacheBehavior [ RunTime:0.000000s ]
INFO: [ app_begin ] --END-- [ RunTime:0.001000s ]
SQL: SHOW COLUMNS FROM `guitar_proposal` [ RunTime:0.0060s ]
SQL: SELECT * FROM guitar_proposal ORDER BY z desc LIMIT 0,10 [ RunTime:0.0050s ]

[ 2017-11-10T16:37:44+08:00 ] ::1 /WeChat/index.php?m=Home&c=Proposal&a=getProposal&page=1
INFO: [ app_init ] --START--
INFO: Run Behavior\BuildLiteBehavior [ RunTime:0.000000s ]
INFO: [ app_init ] --END-- [ RunTime:0.001000s ]
INFO: [ app_begin ] --START--
INFO: Run Behavior\ReadHtmlCacheBehavior [ RunTime:0.000000s ]
INFO: [ app_begin ] --END-- [ RunTime:0.000000s ]
SQL: SHOW COLUMNS FROM `guitar_proposal` [ RunTime:0.0050s ]
SQL: SELECT * FROM guitar_proposal ORDER BY z desc LIMIT 0,10 [ RunTime:0.0040s ]
SQL: SELECT * FROM guitar_proposal ORDER BY create_time desc LIMIT 1,10 [ RunTime:0.0040s ]

[ 2017-11-10T16:38:17+08:00 ] ::1 /WeChat/index.php?m=Home&c=Proposal&a=getProposal&page=1
INFO: [ app_init ] --START--
INFO: Run Behavior\BuildLiteBehavior [ RunTime:0.000000s ]
INFO: [ app_init ] --END-- [ RunTime:0.000000s ]
INFO: [ app_begin ] --START--
INFO: Run Behavior\ReadHtmlCacheBehavior [ RunTime:0.000000s ]
INFO: [ app_begin ] --END-- [ RunTime:0.001000s ]
SQL: SHOW COLUMNS FROM `guitar_proposal` [ RunTime:0.0060s ]
SQL: SELECT * FROM guitar_proposal ORDER BY z desc LIMIT 0,10 [ RunTime:0.0040s ]
SQL: SELECT * FROM guitar_proposal ORDER BY create_time desc LIMIT 1,10 [ RunTime:0.0060s ]

[ 2017-11-10T16:38:34+08:00 ] ::1 /WeChat/index.php?m=Home&c=Proposal&a=getProposal&page=1
INFO: [ app_init ] --START--
INFO: Run Behavior\BuildLiteBehavior [ RunTime:0.000000s ]
INFO: [ app_init ] --END-- [ RunTime:0.000000s ]
INFO: [ app_begin ] --START--
INFO: Run Behavior\ReadHtmlCacheBehavior [ RunTime:0.001000s ]
INFO: [ app_begin ] --END-- [ RunTime:0.001000s ]

[ 2017-11-10T16:38:48+08:00 ] ::1 /WeChat/index.php?m=Home&c=Proposal&a=getProposal&page=1
INFO: [ app_init ] --START--
INFO: Run Behavior\BuildLiteBehavior [ RunTime:0.000000s ]
INFO: [ app_init ] --END-- [ RunTime:0.001000s ]
INFO: [ app_begin ] --START--
INFO: Run Behavior\ReadHtmlCacheBehavior [ RunTime:0.000000s ]
INFO: [ app_begin ] --END-- [ RunTime:0.000000s ]

[ 2017-11-10T16:44:26+08:00 ] ::1 /WeChat/index.php?m=Home&c=Proposal&a=getProposal&page=1
INFO: [ app_init ] --START--
INFO: Run Behavior\BuildLiteBehavior [ RunTime:0.000000s ]
INFO: [ app_init ] --END-- [ RunTime:0.000000s ]
INFO: [ app_begin ] --START--
INFO: Run Behavior\ReadHtmlCacheBehavior [ RunTime:0.001000s ]
INFO: [ app_begin ] --END-- [ RunTime:0.001000s ]
SQL: SHOW COLUMNS FROM `guitar_proposal` [ RunTime:0.0160s ]
SQL: SELECT * FROM guitar_proposal ORDER BY z desc LIMIT 0,10 [ RunTime:0.0110s ]
SQL: SELECT * FROM guitar_proposal ORDER BY create_time desc LIMIT 10,10 [ RunTime:0.0100s ]

[ 2017-11-10T16:45:24+08:00 ] ::1 /WeChat/index.php?m=Home&c=Proposal&a=getProposal&page=1
INFO: [ app_init ] --START--
INFO: Run Behavior\BuildLiteBehavior [ RunTime:0.000000s ]
INFO: [ app_init ] --END-- [ RunTime:0.000000s ]
INFO: [ app_begin ] --START--
INFO: Run Behavior\ReadHtmlCacheBehavior [ RunTime:0.000000s ]
INFO: [ app_begin ] --END-- [ RunTime:0.000000s ]
SQL: SHOW COLUMNS FROM `guitar_proposal` [ RunTime:0.0060s ]
SQL: SELECT * FROM guitar_proposal ORDER BY z desc LIMIT 0,10 [ RunTime:0.0070s ]
SQL: SELECT * FROM guitar_proposal ORDER BY create_time desc LIMIT 10,10 [ RunTime:0.0060s ]

[ 2017-11-10T16:46:38+08:00 ] ::1 /WeChat/index.php?m=Home&c=Proposal&a=getProposal&page=1
INFO: [ app_init ] --START--
INFO: Run Behavior\BuildLiteBehavior [ RunTime:0.000000s ]
INFO: [ app_init ] --END-- [ RunTime:0.000000s ]
INFO: [ app_begin ] --START--
INFO: Run Behavior\ReadHtmlCacheBehavior [ RunTime:0.001000s ]
INFO: [ app_begin ] --END-- [ RunTime:0.001000s ]

[ 2017-11-10T16:46:42+08:00 ] ::1 /WeChat/index.php?m=Home&c=Proposal&a=getProposal&page=1
INFO: [ app_init ] --START--
INFO: Run Behavior\BuildLiteBehavior [ RunTime:0.000000s ]
INFO: [ app_init ] --END-- [ RunTime:0.001000s ]
INFO: [ app_begin ] --START--
INFO: Run Behavior\ReadHtmlCacheBehavior [ RunTime:0.000000s ]
INFO: [ app_begin ] --END-- [ RunTime:0.000000s ]

[ 2017-11-10T16:46:52+08:00 ] ::1 /WeChat/index.php?m=Home&c=Proposal&a=getProposal&page=1
INFO: [ app_init ] --START--
INFO: Run Behavior\BuildLiteBehavior [ RunTime:0.000000s ]
INFO: [ app_init ] --END-- [ RunTime:0.001000s ]
INFO: [ app_begin ] --START--
INFO: Run Behavior\ReadHtmlCacheBehavior [ RunTime:0.001000s ]
INFO: [ app_begin ] --END-- [ RunTime:0.001000s ]
SQL: SHOW COLUMNS FROM `guitar_proposal` [ RunTime:0.0070s ]
SQL: SELECT * FROM guitar_proposal ORDER BY z desc LIMIT 0,10 [ RunTime:0.0100s ]
SQL: SELECT * FROM guitar_proposal ORDER BY create_time desc LIMIT 0,10 [ RunTime:0.0070s ]

[ 2017-11-10T16:48:05+08:00 ] ::1 /WeChat/index.php?m=Home&c=Proposal&a=getProposal&page=1
INFO: [ app_init ] --START--
INFO: Run Behavior\BuildLiteBehavior [ RunTime:0.000000s ]
INFO: [ app_init ] --END-- [ RunTime:0.000000s ]
INFO: [ app_begin ] --START--
INFO: Run Behavior\ReadHtmlCacheBehavior [ RunTime:0.001000s ]
INFO: [ app_begin ] --END-- [ RunTime:0.001000s ]
SQL: SHOW COLUMNS FROM `guitar_proposal` [ RunTime:0.0070s ]
SQL: SELECT * FROM guitar_proposal ORDER BY z desc LIMIT 0,10 [ RunTime:0.0060s ]
SQL: SELECT * FROM guitar_proposal ORDER BY create_time desc LIMIT 0,10 [ RunTime:0.0060s ]

[ 2017-11-10T16:49:07+08:00 ] ::1 /WeChat/index.php?m=Home&c=Proposal&a=getProposal&page=1
INFO: [ app_init ] --START--
INFO: Run Behavior\BuildLiteBehavior [ RunTime:0.000000s ]
INFO: [ app_init ] --END-- [ RunTime:0.000000s ]
INFO: [ app_begin ] --START--
INFO: Run Behavior\ReadHtmlCacheBehavior [ RunTime:0.001000s ]
INFO: [ app_begin ] --END-- [ RunTime:0.001000s ]
SQL: SHOW COLUMNS FROM `guitar_proposal` [ RunTime:0.0060s ]
SQL: SELECT * FROM guitar_proposal ORDER BY z desc LIMIT 0,10 [ RunTime:0.0060s ]
SQL: SELECT * FROM guitar_proposal ORDER BY create_time desc LIMIT 0,10 [ RunTime:0.0060s ]

[ 2017-11-10T16:52:20+08:00 ] ::1 /WeChat/index.php?m=Home&c=Proposal&a=getProposal&page=1
INFO: [ app_init ] --START--
INFO: Run Behavior\BuildLiteBehavior [ RunTime:0.006000s ]
INFO: [ app_init ] --END-- [ RunTime:0.006000s ]
INFO: [ app_begin ] --START--
INFO: Run Behavior\ReadHtmlCacheBehavior [ RunTime:0.001001s ]
INFO: [ app_begin ] --END-- [ RunTime:0.001001s ]
SQL: SHOW COLUMNS FROM `guitar_proposal` [ RunTime:0.0050s ]
SQL: SELECT * FROM guitar_proposal ORDER BY z desc LIMIT 0,10 [ RunTime:0.0050s ]
SQL: SELECT * FROM guitar_proposal ORDER BY create_time desc LIMIT 0,10 [ RunTime:0.0060s ]

[ 2017-11-10T16:52:45+08:00 ] ::1 /WeChat/index.php?m=Home&c=Proposal&a=getProposal&page=1
INFO: [ app_init ] --START--
INFO: Run Behavior\BuildLiteBehavior [ RunTime:0.000000s ]
INFO: [ app_init ] --END-- [ RunTime:0.001000s ]
INFO: [ app_begin ] --START--
INFO: Run Behavior\ReadHtmlCacheBehavior [ RunTime:0.001000s ]
INFO: [ app_begin ] --END-- [ RunTime:0.001000s ]
SQL: SHOW COLUMNS FROM `guitar_proposal` [ RunTime:0.0100s ]
SQL: SELECT * FROM guitar_proposal ORDER BY z desc LIMIT 0,10 [ RunTime:0.0090s ]
SQL: SELECT * FROM guitar_proposal ORDER BY create_time desc LIMIT 0,10 [ RunTime:0.0110s ]

[ 2017-11-10T16:53:38+08:00 ] ::1 /WeChat/index.php?m=Home&c=Proposal&a=getProposal&page=1
INFO: [ app_init ] --START--
INFO: Run Behavior\BuildLiteBehavior [ RunTime:0.000000s ]
INFO: [ app_init ] --END-- [ RunTime:0.001000s ]
INFO: [ app_begin ] --START--
INFO: Run Behavior\ReadHtmlCacheBehavior [ RunTime:0.000000s ]
INFO: [ app_begin ] --END-- [ RunTime:0.000000s ]
SQL: SHOW COLUMNS FROM `guitar_proposal` [ RunTime:0.0050s ]
SQL: SELECT * FROM guitar_proposal ORDER BY z desc LIMIT 0,10 [ RunTime:0.0060s ]
SQL: SELECT * FROM guitar_proposal ORDER BY create_time desc LIMIT 0,10 [ RunTime:0.0050s ]

[ 2017-11-10T16:53:58+08:00 ] ::1 /WeChat/index.php?m=Home&c=Proposal&a=getProposal&page=1
INFO: [ app_init ] --START--
INFO: Run Behavior\BuildLiteBehavior [ RunTime:0.000000s ]
INFO: [ app_init ] --END-- [ RunTime:0.001000s ]
INFO: [ app_begin ] --START--
INFO: Run Behavior\ReadHtmlCacheBehavior [ RunTime:0.001000s ]
INFO: [ app_begin ] --END-- [ RunTime:0.001000s ]
SQL: SHOW COLUMNS FROM `guitar_proposal` [ RunTime:0.0050s ]
SQL: SELECT * FROM guitar_proposal ORDER BY z desc LIMIT 0,10 [ RunTime:0.0050s ]
SQL: SELECT * FROM guitar_proposal ORDER BY create_time desc LIMIT 0,10 [ RunTime:0.0070s ]

[ 2017-11-10T16:54:17+08:00 ] ::1 /WeChat/index.php?m=Home&c=Proposal&a=getProposal&page=1
INFO: [ app_init ] --START--
INFO: Run Behavior\BuildLiteBehavior [ RunTime:0.000000s ]
INFO: [ app_init ] --END-- [ RunTime:0.000000s ]
INFO: [ app_begin ] --START--
INFO: Run Behavior\ReadHtmlCacheBehavior [ RunTime:0.001000s ]
INFO: [ app_begin ] --END-- [ RunTime:0.001000s ]
SQL: SHOW COLUMNS FROM `guitar_proposal` [ RunTime:0.0060s ]
SQL: SELECT * FROM guitar_proposal ORDER BY z desc LIMIT 0,10 [ RunTime:0.0050s ]
SQL: SELECT * FROM guitar_proposal ORDER BY create_time desc LIMIT 0,10 [ RunTime:0.0050s ]

[ 2017-11-10T16:54:27+08:00 ] ::1 /WeChat/index.php?m=Home&c=Proposal&a=getProposal&page=1
INFO: [ app_init ] --START--
INFO: Run Behavior\BuildLiteBehavior [ RunTime:0.000000s ]
INFO: [ app_init ] --END-- [ RunTime:0.001000s ]
INFO: [ app_begin ] --START--
INFO: Run Behavior\ReadHtmlCacheBehavior [ RunTime:0.000000s ]
INFO: [ app_begin ] --END-- [ RunTime:0.000000s ]
SQL: SHOW COLUMNS FROM `guitar_proposal` [ RunTime:0.0040s ]
SQL: SELECT * FROM guitar_proposal ORDER BY z desc LIMIT 0,10 [ RunTime:0.0050s ]
SQL: SELECT * FROM guitar_proposal ORDER BY create_time desc LIMIT 0,10 [ RunTime:0.0050s ]

[ 2017-11-10T16:58:11+08:00 ] ::1 /WeChat/index.php?m=Home&c=Proposal&a=saveProposal
INFO: [ app_init ] --START--
INFO: Run Behavior\BuildLiteBehavior [ RunTime:0.000000s ]
INFO: [ app_init ] --END-- [ RunTime:0.001000s ]
INFO: [ app_begin ] --START--
INFO: Run Behavior\ReadHtmlCacheBehavior [ RunTime:0.001000s ]
INFO: [ app_begin ] --END-- [ RunTime:0.001000s ]
SQL: SHOW COLUMNS FROM `guitar_proposal` [ RunTime:0.0080s ]
SQL: SHOW COLUMNS FROM `guitar_proposal` [ RunTime:0.0050s ]
SQL: INSERT INTO `guitar_proposal` (`userid`,`comment`,`create_time`) VALUES ('27','21323131','2017:11:10 16:58:11') [ RunTime:0.0080s ]

[ 2017-11-10T16:58:29+08:00 ] ::1 /WeChat/index.php?m=Home&c=Proposal&a=getProposal&page=1
INFO: [ app_init ] --START--
INFO: Run Behavior\BuildLiteBehavior [ RunTime:0.000000s ]
INFO: [ app_init ] --END-- [ RunTime:0.000000s ]
INFO: [ app_begin ] --START--
INFO: Run Behavior\ReadHtmlCacheBehavior [ RunTime:0.001000s ]
INFO: [ app_begin ] --END-- [ RunTime:0.001000s ]
SQL: SHOW COLUMNS FROM `guitar_proposal` [ RunTime:0.0080s ]
SQL: SELECT * FROM guitar_proposal ORDER BY z desc LIMIT 0,10 [ RunTime:0.0060s ]
SQL: SELECT * FROM guitar_proposal ORDER BY create_time desc LIMIT 0,10 [ RunTime:0.0060s ]

[ 2017-11-10T16:59:23+08:00 ] ::1 /WeChat/index.php?m=Home&c=Proposal&a=saveProposal
INFO: [ app_init ] --START--
INFO: Run Behavior\BuildLiteBehavior [ RunTime:0.000000s ]
INFO: [ app_init ] --END-- [ RunTime:0.000000s ]
INFO: [ app_begin ] --START--
INFO: Run Behavior\ReadHtmlCacheBehavior [ RunTime:0.000000s ]
INFO: [ app_begin ] --END-- [ RunTime:0.001000s ]
SQL: SHOW COLUMNS FROM `guitar_proposal` [ RunTime:0.0040s ]
SQL: SHOW COLUMNS FROM `guitar_proposal` [ RunTime:0.0040s ]
SQL: INSERT INTO `guitar_proposal` (`userid`,`comment`,`create_time`) VALUES ('27','我觉得还是不错的','2017:11:10 16:59:23') [ RunTime:0.0070s ]

[ 2017-11-10T17:00:59+08:00 ] ::1 /WeChat/index.php?m=Home&c=Proposal&a=getProposal&page=1
INFO: [ app_init ] --START--
INFO: Run Behavior\BuildLiteBehavior [ RunTime:0.000000s ]
INFO: [ app_init ] --END-- [ RunTime:0.001000s ]
INFO: [ app_begin ] --START--
INFO: Run Behavior\ReadHtmlCacheBehavior [ RunTime:0.000000s ]
INFO: [ app_begin ] --END-- [ RunTime:0.000000s ]
SQL: SHOW COLUMNS FROM `guitar_proposal` [ RunTime:0.0050s ]
SQL: SELECT * FROM guitar_proposal ORDER BY z desc LIMIT 0,10 [ RunTime:0.0060s ]
SQL: SELECT * FROM guitar_proposal ORDER BY create_time desc LIMIT 0,10 [ RunTime:0.0050s ]

[ 2017-11-10T17:01:06+08:00 ] ::1 /WeChat/index.php?m=Home&c=Proposal&a=saveProposal
INFO: [ app_init ] --START--
INFO: Run Behavior\BuildLiteBehavior [ RunTime:0.000000s ]
INFO: [ app_init ] --END-- [ RunTime:0.001001s ]
INFO: [ app_begin ] --START--
INFO: Run Behavior\ReadHtmlCacheBehavior [ RunTime:0.000000s ]
INFO: [ app_begin ] --END-- [ RunTime:0.000000s ]
SQL: SHOW COLUMNS FROM `guitar_proposal` [ RunTime:0.0060s ]
SQL: SHOW COLUMNS FROM `guitar_proposal` [ RunTime:0.0060s ]
SQL: INSERT INTO `guitar_proposal` (`userid`,`comment`,`create_time`) VALUES ('27','我也觉得不错','2017:11:10 17:01:06') [ RunTime:0.0080s ]

[ 2017-11-10T17:02:03+08:00 ] ::1 /WeChat/index.php?m=Home&c=Proposal&a=getProposal&page=1
INFO: [ app_init ] --START--
INFO: Run Behavior\BuildLiteBehavior [ RunTime:0.000000s ]
INFO: [ app_init ] --END-- [ RunTime:0.000000s ]
INFO: [ app_begin ] --START--
INFO: Run Behavior\ReadHtmlCacheBehavior [ RunTime:0.001000s ]
INFO: [ app_begin ] --END-- [ RunTime:0.001000s ]
SQL: SHOW COLUMNS FROM `guitar_proposal` [ RunTime:0.0060s ]
SQL: SELECT * FROM guitar_proposal ORDER BY z desc LIMIT 0,10 [ RunTime:0.0060s ]
SQL: SELECT * FROM guitar_proposal ORDER BY create_time desc LIMIT 0,10 [ RunTime:0.0050s ]

[ 2017-11-10T17:02:15+08:00 ] ::1 /WeChat/index.php?m=Home&c=Proposal&a=getProposal&page=1
INFO: [ app_init ] --START--
INFO: Run Behavior\BuildLiteBehavior [ RunTime:0.000000s ]
INFO: [ app_init ] --END-- [ RunTime:0.000000s ]
INFO: [ app_begin ] --START--
INFO: Run Behavior\ReadHtmlCacheBehavior [ RunTime:0.000000s ]
INFO: [ app_begin ] --END-- [ RunTime:0.000000s ]
SQL: SHOW COLUMNS FROM `guitar_proposal` [ RunTime:0.0060s ]
SQL: SELECT * FROM guitar_proposal ORDER BY z desc LIMIT 0,10 [ RunTime:0.0060s ]
SQL: SELECT * FROM guitar_proposal ORDER BY create_time desc LIMIT 0,10 [ RunTime:0.0070s ]

[ 2017-11-10T17:02:37+08:00 ] ::1 /WeChat/index.php?m=Home&c=Proposal&a=getProposal&page=1
INFO: [ app_init ] --START--
INFO: Run Behavior\BuildLiteBehavior [ RunTime:0.000000s ]
INFO: [ app_init ] --END-- [ RunTime:0.000000s ]
INFO: [ app_begin ] --START--
INFO: Run Behavior\ReadHtmlCacheBehavior [ RunTime:0.000000s ]
INFO: [ app_begin ] --END-- [ RunTime:0.000000s ]
SQL: SHOW COLUMNS FROM `guitar_proposal` [ RunTime:0.0050s ]
SQL: SELECT * FROM guitar_proposal ORDER BY z desc LIMIT 0,10 [ RunTime:0.0060s ]
SQL: SELECT * FROM guitar_proposal ORDER BY create_time desc LIMIT 0,10 [ RunTime:0.0060s ]

[ 2017-11-10T17:03:18+08:00 ] ::1 /WeChat/index.php?m=Home&c=Proposal&a=getProposal&page=1
INFO: [ app_init ] --START--
INFO: Run Behavior\BuildLiteBehavior [ RunTime:0.000000s ]
INFO: [ app_init ] --END-- [ RunTime:0.000000s ]
INFO: [ app_begin ] --START--
INFO: Run Behavior\ReadHtmlCacheBehavior [ RunTime:0.001000s ]
INFO: [ app_begin ] --END-- [ RunTime:0.001000s ]
SQL: SHOW COLUMNS FROM `guitar_proposal` [ RunTime:0.0050s ]
SQL: SELECT * FROM guitar_proposal ORDER BY z desc LIMIT 0,10 [ RunTime:0.0050s ]
SQL: SELECT * FROM guitar_proposal ORDER BY create_time desc LIMIT 0,10 [ RunTime:0.0040s ]

[ 2017-11-10T17:03:21+08:00 ] ::1 /WeChat/index.php?m=Home&c=Proposal&a=getProposal&page=1
INFO: [ app_init ] --START--
INFO: Run Behavior\BuildLiteBehavior [ RunTime:0.000000s ]
INFO: [ app_init ] --END-- [ RunTime:0.001000s ]
INFO: [ app_begin ] --START--
INFO: Run Behavior\ReadHtmlCacheBehavior [ RunTime:0.000000s ]
INFO: [ app_begin ] --END-- [ RunTime:0.000000s ]
SQL: SHOW COLUMNS FROM `guitar_proposal` [ RunTime:0.0050s ]
SQL: SELECT * FROM guitar_proposal ORDER BY z desc LIMIT 0,10 [ RunTime:0.0040s ]
SQL: SELECT * FROM guitar_proposal ORDER BY create_time desc LIMIT 0,10 [ RunTime:0.0060s ]

[ 2017-11-10T17:03:26+08:00 ] ::1 /WeChat/index.php?m=Home&c=Proposal&a=saveProposal
INFO: [ app_init ] --START--
INFO: Run Behavior\BuildLiteBehavior [ RunTime:0.000000s ]
INFO: [ app_init ] --END-- [ RunTime:0.001000s ]
INFO: [ app_begin ] --START--
INFO: Run Behavior\ReadHtmlCacheBehavior [ RunTime:0.001000s ]
INFO: [ app_begin ] --END-- [ RunTime:0.001000s ]
SQL: SHOW COLUMNS FROM `guitar_proposal` [ RunTime:0.0060s ]
SQL: SHOW COLUMNS FROM `guitar_proposal` [ RunTime:0.0040s ]
SQL: INSERT INTO `guitar_proposal` (`userid`,`comment`,`create_time`) VALUES ('27','你们说的都对','2017:11:10 17:03:26') [ RunTime:0.0070s ]

[ 2017-11-10T17:05:50+08:00 ] ::1 /WeChat/index.php?m=Home&c=Proposal&a=getProposal&page=1
INFO: [ app_init ] --START--
INFO: Run Behavior\BuildLiteBehavior [ RunTime:0.000000s ]
INFO: [ app_init ] --END-- [ RunTime:0.001000s ]
INFO: [ app_begin ] --START--
INFO: Run Behavior\ReadHtmlCacheBehavior [ RunTime:0.000000s ]
INFO: [ app_begin ] --END-- [ RunTime:0.000000s ]
SQL: SHOW COLUMNS FROM `guitar_proposal` [ RunTime:0.0050s ]
SQL: SELECT * FROM guitar_proposal ORDER BY z desc LIMIT 0,10 [ RunTime:0.0050s ]
SQL: SELECT * FROM guitar_proposal ORDER BY create_time desc LIMIT 0,10 [ RunTime:0.0060s ]

[ 2017-11-10T17:16:07+08:00 ] ::1 /WeChat/index.php?m=Home&c=Proposal&a=getProposal&page=1
INFO: [ app_init ] --START--
INFO: Run Behavior\BuildLiteBehavior [ RunTime:0.000000s ]
INFO: [ app_init ] --END-- [ RunTime:0.001000s ]
INFO: [ app_begin ] --START--
INFO: Run Behavior\ReadHtmlCacheBehavior [ RunTime:0.001000s ]
INFO: [ app_begin ] --END-- [ RunTime:0.001000s ]
SQL: SHOW COLUMNS FROM `guitar_proposal` [ RunTime:0.0060s ]
SQL: SELECT * FROM guitar_proposal ORDER BY z desc LIMIT 0,10 [ RunTime:0.0060s ]
SQL: SELECT * FROM guitar_proposal ORDER BY create_time desc LIMIT 0,10 [ RunTime:0.0050s ]

[ 2017-11-10T17:16:17+08:00 ] ::1 /WeChat/index.php?m=Home&c=Proposal&a=saveProposal
INFO: [ app_init ] --START--
INFO: Run Behavior\BuildLiteBehavior [ RunTime:0.000000s ]
INFO: [ app_init ] --END-- [ RunTime:0.000000s ]
INFO: [ app_begin ] --START--
INFO: Run Behavior\ReadHtmlCacheBehavior [ RunTime:0.000000s ]
INFO: [ app_begin ] --END-- [ RunTime:0.000000s ]
SQL: SHOW COLUMNS FROM `guitar_proposal` [ RunTime:0.0240s ]
SQL: SHOW COLUMNS FROM `guitar_proposal` [ RunTime:0.0210s ]
SQL: INSERT INTO `guitar_proposal` (`userid`,`comment`,`create_time`) VALUES ('27','asdasdasd','2017:11:10 17:16:17') [ RunTime:0.0590s ]

[ 2017-11-10T17:19:50+08:00 ] ::1 /WeChat/index.php?m=Home&c=Proposal&a=getProposal&page=1
INFO: [ app_init ] --START--
INFO: Run Behavior\BuildLiteBehavior [ RunTime:0.000000s ]
INFO: [ app_init ] --END-- [ RunTime:0.000000s ]
INFO: [ app_begin ] --START--
INFO: Run Behavior\ReadHtmlCacheBehavior [ RunTime:0.001000s ]
INFO: [ app_begin ] --END-- [ RunTime:0.001000s ]
SQL: SHOW COLUMNS FROM `guitar_proposal` [ RunTime:0.0180s ]
SQL: SELECT * FROM guitar_proposal ORDER BY z desc LIMIT 0,10 [ RunTime:0.0170s ]
SQL: SELECT * FROM guitar_proposal ORDER BY create_time desc LIMIT 0,10 [ RunTime:0.0200s ]

[ 2017-11-10T17:19:56+08:00 ] ::1 /WeChat/index.php?m=Home&c=Proposal&a=saveProposal
INFO: [ app_init ] --START--
INFO: Run Behavior\BuildLiteBehavior [ RunTime:0.000000s ]
INFO: [ app_init ] --END-- [ RunTime:0.001000s ]
INFO: [ app_begin ] --START--
INFO: Run Behavior\ReadHtmlCacheBehavior [ RunTime:0.001000s ]
INFO: [ app_begin ] --END-- [ RunTime:0.001000s ]
SQL: SHOW COLUMNS FROM `guitar_proposal` [ RunTime:0.0070s ]
SQL: SHOW COLUMNS FROM `guitar_proposal` [ RunTime:0.0070s ]
SQL: INSERT INTO `guitar_proposal` (`userid`,`comment`,`create_time`,`z`) VALUES ('27','撒打算打算的按时按时按时的','2017:11:10 17:19:56','0') [ RunTime:0.0080s ]

