[ 2017-11-06T15:36:43+08:00 ] ::1 /WeChat/
INFO: [ app_init ] --START--
INFO: Run Behavior\BuildLiteBehavior [ RunTime:0.000000s ]
INFO: [ app_init ] --END-- [ RunTime:0.001000s ]
INFO: [ app_begin ] --START--
INFO: Run Behavior\ReadHtmlCacheBehavior [ RunTime:0.001000s ]
INFO: [ app_begin ] --END-- [ RunTime:0.002000s ]
INFO: [ view_parse ] --START--
INFO: [ template_filter ] --START--
INFO: Run Behavior\ContentReplaceBehavior [ RunTime:0.007001s ]
INFO: [ template_filter ] --END-- [ RunTime:0.007001s ]
INFO: Run Behavior\ParseTemplateBehavior [ RunTime:0.014001s ]
INFO: [ view_parse ] --END-- [ RunTime:0.014001s ]
INFO: [ view_filter ] --START--
INFO: Run Behavior\WriteHtmlCacheBehavior [ RunTime:0.000000s ]
INFO: [ view_filter ] --END-- [ RunTime:0.001000s ]
INFO: [ app_end ] --START--
INFO: Run Behavior\ShowPageTraceBehavior [ RunTime:0.001000s ]
INFO: [ app_end ] --END-- [ RunTime:0.001000s ]

[ 2017-11-06T15:38:24+08:00 ] ::1 /WeChat/index.php?m=Home&c=WeChat&a=index
INFO: [ app_init ] --START--
INFO: Run Behavior\BuildLiteBehavior [ RunTime:0.000000s ]
INFO: [ app_init ] --END-- [ RunTime:0.001001s ]
INFO: [ app_begin ] --START--
INFO: Run Behavior\ReadHtmlCacheBehavior [ RunTime:0.001000s ]
INFO: [ app_begin ] --END-- [ RunTime:0.001000s ]
SQL: SHOW COLUMNS FROM `guitar_recommend` [ RunTime:0.0050s ]
SQL: SELECT id, title, time, img, istop, content FROM guitar_recommend ORDER BY istop desc , id DESC [ RunTime:0.0070s ]

[ 2017-11-06T15:38:35+08:00 ] ::1 /WeChat/index.php?m=Home&c=User&a=saveInfo
INFO: [ app_init ] --START--
INFO: Run Behavior\BuildLiteBehavior [ RunTime:0.000000s ]
INFO: [ app_init ] --END-- [ RunTime:0.001000s ]
INFO: [ app_begin ] --START--
INFO: Run Behavior\ReadHtmlCacheBehavior [ RunTime:0.000000s ]
INFO: [ app_begin ] --END-- [ RunTime:0.000000s ]
SQL: SHOW COLUMNS FROM `guitar_user` [ RunTime:0.0280s ]
SQL: SELECT * FROM guitar_user where openid ="oaCDx0K4kVqfmx001SFexlMsV36s" [ RunTime:0.0050s ]

[ 2017-11-06T15:39:41+08:00 ] ::1 /WeChat/index.php?m=Home&c=WeChat&a=getArticle&id=4
INFO: [ app_init ] --START--
INFO: Run Behavior\BuildLiteBehavior [ RunTime:0.000000s ]
INFO: [ app_init ] --END-- [ RunTime:0.001000s ]
INFO: [ app_begin ] --START--
INFO: Run Behavior\ReadHtmlCacheBehavior [ RunTime:0.000000s ]
INFO: [ app_begin ] --END-- [ RunTime:0.000000s ]
SQL: SHOW COLUMNS FROM `guitar_recommend` [ RunTime:0.0050s ]
SQL: SELECT title, author, time, content FROM guitar_recommend where id =4 [ RunTime:0.0050s ]
SQL: SELECT flag FROM guitar_collect where type = "article" and user_id =27 and score_id =4 [ RunTime:0.0040s ]

[ 2017-11-06T15:39:46+08:00 ] ::1 /WeChat/index.php?m=Home&c=User&a=getCollect
INFO: [ app_init ] --START--
INFO: Run Behavior\BuildLiteBehavior [ RunTime:0.000000s ]
INFO: [ app_init ] --END-- [ RunTime:0.000000s ]
INFO: [ app_begin ] --START--
INFO: Run Behavior\ReadHtmlCacheBehavior [ RunTime:0.000000s ]
INFO: [ app_begin ] --END-- [ RunTime:0.001000s ]
SQL: SHOW COLUMNS FROM `guitar_user` [ RunTime:0.0050s ]
NOTIC: [8] Undefined variable: userinfo D:\Software\WampServer\wamp\www\WeChat\Application\Home\Controller\UserController.class.php 第 27 行.
NOTIC: [8] Undefined variable: code D:\Software\WampServer\wamp\www\WeChat\Application\Home\Controller\UserController.class.php 第 27 行.
SQL: SELECT score_id, type FROM guitar_collect where flag = 1 and user_id =27 [ RunTime:0.0050s ]
SQL: SELECT * from guitar_recommend where id in(5,1) [ RunTime:0.0060s ]

[ 2017-11-06T15:39:50+08:00 ] ::1 /WeChat/index.php?m=Home&c=WeChat&a=getArticle&id=4
INFO: [ app_init ] --START--
INFO: Run Behavior\BuildLiteBehavior [ RunTime:0.000000s ]
INFO: [ app_init ] --END-- [ RunTime:0.000000s ]
INFO: [ app_begin ] --START--
INFO: Run Behavior\ReadHtmlCacheBehavior [ RunTime:0.000000s ]
INFO: [ app_begin ] --END-- [ RunTime:0.001000s ]
SQL: SHOW COLUMNS FROM `guitar_recommend` [ RunTime:0.0040s ]
SQL: SELECT title, author, time, content FROM guitar_recommend where id =4 [ RunTime:0.0040s ]
SQL: SELECT flag FROM guitar_collect where type = "article" and user_id =27 and score_id =4 [ RunTime:0.0040s ]

[ 2017-11-06T15:40:22+08:00 ] ::1 /WeChat/index.php?m=Home&c=WeChat&a=index
INFO: [ app_init ] --START--
INFO: Run Behavior\BuildLiteBehavior [ RunTime:0.000000s ]
INFO: [ app_init ] --END-- [ RunTime:0.001000s ]
INFO: [ app_begin ] --START--
INFO: Run Behavior\ReadHtmlCacheBehavior [ RunTime:0.000000s ]
INFO: [ app_begin ] --END-- [ RunTime:0.000000s ]
SQL: SHOW COLUMNS FROM `guitar_recommend` [ RunTime:0.0060s ]
SQL: SELECT id, title, time, img, istop, content FROM guitar_recommend ORDER BY istop desc , id DESC [ RunTime:0.0100s ]

[ 2017-11-06T15:40:30+08:00 ] ::1 /WeChat/index.php?m=Home&c=WeChat&a=index
INFO: [ app_init ] --START--
INFO: Run Behavior\BuildLiteBehavior [ RunTime:0.000000s ]
INFO: [ app_init ] --END-- [ RunTime:0.001001s ]
INFO: [ app_begin ] --START--
INFO: Run Behavior\ReadHtmlCacheBehavior [ RunTime:0.000000s ]
INFO: [ app_begin ] --END-- [ RunTime:0.000000s ]
SQL: SHOW COLUMNS FROM `guitar_recommend` [ RunTime:0.0040s ]
SQL: SELECT id, title, time, img, istop, content FROM guitar_recommend ORDER BY istop desc , id DESC [ RunTime:0.0080s ]

[ 2017-11-06T15:45:01+08:00 ] ::1 /WeChat/index.php?m=Home&c=WeChat&a=index
INFO: [ app_init ] --START--
INFO: Run Behavior\BuildLiteBehavior [ RunTime:0.000000s ]
INFO: [ app_init ] --END-- [ RunTime:0.001000s ]
INFO: [ app_begin ] --START--
INFO: Run Behavior\ReadHtmlCacheBehavior [ RunTime:0.001000s ]
INFO: [ app_begin ] --END-- [ RunTime:0.001000s ]
SQL: SHOW COLUMNS FROM `guitar_recommend` [ RunTime:0.0080s ]
SQL: SELECT id, title, time, img, istop, content FROM guitar_recommend ORDER BY istop desc , id DESC [ RunTime:0.0050s ]

[ 2017-11-06T15:45:05+08:00 ] ::1 /WeChat/index.php?m=Home&c=WeChat&a=getArticle&id=4
INFO: [ app_init ] --START--
INFO: Run Behavior\BuildLiteBehavior [ RunTime:0.000000s ]
INFO: [ app_init ] --END-- [ RunTime:0.001000s ]
INFO: [ app_begin ] --START--
INFO: Run Behavior\ReadHtmlCacheBehavior [ RunTime:0.000000s ]
INFO: [ app_begin ] --END-- [ RunTime:0.000000s ]
SQL: SHOW COLUMNS FROM `guitar_recommend` [ RunTime:0.0060s ]
SQL: SELECT title, author, time, content FROM guitar_recommend where id =4 [ RunTime:0.0060s ]
SQL: SELECT flag FROM guitar_collect where type = "article" and user_id =27 and score_id =4 [ RunTime:0.0060s ]

[ 2017-11-06T15:45:55+08:00 ] ::1 /WeChat/index.php?m=Home&c=WeChat&a=getArticle&id=4
INFO: [ app_init ] --START--
INFO: Run Behavior\BuildLiteBehavior [ RunTime:0.000000s ]
INFO: [ app_init ] --END-- [ RunTime:0.001000s ]
INFO: [ app_begin ] --START--
INFO: Run Behavior\ReadHtmlCacheBehavior [ RunTime:0.000000s ]
INFO: [ app_begin ] --END-- [ RunTime:0.000000s ]
SQL: SHOW COLUMNS FROM `guitar_recommend` [ RunTime:0.0050s ]
SQL: SELECT title, author, time, content FROM guitar_recommend where id =4 [ RunTime:0.0060s ]
SQL: SELECT flag FROM guitar_collect where type = "article" and user_id =27 and score_id =4 [ RunTime:0.0040s ]

[ 2017-11-06T15:48:28+08:00 ] ::1 /WeChat/index.php?m=Home&c=WeChat&a=getScorelist&id=1
INFO: [ app_init ] --START--
INFO: Run Behavior\BuildLiteBehavior [ RunTime:0.000000s ]
INFO: [ app_init ] --END-- [ RunTime:0.001001s ]
INFO: [ app_begin ] --START--
INFO: Run Behavior\ReadHtmlCacheBehavior [ RunTime:0.000000s ]
INFO: [ app_begin ] --END-- [ RunTime:0.001000s ]
SQL: SHOW COLUMNS FROM `guitar_score` [ RunTime:0.0080s ]
SQL: SELECT id, name, author FROM guitar_score ORDER BY follow desc [ RunTime:0.0090s ]

[ 2017-11-06T15:48:29+08:00 ] ::1 /WeChat/index.php?m=Home&c=WeChat&a=getImg&id=4
INFO: [ app_init ] --START--
INFO: Run Behavior\BuildLiteBehavior [ RunTime:0.000000s ]
INFO: [ app_init ] --END-- [ RunTime:0.001001s ]
INFO: [ app_begin ] --START--
INFO: Run Behavior\ReadHtmlCacheBehavior [ RunTime:0.000000s ]
INFO: [ app_begin ] --END-- [ RunTime:0.000000s ]
SQL: SHOW COLUMNS FROM `guitar_score` [ RunTime:0.0060s ]
SQL: SELECT * FROM guitar_score where id = 4 [ RunTime:0.0070s ]
SQL: SELECT flag FROM guitar_collect where type = "score" and user_id =27 and score_id =4 [ RunTime:0.0070s ]
NOTIC: [8] Undefined offset: 0 D:\Software\WampServer\wamp\www\WeChat\Application\Home\Model\ScoreModel.class.php 第 39 行.

[ 2017-11-06T15:51:32+08:00 ] ::1 /WeChat/index.php?m=Home&c=WeChat&a=index
INFO: [ app_init ] --START--
INFO: Run Behavior\BuildLiteBehavior [ RunTime:0.000000s ]
INFO: [ app_init ] --END-- [ RunTime:0.001000s ]
INFO: [ app_begin ] --START--
INFO: Run Behavior\ReadHtmlCacheBehavior [ RunTime:0.001000s ]
INFO: [ app_begin ] --END-- [ RunTime:0.002000s ]
SQL: SHOW COLUMNS FROM `guitar_recommend` [ RunTime:0.0060s ]
SQL: SELECT id, title, time, img, istop, content FROM guitar_recommend ORDER BY istop desc , id DESC [ RunTime:0.0310s ]

[ 2017-11-06T15:53:49+08:00 ] ::1 /WeChat/index.php?m=Home&c=WeChat&a=getScorelist&id=1
INFO: [ app_init ] --START--
INFO: Run Behavior\BuildLiteBehavior [ RunTime:0.000000s ]
INFO: [ app_init ] --END-- [ RunTime:0.000000s ]
INFO: [ app_begin ] --START--
INFO: Run Behavior\ReadHtmlCacheBehavior [ RunTime:0.000000s ]
INFO: [ app_begin ] --END-- [ RunTime:0.001000s ]
SQL: SHOW COLUMNS FROM `guitar_score` [ RunTime:0.0060s ]
SQL: SELECT id, name, author FROM guitar_score ORDER BY follow desc [ RunTime:0.0110s ]

[ 2017-11-06T15:53:50+08:00 ] ::1 /WeChat/index.php?m=Home&c=WeChat&a=getImg&id=4
INFO: [ app_init ] --START--
INFO: Run Behavior\BuildLiteBehavior [ RunTime:0.000000s ]
INFO: [ app_init ] --END-- [ RunTime:0.001000s ]
INFO: [ app_begin ] --START--
INFO: Run Behavior\ReadHtmlCacheBehavior [ RunTime:0.000000s ]
INFO: [ app_begin ] --END-- [ RunTime:0.000000s ]
SQL: SHOW COLUMNS FROM `guitar_score` [ RunTime:0.0060s ]
SQL: SELECT * FROM guitar_score where id = 4 [ RunTime:0.0050s ]
SQL: SELECT flag FROM guitar_collect where type = "score" and user_id =27 and score_id =4 [ RunTime:0.0060s ]
NOTIC: [8] Undefined offset: 0 D:\Software\WampServer\wamp\www\WeChat\Application\Home\Model\ScoreModel.class.php 第 39 行.

[ 2017-11-06T15:53:53+08:00 ] ::1 /WeChat/index.php?m=Home&c=User&a=saveInfo
INFO: [ app_init ] --START--
INFO: Run Behavior\BuildLiteBehavior [ RunTime:0.000000s ]
INFO: [ app_init ] --END-- [ RunTime:0.001000s ]
INFO: [ app_begin ] --START--
INFO: Run Behavior\ReadHtmlCacheBehavior [ RunTime:0.000000s ]
INFO: [ app_begin ] --END-- [ RunTime:0.001000s ]
SQL: SHOW COLUMNS FROM `guitar_user` [ RunTime:0.0050s ]
SQL: SELECT * FROM guitar_user where openid ="oaCDx0K4kVqfmx001SFexlMsV36s" [ RunTime:0.0060s ]

[ 2017-11-06T15:53:53+08:00 ] ::1 /WeChat/index.php?m=Home&c=User&a=collectorWrite
INFO: [ app_init ] --START--
INFO: Run Behavior\BuildLiteBehavior [ RunTime:0.000000s ]
INFO: [ app_init ] --END-- [ RunTime:0.000000s ]
INFO: [ app_begin ] --START--
INFO: Run Behavior\ReadHtmlCacheBehavior [ RunTime:0.001000s ]
INFO: [ app_begin ] --END-- [ RunTime:0.001000s ]

[ 2017-11-06T15:54:07+08:00 ] ::1 /WeChat/index.php?m=Home&c=User&a=getCollect
INFO: [ app_init ] --START--
INFO: Run Behavior\BuildLiteBehavior [ RunTime:0.000000s ]
INFO: [ app_init ] --END-- [ RunTime:0.001000s ]
INFO: [ app_begin ] --START--
INFO: Run Behavior\ReadHtmlCacheBehavior [ RunTime:0.001000s ]
INFO: [ app_begin ] --END-- [ RunTime:0.001000s ]
SQL: SHOW COLUMNS FROM `guitar_user` [ RunTime:0.0040s ]
NOTIC: [8] Undefined variable: userinfo D:\Software\WampServer\wamp\www\WeChat\Application\Home\Controller\UserController.class.php 第 29 行.
NOTIC: [8] Undefined variable: code D:\Software\WampServer\wamp\www\WeChat\Application\Home\Controller\UserController.class.php 第 29 行.
SQL: SELECT score_id, type FROM guitar_collect where flag = 1 and user_id =27 [ RunTime:0.0160s ]
SQL: SELECT * from guitar_recommend where id in(4,5) [ RunTime:0.0050s ]

[ 2017-11-06T15:54:15+08:00 ] ::1 /WeChat/index.php?m=Home&c=WeChat&a=index
INFO: [ app_init ] --START--
INFO: Run Behavior\BuildLiteBehavior [ RunTime:0.000000s ]
INFO: [ app_init ] --END-- [ RunTime:0.001000s ]
INFO: [ app_begin ] --START--
INFO: Run Behavior\ReadHtmlCacheBehavior [ RunTime:0.001000s ]
INFO: [ app_begin ] --END-- [ RunTime:0.001000s ]
SQL: SHOW COLUMNS FROM `guitar_recommend` [ RunTime:0.0090s ]
SQL: SELECT id, title, time, img, istop, content FROM guitar_recommend ORDER BY istop desc , id DESC [ RunTime:0.0080s ]

[ 2017-11-06T15:54:19+08:00 ] ::1 /WeChat/index.php?m=Home&c=User&a=getCollect
INFO: [ app_init ] --START--
INFO: Run Behavior\BuildLiteBehavior [ RunTime:0.000000s ]
INFO: [ app_init ] --END-- [ RunTime:0.001000s ]
INFO: [ app_begin ] --START--
INFO: Run Behavior\ReadHtmlCacheBehavior [ RunTime:0.000000s ]
INFO: [ app_begin ] --END-- [ RunTime:0.000000s ]
SQL: SHOW COLUMNS FROM `guitar_user` [ RunTime:0.0060s ]
NOTIC: [8] Undefined variable: userinfo D:\Software\WampServer\wamp\www\WeChat\Application\Home\Controller\UserController.class.php 第 29 行.
NOTIC: [8] Undefined variable: code D:\Software\WampServer\wamp\www\WeChat\Application\Home\Controller\UserController.class.php 第 29 行.
SQL: SELECT score_id, type FROM guitar_collect where flag = 1 and user_id =27 [ RunTime:0.0070s ]
SQL: SELECT * from guitar_recommend where id in(4,5) [ RunTime:0.0070s ]

[ 2017-11-06T15:57:05+08:00 ] ::1 /WeChat/index.php?m=Home&c=WeChat&a=index
INFO: [ app_init ] --START--
INFO: Run Behavior\BuildLiteBehavior [ RunTime:0.000000s ]
INFO: [ app_init ] --END-- [ RunTime:0.000000s ]
INFO: [ app_begin ] --START--
INFO: Run Behavior\ReadHtmlCacheBehavior [ RunTime:0.001000s ]
INFO: [ app_begin ] --END-- [ RunTime:0.001000s ]
SQL: SHOW COLUMNS FROM `guitar_recommend` [ RunTime:0.0050s ]
SQL: SELECT id, title, time, img, istop, content FROM guitar_recommend ORDER BY istop desc , id DESC [ RunTime:0.0080s ]

[ 2017-11-06T15:57:09+08:00 ] ::1 /WeChat/index.php?m=Home&c=User&a=getCollect
INFO: [ app_init ] --START--
INFO: Run Behavior\BuildLiteBehavior [ RunTime:0.000000s ]
INFO: [ app_init ] --END-- [ RunTime:0.002000s ]
INFO: [ app_begin ] --START--
INFO: Run Behavior\ReadHtmlCacheBehavior [ RunTime:0.001000s ]
INFO: [ app_begin ] --END-- [ RunTime:0.001000s ]
SQL: SHOW COLUMNS FROM `guitar_user` [ RunTime:0.0070s ]
NOTIC: [8] Undefined variable: userinfo D:\Software\WampServer\wamp\www\WeChat\Application\Home\Controller\UserController.class.php 第 27 行.
NOTIC: [8] Undefined variable: code D:\Software\WampServer\wamp\www\WeChat\Application\Home\Controller\UserController.class.php 第 27 行.
SQL: SELECT score_id, type FROM guitar_collect where flag = 1 and user_id =27 [ RunTime:0.0100s ]
SQL: SELECT id, name, author from guitar_score where id in(8) [ RunTime:0.0080s ]

[ 2017-11-06T15:58:42+08:00 ] ::1 /WeChat/index.php?m=Home&c=WeChat&a=getArticle&id=4
INFO: [ app_init ] --START--
INFO: Run Behavior\BuildLiteBehavior [ RunTime:0.000000s ]
INFO: [ app_init ] --END-- [ RunTime:0.001000s ]
INFO: [ app_begin ] --START--
INFO: Run Behavior\ReadHtmlCacheBehavior [ RunTime:0.001000s ]
INFO: [ app_begin ] --END-- [ RunTime:0.001000s ]
SQL: SHOW COLUMNS FROM `guitar_recommend` [ RunTime:0.0040s ]
SQL: SELECT title, author, time, content FROM guitar_recommend where id =4 [ RunTime:0.0040s ]
SQL: SELECT flag FROM guitar_collect where type = "article" and user_id =27 and score_id =4 [ RunTime:0.0060s ]
NOTIC: [8] Undefined offset: 0 D:\Software\WampServer\wamp\www\WeChat\Application\Home\Model\RecommendModel.class.php 第 28 行.

[ 2017-11-06T15:58:44+08:00 ] ::1 /WeChat/index.php?m=Home&c=User&a=saveInfo
INFO: [ app_init ] --START--
INFO: Run Behavior\BuildLiteBehavior [ RunTime:0.000000s ]
INFO: [ app_init ] --END-- [ RunTime:0.000000s ]
INFO: [ app_begin ] --START--
INFO: Run Behavior\ReadHtmlCacheBehavior [ RunTime:0.001000s ]
INFO: [ app_begin ] --END-- [ RunTime:0.001000s ]
SQL: SHOW COLUMNS FROM `guitar_user` [ RunTime:0.0040s ]
SQL: SELECT * FROM guitar_user where openid ="oaCDx0K4kVqfmx001SFexlMsV36s" [ RunTime:0.0050s ]

[ 2017-11-06T15:58:45+08:00 ] ::1 /WeChat/index.php?m=Home&c=User&a=collectorWrite
INFO: [ app_init ] --START--
INFO: Run Behavior\BuildLiteBehavior [ RunTime:0.000000s ]
INFO: [ app_init ] --END-- [ RunTime:0.000000s ]
INFO: [ app_begin ] --START--
INFO: Run Behavior\ReadHtmlCacheBehavior [ RunTime:0.001000s ]
INFO: [ app_begin ] --END-- [ RunTime:0.001000s ]
SQL: SHOW COLUMNS FROM `guitar_user` [ RunTime:0.0060s ]
SQL: select * from guitar_collect WHERE user_id = 27 and score_id = 4 [ RunTime:0.0060s ]
SQL: SHOW COLUMNS FROM `guitar_collect` [ RunTime:0.0050s ]
SQL: INSERT INTO `guitar_collect` (`user_id`,`score_id`,`type`,`flag`,`create_time`) VALUES ('27','4','article','1','2017:11:06 15:58') [ RunTime:0.0100s ]

[ 2017-11-06T15:58:50+08:00 ] ::1 /WeChat/index.php?m=Home&c=User&a=getCollect
INFO: [ app_init ] --START--
INFO: Run Behavior\BuildLiteBehavior [ RunTime:0.000000s ]
INFO: [ app_init ] --END-- [ RunTime:0.001000s ]
INFO: [ app_begin ] --START--
INFO: Run Behavior\ReadHtmlCacheBehavior [ RunTime:0.000000s ]
INFO: [ app_begin ] --END-- [ RunTime:0.001000s ]
SQL: SHOW COLUMNS FROM `guitar_user` [ RunTime:0.0050s ]
NOTIC: [8] Undefined variable: userinfo D:\Software\WampServer\wamp\www\WeChat\Application\Home\Controller\UserController.class.php 第 27 行.
NOTIC: [8] Undefined variable: code D:\Software\WampServer\wamp\www\WeChat\Application\Home\Controller\UserController.class.php 第 27 行.
SQL: SELECT score_id, type FROM guitar_collect where flag = 1 and user_id =27 [ RunTime:0.0040s ]
SQL: SELECT id, name, author from guitar_score where id in(8) [ RunTime:0.0040s ]
SQL: SELECT * from guitar_recommend where id in(4) [ RunTime:0.0040s ]

[ 2017-11-06T15:59:49+08:00 ] ::1 /WeChat/index.php?m=Home&c=WeChat&a=getArticle&id=4
INFO: [ app_init ] --START--
INFO: Run Behavior\BuildLiteBehavior [ RunTime:0.000000s ]
INFO: [ app_init ] --END-- [ RunTime:0.000000s ]
INFO: [ app_begin ] --START--
INFO: Run Behavior\ReadHtmlCacheBehavior [ RunTime:0.000000s ]
INFO: [ app_begin ] --END-- [ RunTime:0.000000s ]
SQL: SHOW COLUMNS FROM `guitar_recommend` [ RunTime:0.0050s ]
SQL: SELECT title, author, time, content FROM guitar_recommend where id =4 [ RunTime:0.0060s ]
SQL: SELECT flag FROM guitar_collect where type = "article" and user_id =27 and score_id =4 [ RunTime:0.0050s ]

[ 2017-11-06T15:59:52+08:00 ] ::1 /WeChat/index.php?m=Home&c=User&a=saveInfo
INFO: [ app_init ] --START--
INFO: Run Behavior\BuildLiteBehavior [ RunTime:0.000000s ]
INFO: [ app_init ] --END-- [ RunTime:0.001000s ]
INFO: [ app_begin ] --START--
INFO: Run Behavior\ReadHtmlCacheBehavior [ RunTime:0.000000s ]
INFO: [ app_begin ] --END-- [ RunTime:0.000000s ]
SQL: SHOW COLUMNS FROM `guitar_user` [ RunTime:0.0050s ]
SQL: SELECT * FROM guitar_user where openid ="oaCDx0K4kVqfmx001SFexlMsV36s" [ RunTime:0.0060s ]

[ 2017-11-06T15:59:52+08:00 ] ::1 /WeChat/index.php?m=Home&c=User&a=collectorWrite
INFO: [ app_init ] --START--
INFO: Run Behavior\BuildLiteBehavior [ RunTime:0.000000s ]
INFO: [ app_init ] --END-- [ RunTime:0.000000s ]
INFO: [ app_begin ] --START--
INFO: Run Behavior\ReadHtmlCacheBehavior [ RunTime:0.001000s ]
INFO: [ app_begin ] --END-- [ RunTime:0.001000s ]
SQL: SHOW COLUMNS FROM `guitar_user` [ RunTime:0.0070s ]
SQL: select * from guitar_collect WHERE user_id = 27 and score_id = 4 [ RunTime:0.0070s ]
SQL: SHOW COLUMNS FROM `guitar_collect` [ RunTime:0.0100s ]
NOTIC: [2] Illegal offset type in isset or empty D:\Software\WampServer\wamp\www\WeChat\ThinkPHP\Library\Think\Model.class.php 第 445 行.
SQL: UPDATE `guitar_collect` SET `flag`='0' WHERE ( user_id=27 and score_id=4 ) [ RunTime:0.0090s ]

[ 2017-11-06T15:59:58+08:00 ] ::1 /WeChat/index.php?m=Home&c=User&a=getCollect
INFO: [ app_init ] --START--
INFO: Run Behavior\BuildLiteBehavior [ RunTime:0.001000s ]
INFO: [ app_init ] --END-- [ RunTime:0.001000s ]
INFO: [ app_begin ] --START--
INFO: Run Behavior\ReadHtmlCacheBehavior [ RunTime:0.000000s ]
INFO: [ app_begin ] --END-- [ RunTime:0.000000s ]
SQL: SHOW COLUMNS FROM `guitar_user` [ RunTime:0.0050s ]
NOTIC: [8] Undefined variable: userinfo D:\Software\WampServer\wamp\www\WeChat\Application\Home\Controller\UserController.class.php 第 27 行.
NOTIC: [8] Undefined variable: code D:\Software\WampServer\wamp\www\WeChat\Application\Home\Controller\UserController.class.php 第 27 行.
SQL: SELECT score_id, type FROM guitar_collect where flag = 1 and user_id =27 [ RunTime:0.0050s ]
SQL: SELECT id, name, author from guitar_score where id in(8) [ RunTime:0.0050s ]

[ 2017-11-06T16:01:57+08:00 ] ::1 /WeChat/index.php?m=Home&c=WeChat&a=index
INFO: [ app_init ] --START--
INFO: Run Behavior\BuildLiteBehavior [ RunTime:0.000000s ]
INFO: [ app_init ] --END-- [ RunTime:0.001000s ]
INFO: [ app_begin ] --START--
INFO: Run Behavior\ReadHtmlCacheBehavior [ RunTime:0.000000s ]
INFO: [ app_begin ] --END-- [ RunTime:0.000000s ]
SQL: SHOW COLUMNS FROM `guitar_recommend` [ RunTime:0.0040s ]
SQL: SELECT id, title, time, img, istop, content FROM guitar_recommend ORDER BY istop desc , id DESC [ RunTime:0.0070s ]

[ 2017-11-06T16:25:07+08:00 ] ::1 /WeChat/index.php?m=Home&c=WeChat&a=index
INFO: [ app_init ] --START--
INFO: Run Behavior\BuildLiteBehavior [ RunTime:0.000000s ]
INFO: [ app_init ] --END-- [ RunTime:0.015000s ]
INFO: [ app_begin ] --START--
INFO: Run Behavior\ReadHtmlCacheBehavior [ RunTime:0.002000s ]
INFO: [ app_begin ] --END-- [ RunTime:0.002000s ]
SQL: SHOW COLUMNS FROM `guitar_recommend` [ RunTime:0.0110s ]
SQL: SELECT id, title, time, img, istop, content FROM guitar_recommend ORDER BY istop desc , id DESC [ RunTime:0.0090s ]

[ 2017-11-06T16:26:40+08:00 ] ::1 /WeChat/index.php?m=Home&c=User&a=getCollect
INFO: [ app_init ] --START--
INFO: Run Behavior\BuildLiteBehavior [ RunTime:0.000000s ]
INFO: [ app_init ] --END-- [ RunTime:0.001000s ]
INFO: [ app_begin ] --START--
INFO: Run Behavior\ReadHtmlCacheBehavior [ RunTime:0.000000s ]
INFO: [ app_begin ] --END-- [ RunTime:0.000000s ]
SQL: SHOW COLUMNS FROM `guitar_user` [ RunTime:0.0070s ]
NOTIC: [8] Undefined variable: userinfo D:\Software\WampServer\wamp\www\WeChat\Application\Home\Controller\UserController.class.php 第 27 行.
NOTIC: [8] Undefined variable: code D:\Software\WampServer\wamp\www\WeChat\Application\Home\Controller\UserController.class.php 第 27 行.
SQL: SELECT score_id, type FROM guitar_collect where flag = 1 and user_id =27 [ RunTime:0.0110s ]
SQL: SELECT id, name, author from guitar_score where id in(8) [ RunTime:0.0050s ]

[ 2017-11-06T16:27:10+08:00 ] ::1 /WeChat/index.php?m=Home&c=WeChat&a=index
INFO: [ app_init ] --START--
INFO: Run Behavior\BuildLiteBehavior [ RunTime:0.000000s ]
INFO: [ app_init ] --END-- [ RunTime:0.000000s ]
INFO: [ app_begin ] --START--
INFO: Run Behavior\ReadHtmlCacheBehavior [ RunTime:0.001000s ]
INFO: [ app_begin ] --END-- [ RunTime:0.001000s ]
SQL: SHOW COLUMNS FROM `guitar_recommend` [ RunTime:0.0300s ]
SQL: SELECT id, title, time, img, istop, content FROM guitar_recommend ORDER BY istop desc , id DESC [ RunTime:0.0230s ]

[ 2017-11-06T16:27:12+08:00 ] ::1 /WeChat/index.php?m=Home&c=User&a=getCollect
INFO: [ app_init ] --START--
INFO: Run Behavior\BuildLiteBehavior [ RunTime:0.000000s ]
INFO: [ app_init ] --END-- [ RunTime:0.001000s ]
INFO: [ app_begin ] --START--
INFO: Run Behavior\ReadHtmlCacheBehavior [ RunTime:0.000000s ]
INFO: [ app_begin ] --END-- [ RunTime:0.000000s ]
SQL: SHOW COLUMNS FROM `guitar_user` [ RunTime:0.0210s ]
NOTIC: [8] Undefined variable: userinfo D:\Software\WampServer\wamp\www\WeChat\Application\Home\Controller\UserController.class.php 第 27 行.
NOTIC: [8] Undefined variable: code D:\Software\WampServer\wamp\www\WeChat\Application\Home\Controller\UserController.class.php 第 27 行.
SQL: SELECT score_id, type FROM guitar_collect where flag = 1 and user_id =27 [ RunTime:0.0240s ]
SQL: SELECT id, name, author from guitar_score where id in(8) [ RunTime:0.0180s ]

[ 2017-11-06T16:27:53+08:00 ] ::1 /WeChat/index.php?m=Home&c=WeChat&a=index
INFO: [ app_init ] --START--
INFO: Run Behavior\BuildLiteBehavior [ RunTime:0.000000s ]
INFO: [ app_init ] --END-- [ RunTime:0.000000s ]
INFO: [ app_begin ] --START--
INFO: Run Behavior\ReadHtmlCacheBehavior [ RunTime:0.001000s ]
INFO: [ app_begin ] --END-- [ RunTime:0.001000s ]
SQL: SHOW COLUMNS FROM `guitar_recommend` [ RunTime:0.0050s ]
SQL: SELECT id, title, time, img, istop, content FROM guitar_recommend ORDER BY istop desc , id DESC [ RunTime:0.0070s ]

[ 2017-11-06T16:27:57+08:00 ] ::1 /WeChat/index.php?m=Home&c=User&a=getCollect
INFO: [ app_init ] --START--
INFO: Run Behavior\BuildLiteBehavior [ RunTime:0.000000s ]
INFO: [ app_init ] --END-- [ RunTime:0.000000s ]
INFO: [ app_begin ] --START--
INFO: Run Behavior\ReadHtmlCacheBehavior [ RunTime:0.001000s ]
INFO: [ app_begin ] --END-- [ RunTime:0.001000s ]
SQL: SHOW COLUMNS FROM `guitar_user` [ RunTime:0.0150s ]
NOTIC: [8] Undefined variable: userinfo D:\Software\WampServer\wamp\www\WeChat\Application\Home\Controller\UserController.class.php 第 27 行.
NOTIC: [8] Undefined variable: code D:\Software\WampServer\wamp\www\WeChat\Application\Home\Controller\UserController.class.php 第 27 行.
SQL: SELECT score_id, type FROM guitar_collect where flag = 1 and user_id =27 [ RunTime:0.0220s ]
SQL: SELECT id, name, author from guitar_score where id in(8) [ RunTime:0.0280s ]

[ 2017-11-06T16:28:21+08:00 ] ::1 /WeChat/index.php?m=Home&c=WeChat&a=index
INFO: [ app_init ] --START--
INFO: Run Behavior\BuildLiteBehavior [ RunTime:0.000000s ]
INFO: [ app_init ] --END-- [ RunTime:0.001000s ]
INFO: [ app_begin ] --START--
INFO: Run Behavior\ReadHtmlCacheBehavior [ RunTime:0.000000s ]
INFO: [ app_begin ] --END-- [ RunTime:0.000000s ]
SQL: SHOW COLUMNS FROM `guitar_recommend` [ RunTime:0.0080s ]
SQL: SELECT id, title, time, img, istop, content FROM guitar_recommend ORDER BY istop desc , id DESC [ RunTime:0.2400s ]

[ 2017-11-06T16:28:22+08:00 ] ::1 /WeChat/index.php?m=Home&c=User&a=getCollect
INFO: [ app_init ] --START--
INFO: Run Behavior\BuildLiteBehavior [ RunTime:0.000000s ]
INFO: [ app_init ] --END-- [ RunTime:0.000000s ]
INFO: [ app_begin ] --START--
INFO: Run Behavior\ReadHtmlCacheBehavior [ RunTime:0.000000s ]
INFO: [ app_begin ] --END-- [ RunTime:0.001000s ]
SQL: SHOW COLUMNS FROM `guitar_user` [ RunTime:0.0060s ]
NOTIC: [8] Undefined variable: userinfo D:\Software\WampServer\wamp\www\WeChat\Application\Home\Controller\UserController.class.php 第 27 行.
NOTIC: [8] Undefined variable: code D:\Software\WampServer\wamp\www\WeChat\Application\Home\Controller\UserController.class.php 第 27 行.
SQL: SELECT score_id, type FROM guitar_collect where flag = 1 and user_id =27 [ RunTime:0.0070s ]
SQL: SELECT id, name, author from guitar_score where id in(8) [ RunTime:0.0160s ]

[ 2017-11-06T16:33:06+08:00 ] ::1 /WeChat/index.php?m=Home&c=WeChat&a=index
INFO: [ app_init ] --START--
INFO: Run Behavior\BuildLiteBehavior [ RunTime:0.000000s ]
INFO: [ app_init ] --END-- [ RunTime:0.000000s ]
INFO: [ app_begin ] --START--
INFO: Run Behavior\ReadHtmlCacheBehavior [ RunTime:0.001000s ]
INFO: [ app_begin ] --END-- [ RunTime:0.001000s ]
SQL: SHOW COLUMNS FROM `guitar_recommend` [ RunTime:0.0050s ]
SQL: SELECT id, title, time, img, istop, content FROM guitar_recommend ORDER BY istop desc , id DESC [ RunTime:0.0060s ]

[ 2017-11-06T16:33:12+08:00 ] ::1 /WeChat/index.php?m=Home&c=WeChat&a=index
INFO: [ app_init ] --START--
INFO: Run Behavior\BuildLiteBehavior [ RunTime:0.000000s ]
INFO: [ app_init ] --END-- [ RunTime:0.000000s ]
INFO: [ app_begin ] --START--
INFO: Run Behavior\ReadHtmlCacheBehavior [ RunTime:0.001000s ]
INFO: [ app_begin ] --END-- [ RunTime:0.001000s ]
SQL: SHOW COLUMNS FROM `guitar_recommend` [ RunTime:0.0060s ]
SQL: SELECT id, title, time, img, istop, content FROM guitar_recommend ORDER BY istop desc , id DESC [ RunTime:0.0070s ]

[ 2017-11-06T16:33:13+08:00 ] ::1 /WeChat/index.php?m=Home&c=User&a=getCollect
INFO: [ app_init ] --START--
INFO: Run Behavior\BuildLiteBehavior [ RunTime:0.000000s ]
INFO: [ app_init ] --END-- [ RunTime:0.000000s ]
INFO: [ app_begin ] --START--
INFO: Run Behavior\ReadHtmlCacheBehavior [ RunTime:0.000000s ]
INFO: [ app_begin ] --END-- [ RunTime:0.000000s ]
SQL: SHOW COLUMNS FROM `guitar_user` [ RunTime:0.0070s ]
NOTIC: [8] Undefined variable: userinfo D:\Software\WampServer\wamp\www\WeChat\Application\Home\Controller\UserController.class.php 第 27 行.
NOTIC: [8] Undefined variable: code D:\Software\WampServer\wamp\www\WeChat\Application\Home\Controller\UserController.class.php 第 27 行.
SQL: SELECT score_id, type FROM guitar_collect where flag = 1 and user_id =27 [ RunTime:0.0050s ]
SQL: SELECT id, name, author from guitar_score where id in(8) [ RunTime:0.0060s ]

[ 2017-11-06T16:33:16+08:00 ] ::1 /WeChat/index.php?m=Home&c=WeChat&a=index
INFO: [ app_init ] --START--
INFO: Run Behavior\BuildLiteBehavior [ RunTime:0.000000s ]
INFO: [ app_init ] --END-- [ RunTime:0.001000s ]
INFO: [ app_begin ] --START--
INFO: Run Behavior\ReadHtmlCacheBehavior [ RunTime:0.001000s ]
INFO: [ app_begin ] --END-- [ RunTime:0.001000s ]
SQL: SHOW COLUMNS FROM `guitar_recommend` [ RunTime:0.0060s ]
SQL: SELECT id, title, time, img, istop, content FROM guitar_recommend ORDER BY istop desc , id DESC [ RunTime:0.0090s ]

[ 2017-11-06T16:33:20+08:00 ] ::1 /WeChat/index.php?m=Home&c=WeChat&a=index
INFO: [ app_init ] --START--
INFO: Run Behavior\BuildLiteBehavior [ RunTime:0.000000s ]
INFO: [ app_init ] --END-- [ RunTime:0.000000s ]
INFO: [ app_begin ] --START--
INFO: Run Behavior\ReadHtmlCacheBehavior [ RunTime:0.000000s ]
INFO: [ app_begin ] --END-- [ RunTime:0.001000s ]
SQL: SHOW COLUMNS FROM `guitar_recommend` [ RunTime:0.0060s ]
SQL: SELECT id, title, time, img, istop, content FROM guitar_recommend ORDER BY istop desc , id DESC [ RunTime:0.0060s ]

[ 2017-11-06T16:33:22+08:00 ] ::1 /WeChat/index.php?m=Home&c=User&a=getCollect
INFO: [ app_init ] --START--
INFO: Run Behavior\BuildLiteBehavior [ RunTime:0.000000s ]
INFO: [ app_init ] --END-- [ RunTime:0.001000s ]
INFO: [ app_begin ] --START--
INFO: Run Behavior\ReadHtmlCacheBehavior [ RunTime:0.001000s ]
INFO: [ app_begin ] --END-- [ RunTime:0.001000s ]
SQL: SHOW COLUMNS FROM `guitar_user` [ RunTime:0.0060s ]
NOTIC: [8] Undefined variable: userinfo D:\Software\WampServer\wamp\www\WeChat\Application\Home\Controller\UserController.class.php 第 27 行.
NOTIC: [8] Undefined variable: code D:\Software\WampServer\wamp\www\WeChat\Application\Home\Controller\UserController.class.php 第 27 行.
SQL: SELECT score_id, type FROM guitar_collect where flag = 1 and user_id =27 [ RunTime:0.0040s ]
SQL: SELECT id, name, author from guitar_score where id in(8) [ RunTime:0.0040s ]

[ 2017-11-06T16:33:26+08:00 ] ::1 /WeChat/index.php?m=Home&c=WeChat&a=index
INFO: [ app_init ] --START--
INFO: Run Behavior\BuildLiteBehavior [ RunTime:0.000000s ]
INFO: [ app_init ] --END-- [ RunTime:0.001000s ]
INFO: [ app_begin ] --START--
INFO: Run Behavior\ReadHtmlCacheBehavior [ RunTime:0.000000s ]
INFO: [ app_begin ] --END-- [ RunTime:0.000000s ]
SQL: SHOW COLUMNS FROM `guitar_recommend` [ RunTime:0.0050s ]
SQL: SELECT id, title, time, img, istop, content FROM guitar_recommend ORDER BY istop desc , id DESC [ RunTime:0.0060s ]

[ 2017-11-06T16:33:31+08:00 ] ::1 /WeChat/index.php?m=Home&c=WeChat&a=index
INFO: [ app_init ] --START--
INFO: Run Behavior\BuildLiteBehavior [ RunTime:0.000000s ]
INFO: [ app_init ] --END-- [ RunTime:0.001000s ]
INFO: [ app_begin ] --START--
INFO: Run Behavior\ReadHtmlCacheBehavior [ RunTime:0.001000s ]
INFO: [ app_begin ] --END-- [ RunTime:0.001000s ]
SQL: SHOW COLUMNS FROM `guitar_recommend` [ RunTime:0.0060s ]
SQL: SELECT id, title, time, img, istop, content FROM guitar_recommend ORDER BY istop desc , id DESC [ RunTime:0.0070s ]

[ 2017-11-06T16:33:36+08:00 ] ::1 /WeChat/index.php?m=Home&c=WeChat&a=index
INFO: [ app_init ] --START--
INFO: Run Behavior\BuildLiteBehavior [ RunTime:0.000000s ]
INFO: [ app_init ] --END-- [ RunTime:0.000000s ]
INFO: [ app_begin ] --START--
INFO: Run Behavior\ReadHtmlCacheBehavior [ RunTime:0.001000s ]
INFO: [ app_begin ] --END-- [ RunTime:0.001000s ]
SQL: SHOW COLUMNS FROM `guitar_recommend` [ RunTime:0.0050s ]
SQL: SELECT id, title, time, img, istop, content FROM guitar_recommend ORDER BY istop desc , id DESC [ RunTime:0.0060s ]

[ 2017-11-06T16:41:34+08:00 ] ::1 /WeChat/index.php?m=Home&c=WeChat&a=index
INFO: [ app_init ] --START--
INFO: Run Behavior\BuildLiteBehavior [ RunTime:0.000000s ]
INFO: [ app_init ] --END-- [ RunTime:0.001000s ]
INFO: [ app_begin ] --START--
INFO: Run Behavior\ReadHtmlCacheBehavior [ RunTime:0.001000s ]
INFO: [ app_begin ] --END-- [ RunTime:0.001000s ]
SQL: SHOW COLUMNS FROM `guitar_recommend` [ RunTime:0.0130s ]
SQL: SELECT id, title, time, img, istop, content FROM guitar_recommend ORDER BY istop desc , id DESC [ RunTime:0.0140s ]

[ 2017-11-06T16:41:36+08:00 ] ::1 /WeChat/index.php?m=Home&c=User&a=getCollect
INFO: [ app_init ] --START--
INFO: Run Behavior\BuildLiteBehavior [ RunTime:0.000000s ]
INFO: [ app_init ] --END-- [ RunTime:0.000000s ]
INFO: [ app_begin ] --START--
INFO: Run Behavior\ReadHtmlCacheBehavior [ RunTime:0.001000s ]
INFO: [ app_begin ] --END-- [ RunTime:0.001000s ]
SQL: SHOW COLUMNS FROM `guitar_user` [ RunTime:0.0050s ]
NOTIC: [8] Undefined variable: userinfo D:\Software\WampServer\wamp\www\WeChat\Application\Home\Controller\UserController.class.php 第 27 行.
NOTIC: [8] Undefined variable: code D:\Software\WampServer\wamp\www\WeChat\Application\Home\Controller\UserController.class.php 第 27 行.
SQL: SELECT score_id, type FROM guitar_collect where flag = 1 and user_id =27 [ RunTime:0.0050s ]
SQL: SELECT id, name, author from guitar_score where id in(8) [ RunTime:0.0070s ]

[ 2017-11-06T16:42:23+08:00 ] ::1 /WeChat/index.php?m=Home&c=WeChat&a=index
INFO: [ app_init ] --START--
INFO: Run Behavior\BuildLiteBehavior [ RunTime:0.000000s ]
INFO: [ app_init ] --END-- [ RunTime:0.001000s ]
INFO: [ app_begin ] --START--
INFO: Run Behavior\ReadHtmlCacheBehavior [ RunTime:0.004000s ]
INFO: [ app_begin ] --END-- [ RunTime:0.004000s ]
SQL: SHOW COLUMNS FROM `guitar_recommend` [ RunTime:0.0250s ]
SQL: SELECT id, title, time, img, istop, content FROM guitar_recommend ORDER BY istop desc , id DESC [ RunTime:0.0310s ]

[ 2017-11-06T16:42:26+08:00 ] ::1 /WeChat/index.php?m=Home&c=User&a=getCollect
INFO: [ app_init ] --START--
INFO: Run Behavior\BuildLiteBehavior [ RunTime:0.000000s ]
INFO: [ app_init ] --END-- [ RunTime:0.001000s ]
INFO: [ app_begin ] --START--
INFO: Run Behavior\ReadHtmlCacheBehavior [ RunTime:0.001000s ]
INFO: [ app_begin ] --END-- [ RunTime:0.001000s ]
SQL: SHOW COLUMNS FROM `guitar_user` [ RunTime:0.0200s ]
NOTIC: [8] Undefined variable: userinfo D:\Software\WampServer\wamp\www\WeChat\Application\Home\Controller\UserController.class.php 第 27 行.
NOTIC: [8] Undefined variable: code D:\Software\WampServer\wamp\www\WeChat\Application\Home\Controller\UserController.class.php 第 27 行.
SQL: SELECT score_id, type FROM guitar_collect where flag = 1 and user_id =27 [ RunTime:0.0080s ]
SQL: SELECT id, name, author from guitar_score where id in(8) [ RunTime:0.0120s ]

[ 2017-11-06T16:43:01+08:00 ] ::1 /WeChat/index.php?m=Home&c=WeChat&a=index
INFO: [ app_init ] --START--
INFO: Run Behavior\BuildLiteBehavior [ RunTime:0.001000s ]
INFO: [ app_init ] --END-- [ RunTime:0.001000s ]
INFO: [ app_begin ] --START--
INFO: Run Behavior\ReadHtmlCacheBehavior [ RunTime:0.000000s ]
INFO: [ app_begin ] --END-- [ RunTime:0.000000s ]
SQL: SHOW COLUMNS FROM `guitar_recommend` [ RunTime:0.0060s ]
SQL: SELECT id, title, time, img, istop, content FROM guitar_recommend ORDER BY istop desc , id DESC [ RunTime:0.0060s ]

[ 2017-11-06T16:43:03+08:00 ] ::1 /WeChat/index.php?m=Home&c=User&a=getCollect
INFO: [ app_init ] --START--
INFO: Run Behavior\BuildLiteBehavior [ RunTime:0.000000s ]
INFO: [ app_init ] --END-- [ RunTime:0.001000s ]
INFO: [ app_begin ] --START--
INFO: Run Behavior\ReadHtmlCacheBehavior [ RunTime:0.000000s ]
INFO: [ app_begin ] --END-- [ RunTime:0.000000s ]
SQL: SHOW COLUMNS FROM `guitar_user` [ RunTime:0.0070s ]
NOTIC: [8] Undefined variable: userinfo D:\Software\WampServer\wamp\www\WeChat\Application\Home\Controller\UserController.class.php 第 27 行.
NOTIC: [8] Undefined variable: code D:\Software\WampServer\wamp\www\WeChat\Application\Home\Controller\UserController.class.php 第 27 行.
SQL: SELECT score_id, type FROM guitar_collect where flag = 1 and user_id =27 [ RunTime:0.0060s ]
SQL: SELECT id, name, author from guitar_score where id in(8) [ RunTime:0.0070s ]

[ 2017-11-06T16:43:10+08:00 ] ::1 /WeChat/index.php?m=Home&c=WeChat&a=getArticle&id=5
INFO: [ app_init ] --START--
INFO: Run Behavior\BuildLiteBehavior [ RunTime:0.000000s ]
INFO: [ app_init ] --END-- [ RunTime:0.000000s ]
INFO: [ app_begin ] --START--
INFO: Run Behavior\ReadHtmlCacheBehavior [ RunTime:0.001000s ]
INFO: [ app_begin ] --END-- [ RunTime:0.001000s ]
SQL: SHOW COLUMNS FROM `guitar_recommend` [ RunTime:0.0130s ]
SQL: SELECT title, author, time, content FROM guitar_recommend where id =5 [ RunTime:0.0050s ]
SQL: SELECT flag FROM guitar_collect where type = "article" and user_id =27 and score_id =5 [ RunTime:0.0040s ]
NOTIC: [8] Undefined offset: 0 D:\Software\WampServer\wamp\www\WeChat\Application\Home\Model\RecommendModel.class.php 第 28 行.

[ 2017-11-06T16:44:47+08:00 ] ::1 /WeChat/index.php?m=Home&c=WeChat&a=index
INFO: [ app_init ] --START--
INFO: Run Behavior\BuildLiteBehavior [ RunTime:0.000000s ]
INFO: [ app_init ] --END-- [ RunTime:0.001000s ]
INFO: [ app_begin ] --START--
INFO: Run Behavior\ReadHtmlCacheBehavior [ RunTime:0.001000s ]
INFO: [ app_begin ] --END-- [ RunTime:0.001000s ]
SQL: SHOW COLUMNS FROM `guitar_recommend` [ RunTime:0.0080s ]
SQL: SELECT id, title, time, img, istop, content FROM guitar_recommend ORDER BY istop desc , id DESC [ RunTime:0.0950s ]

[ 2017-11-06T16:44:55+08:00 ] ::1 /WeChat/index.php?m=Home&c=WeChat&a=index
INFO: [ app_init ] --START--
INFO: Run Behavior\BuildLiteBehavior [ RunTime:0.000000s ]
INFO: [ app_init ] --END-- [ RunTime:0.001000s ]
INFO: [ app_begin ] --START--
INFO: Run Behavior\ReadHtmlCacheBehavior [ RunTime:0.001000s ]
INFO: [ app_begin ] --END-- [ RunTime:0.001000s ]
SQL: SHOW COLUMNS FROM `guitar_recommend` [ RunTime:0.0040s ]
SQL: SELECT id, title, time, img, istop, content FROM guitar_recommend ORDER BY istop desc , id DESC [ RunTime:0.0050s ]

[ 2017-11-06T16:45:00+08:00 ] ::1 /WeChat/index.php?m=Home&c=WeChat&a=index
INFO: [ app_init ] --START--
INFO: Run Behavior\BuildLiteBehavior [ RunTime:0.000000s ]
INFO: [ app_init ] --END-- [ RunTime:0.000000s ]
INFO: [ app_begin ] --START--
INFO: Run Behavior\ReadHtmlCacheBehavior [ RunTime:0.001000s ]
INFO: [ app_begin ] --END-- [ RunTime:0.001000s ]
SQL: SHOW COLUMNS FROM `guitar_recommend` [ RunTime:0.0050s ]
SQL: SELECT id, title, time, img, istop, content FROM guitar_recommend ORDER BY istop desc , id DESC [ RunTime:0.0050s ]

[ 2017-11-06T16:45:03+08:00 ] ::1 /WeChat/index.php?m=Home&c=WeChat&a=index
INFO: [ app_init ] --START--
INFO: Run Behavior\BuildLiteBehavior [ RunTime:0.000000s ]
INFO: [ app_init ] --END-- [ RunTime:0.001000s ]
INFO: [ app_begin ] --START--
INFO: Run Behavior\ReadHtmlCacheBehavior [ RunTime:0.000000s ]
INFO: [ app_begin ] --END-- [ RunTime:0.000000s ]
SQL: SHOW COLUMNS FROM `guitar_recommend` [ RunTime:0.0070s ]
SQL: SELECT id, title, time, img, istop, content FROM guitar_recommend ORDER BY istop desc , id DESC [ RunTime:0.0070s ]

[ 2017-11-06T16:45:17+08:00 ] ::1 /WeChat/index.php?m=Home&c=WeChat&a=index
INFO: [ app_init ] --START--
INFO: Run Behavior\BuildLiteBehavior [ RunTime:0.000000s ]
INFO: [ app_init ] --END-- [ RunTime:0.001000s ]
INFO: [ app_begin ] --START--
INFO: Run Behavior\ReadHtmlCacheBehavior [ RunTime:0.000000s ]
INFO: [ app_begin ] --END-- [ RunTime:0.001000s ]
SQL: SHOW COLUMNS FROM `guitar_recommend` [ RunTime:0.0050s ]
SQL: SELECT id, title, time, img, istop, content FROM guitar_recommend ORDER BY istop desc , id DESC [ RunTime:0.0060s ]

[ 2017-11-06T16:45:38+08:00 ] ::1 /WeChat/index.php?m=Home&c=WeChat&a=index
INFO: [ app_init ] --START--
INFO: Run Behavior\BuildLiteBehavior [ RunTime:0.000000s ]
INFO: [ app_init ] --END-- [ RunTime:0.000000s ]
INFO: [ app_begin ] --START--
INFO: Run Behavior\ReadHtmlCacheBehavior [ RunTime:0.000000s ]
INFO: [ app_begin ] --END-- [ RunTime:0.000000s ]
SQL: SHOW COLUMNS FROM `guitar_recommend` [ RunTime:0.0060s ]
SQL: SELECT id, title, time, img, istop, content FROM guitar_recommend ORDER BY istop desc , id DESC [ RunTime:0.0060s ]

[ 2017-11-06T16:46:44+08:00 ] ::1 /WeChat/index.php?m=Home&c=WeChat&a=index
INFO: [ app_init ] --START--
INFO: Run Behavior\BuildLiteBehavior [ RunTime:0.000000s ]
INFO: [ app_init ] --END-- [ RunTime:0.001000s ]
INFO: [ app_begin ] --START--
INFO: Run Behavior\ReadHtmlCacheBehavior [ RunTime:0.001000s ]
INFO: [ app_begin ] --END-- [ RunTime:0.001000s ]
SQL: SHOW COLUMNS FROM `guitar_recommend` [ RunTime:0.0050s ]
SQL: SELECT id, title, time, img, istop, content FROM guitar_recommend ORDER BY istop desc , id DESC [ RunTime:0.0050s ]

[ 2017-11-06T16:46:51+08:00 ] ::1 /WeChat/index.php?m=Home&c=WeChat&a=index
INFO: [ app_init ] --START--
INFO: Run Behavior\BuildLiteBehavior [ RunTime:0.000000s ]
INFO: [ app_init ] --END-- [ RunTime:0.001000s ]
INFO: [ app_begin ] --START--
INFO: Run Behavior\ReadHtmlCacheBehavior [ RunTime:0.000000s ]
INFO: [ app_begin ] --END-- [ RunTime:0.000000s ]
SQL: SHOW COLUMNS FROM `guitar_recommend` [ RunTime:0.0050s ]
SQL: SELECT id, title, time, img, istop, content FROM guitar_recommend ORDER BY istop desc , id DESC [ RunTime:0.0070s ]

[ 2017-11-06T16:47:07+08:00 ] ::1 /WeChat/index.php?m=Home&c=WeChat&a=index
INFO: [ app_init ] --START--
INFO: Run Behavior\BuildLiteBehavior [ RunTime:0.000000s ]
INFO: [ app_init ] --END-- [ RunTime:0.000000s ]
INFO: [ app_begin ] --START--
INFO: Run Behavior\ReadHtmlCacheBehavior [ RunTime:0.001000s ]
INFO: [ app_begin ] --END-- [ RunTime:0.001000s ]
SQL: SHOW COLUMNS FROM `guitar_recommend` [ RunTime:0.0050s ]
SQL: SELECT id, title, time, img, istop, content FROM guitar_recommend ORDER BY istop desc , id DESC [ RunTime:0.0060s ]

[ 2017-11-06T16:47:10+08:00 ] ::1 /WeChat/index.php?m=Home&c=WeChat&a=getArticle&id=1
INFO: [ app_init ] --START--
INFO: Run Behavior\BuildLiteBehavior [ RunTime:0.000000s ]
INFO: [ app_init ] --END-- [ RunTime:0.000000s ]
INFO: [ app_begin ] --START--
INFO: Run Behavior\ReadHtmlCacheBehavior [ RunTime:0.001000s ]
INFO: [ app_begin ] --END-- [ RunTime:0.001000s ]
SQL: SHOW COLUMNS FROM `guitar_recommend` [ RunTime:0.0060s ]
SQL: SELECT title, author, time, content FROM guitar_recommend where id =1 [ RunTime:0.0060s ]
SQL: SELECT flag FROM guitar_collect where type = "article" and user_id =27 and score_id =1 [ RunTime:0.0060s ]
NOTIC: [8] Undefined offset: 0 D:\Software\WampServer\wamp\www\WeChat\Application\Home\Model\RecommendModel.class.php 第 28 行.

[ 2017-11-06T16:47:13+08:00 ] ::1 /WeChat/index.php?m=Home&c=User&a=saveInfo
INFO: [ app_init ] --START--
INFO: Run Behavior\BuildLiteBehavior [ RunTime:0.000000s ]
INFO: [ app_init ] --END-- [ RunTime:0.000000s ]
INFO: [ app_begin ] --START--
INFO: Run Behavior\ReadHtmlCacheBehavior [ RunTime:0.000000s ]
INFO: [ app_begin ] --END-- [ RunTime:0.000000s ]
SQL: SHOW COLUMNS FROM `guitar_user` [ RunTime:0.0050s ]
SQL: SELECT * FROM guitar_user where openid ="oaCDx0K4kVqfmx001SFexlMsV36s" [ RunTime:0.0050s ]

[ 2017-11-06T16:47:13+08:00 ] ::1 /WeChat/index.php?m=Home&c=User&a=collectorWrite
INFO: [ app_init ] --START--
INFO: Run Behavior\BuildLiteBehavior [ RunTime:0.000000s ]
INFO: [ app_init ] --END-- [ RunTime:0.001000s ]
INFO: [ app_begin ] --START--
INFO: Run Behavior\ReadHtmlCacheBehavior [ RunTime:0.001000s ]
INFO: [ app_begin ] --END-- [ RunTime:0.001000s ]
SQL: SHOW COLUMNS FROM `guitar_user` [ RunTime:0.0070s ]
SQL: select * from guitar_collect WHERE user_id = 27 and score_id = 1 [ RunTime:0.0060s ]
SQL: SHOW COLUMNS FROM `guitar_collect` [ RunTime:0.0060s ]
SQL: INSERT INTO `guitar_collect` (`user_id`,`score_id`,`type`,`flag`,`create_time`) VALUES ('27','1','article','1','2017:11:06 16:47') [ RunTime:0.0090s ]

[ 2017-11-06T16:47:22+08:00 ] ::1 /WeChat/index.php?m=Home&c=User&a=saveInfo
INFO: [ app_init ] --START--
INFO: Run Behavior\BuildLiteBehavior [ RunTime:0.000000s ]
INFO: [ app_init ] --END-- [ RunTime:0.001000s ]
INFO: [ app_begin ] --START--
INFO: Run Behavior\ReadHtmlCacheBehavior [ RunTime:0.000000s ]
INFO: [ app_begin ] --END-- [ RunTime:0.001000s ]
SQL: SHOW COLUMNS FROM `guitar_user` [ RunTime:0.0050s ]
SQL: SELECT * FROM guitar_user where openid ="oaCDx0K4kVqfmx001SFexlMsV36s" [ RunTime:0.0050s ]

[ 2017-11-06T16:47:22+08:00 ] ::1 /WeChat/index.php?m=Home&c=User&a=collectorWrite
INFO: [ app_init ] --START--
INFO: Run Behavior\BuildLiteBehavior [ RunTime:0.000000s ]
INFO: [ app_init ] --END-- [ RunTime:0.001000s ]
INFO: [ app_begin ] --START--
INFO: Run Behavior\ReadHtmlCacheBehavior [ RunTime:0.000000s ]
INFO: [ app_begin ] --END-- [ RunTime:0.001000s ]
SQL: SHOW COLUMNS FROM `guitar_user` [ RunTime:0.0060s ]
SQL: select * from guitar_collect WHERE user_id = 27 and score_id = 1 [ RunTime:0.0050s ]
SQL: SHOW COLUMNS FROM `guitar_collect` [ RunTime:0.0060s ]
NOTIC: [2] Illegal offset type in isset or empty D:\Software\WampServer\wamp\www\WeChat\ThinkPHP\Library\Think\Model.class.php 第 445 行.
SQL: UPDATE `guitar_collect` SET `flag`='0' WHERE ( user_id=27 and score_id=1 ) [ RunTime:0.0070s ]

[ 2017-11-06T16:47:43+08:00 ] ::1 /WeChat/index.php?m=Home&c=User&a=saveInfo
INFO: [ app_init ] --START--
INFO: Run Behavior\BuildLiteBehavior [ RunTime:0.000000s ]
INFO: [ app_init ] --END-- [ RunTime:0.001000s ]
INFO: [ app_begin ] --START--
INFO: Run Behavior\ReadHtmlCacheBehavior [ RunTime:0.000000s ]
INFO: [ app_begin ] --END-- [ RunTime:0.001000s ]
SQL: SHOW COLUMNS FROM `guitar_user` [ RunTime:0.0080s ]
SQL: SELECT * FROM guitar_user where openid ="oaCDx0K4kVqfmx001SFexlMsV36s" [ RunTime:0.0060s ]

[ 2017-11-06T16:47:43+08:00 ] ::1 /WeChat/index.php?m=Home&c=User&a=collectorWrite
INFO: [ app_init ] --START--
INFO: Run Behavior\BuildLiteBehavior [ RunTime:0.000000s ]
INFO: [ app_init ] --END-- [ RunTime:0.000000s ]
INFO: [ app_begin ] --START--
INFO: Run Behavior\ReadHtmlCacheBehavior [ RunTime:0.000000s ]
INFO: [ app_begin ] --END-- [ RunTime:0.000000s ]
SQL: SHOW COLUMNS FROM `guitar_user` [ RunTime:0.0060s ]
SQL: select * from guitar_collect WHERE user_id = 27 and score_id = 1 [ RunTime:0.0090s ]
SQL: SHOW COLUMNS FROM `guitar_collect` [ RunTime:0.0050s ]
NOTIC: [2] Illegal offset type in isset or empty D:\Software\WampServer\wamp\www\WeChat\ThinkPHP\Library\Think\Model.class.php 第 445 行.
SQL: UPDATE `guitar_collect` SET `flag`='1' WHERE ( user_id=27 and score_id=1 ) [ RunTime:0.0070s ]

[ 2017-11-06T16:47:46+08:00 ] ::1 /WeChat/index.php?m=Home&c=User&a=saveInfo
INFO: [ app_init ] --START--
INFO: Run Behavior\BuildLiteBehavior [ RunTime:0.000000s ]
INFO: [ app_init ] --END-- [ RunTime:0.001000s ]
INFO: [ app_begin ] --START--
INFO: Run Behavior\ReadHtmlCacheBehavior [ RunTime:0.001000s ]
INFO: [ app_begin ] --END-- [ RunTime:0.001000s ]
SQL: SHOW COLUMNS FROM `guitar_user` [ RunTime:0.0050s ]
SQL: SELECT * FROM guitar_user where openid ="oaCDx0K4kVqfmx001SFexlMsV36s" [ RunTime:0.0060s ]

[ 2017-11-06T16:47:46+08:00 ] ::1 /WeChat/index.php?m=Home&c=User&a=collectorWrite
INFO: [ app_init ] --START--
INFO: Run Behavior\BuildLiteBehavior [ RunTime:0.000000s ]
INFO: [ app_init ] --END-- [ RunTime:0.001000s ]
INFO: [ app_begin ] --START--
INFO: Run Behavior\ReadHtmlCacheBehavior [ RunTime:0.001000s ]
INFO: [ app_begin ] --END-- [ RunTime:0.001000s ]
SQL: SHOW COLUMNS FROM `guitar_user` [ RunTime:0.0050s ]
SQL: select * from guitar_collect WHERE user_id = 27 and score_id = 1 [ RunTime:0.0040s ]
SQL: SHOW COLUMNS FROM `guitar_collect` [ RunTime:0.0050s ]
NOTIC: [2] Illegal offset type in isset or empty D:\Software\WampServer\wamp\www\WeChat\ThinkPHP\Library\Think\Model.class.php 第 445 行.
SQL: UPDATE `guitar_collect` SET `flag`='0' WHERE ( user_id=27 and score_id=1 ) [ RunTime:0.0060s ]

[ 2017-11-06T16:48:09+08:00 ] ::1 /WeChat/index.php?m=Home&c=WeChat&a=index
INFO: [ app_init ] --START--
INFO: Run Behavior\BuildLiteBehavior [ RunTime:0.000000s ]
INFO: [ app_init ] --END-- [ RunTime:0.000000s ]
INFO: [ app_begin ] --START--
INFO: Run Behavior\ReadHtmlCacheBehavior [ RunTime:0.001000s ]
INFO: [ app_begin ] --END-- [ RunTime:0.001000s ]
SQL: SHOW COLUMNS FROM `guitar_recommend` [ RunTime:0.0050s ]
SQL: SELECT id, title, time, img, istop, content FROM guitar_recommend ORDER BY istop desc , id DESC [ RunTime:0.0060s ]

[ 2017-11-06T16:48:10+08:00 ] ::1 /WeChat/index.php?m=Home&c=WeChat&a=getArticle&id=2
INFO: [ app_init ] --START--
INFO: Run Behavior\BuildLiteBehavior [ RunTime:0.000000s ]
INFO: [ app_init ] --END-- [ RunTime:0.001000s ]
INFO: [ app_begin ] --START--
INFO: Run Behavior\ReadHtmlCacheBehavior [ RunTime:0.001000s ]
INFO: [ app_begin ] --END-- [ RunTime:0.001000s ]
SQL: SHOW COLUMNS FROM `guitar_recommend` [ RunTime:0.0050s ]
SQL: SELECT title, author, time, content FROM guitar_recommend where id =2 [ RunTime:0.0070s ]
SQL: SELECT flag FROM guitar_collect where type = "article" and user_id =27 and score_id =2 [ RunTime:0.0050s ]
NOTIC: [8] Undefined offset: 0 D:\Software\WampServer\wamp\www\WeChat\Application\Home\Model\RecommendModel.class.php 第 28 行.

[ 2017-11-06T16:48:12+08:00 ] ::1 /WeChat/index.php?m=Home&c=User&a=saveInfo
INFO: [ app_init ] --START--
INFO: Run Behavior\BuildLiteBehavior [ RunTime:0.000000s ]
INFO: [ app_init ] --END-- [ RunTime:0.001000s ]
INFO: [ app_begin ] --START--
INFO: Run Behavior\ReadHtmlCacheBehavior [ RunTime:0.001000s ]
INFO: [ app_begin ] --END-- [ RunTime:0.001000s ]
SQL: SHOW COLUMNS FROM `guitar_user` [ RunTime:0.0090s ]
SQL: SELECT * FROM guitar_user where openid ="oaCDx0K4kVqfmx001SFexlMsV36s" [ RunTime:0.0070s ]

[ 2017-11-06T16:48:12+08:00 ] ::1 /WeChat/index.php?m=Home&c=User&a=collectorWrite
INFO: [ app_init ] --START--
INFO: Run Behavior\BuildLiteBehavior [ RunTime:0.001000s ]
INFO: [ app_init ] --END-- [ RunTime:0.001000s ]
INFO: [ app_begin ] --START--
INFO: Run Behavior\ReadHtmlCacheBehavior [ RunTime:0.001000s ]
INFO: [ app_begin ] --END-- [ RunTime:0.001000s ]
SQL: SHOW COLUMNS FROM `guitar_user` [ RunTime:0.0040s ]
SQL: select * from guitar_collect WHERE user_id = 27 and score_id = 2 [ RunTime:0.0060s ]
SQL: SHOW COLUMNS FROM `guitar_collect` [ RunTime:0.0030s ]
SQL: INSERT INTO `guitar_collect` (`user_id`,`score_id`,`type`,`flag`,`create_time`) VALUES ('27','2','article','1','2017:11:06 16:48') [ RunTime:0.0050s ]

[ 2017-11-06T16:48:55+08:00 ] ::1 /WeChat/index.php?m=Home&c=WeChat&a=index
INFO: [ app_init ] --START--
INFO: Run Behavior\BuildLiteBehavior [ RunTime:0.000000s ]
INFO: [ app_init ] --END-- [ RunTime:0.001000s ]
INFO: [ app_begin ] --START--
INFO: Run Behavior\ReadHtmlCacheBehavior [ RunTime:0.001000s ]
INFO: [ app_begin ] --END-- [ RunTime:0.001000s ]
SQL: SHOW COLUMNS FROM `guitar_recommend` [ RunTime:0.0050s ]
SQL: SELECT id, title, time, img, istop, content FROM guitar_recommend ORDER BY istop desc , id DESC [ RunTime:0.1900s ]

[ 2017-11-06T16:48:56+08:00 ] ::1 /WeChat/index.php?m=Home&c=WeChat&a=getArticle&id=5
INFO: [ app_init ] --START--
INFO: Run Behavior\BuildLiteBehavior [ RunTime:0.000000s ]
INFO: [ app_init ] --END-- [ RunTime:0.000000s ]
INFO: [ app_begin ] --START--
INFO: Run Behavior\ReadHtmlCacheBehavior [ RunTime:0.001000s ]
INFO: [ app_begin ] --END-- [ RunTime:0.001000s ]
SQL: SHOW COLUMNS FROM `guitar_recommend` [ RunTime:0.0060s ]
SQL: SELECT title, author, time, content FROM guitar_recommend where id =5 [ RunTime:0.0060s ]
SQL: SELECT flag FROM guitar_collect where type = "article" and user_id =27 and score_id =5 [ RunTime:0.0050s ]
NOTIC: [8] Undefined offset: 0 D:\Software\WampServer\wamp\www\WeChat\Application\Home\Model\RecommendModel.class.php 第 28 行.

[ 2017-11-06T16:48:58+08:00 ] ::1 /WeChat/index.php?m=Home&c=User&a=saveInfo
INFO: [ app_init ] --START--
INFO: Run Behavior\BuildLiteBehavior [ RunTime:0.000000s ]
INFO: [ app_init ] --END-- [ RunTime:0.001000s ]
INFO: [ app_begin ] --START--
INFO: Run Behavior\ReadHtmlCacheBehavior [ RunTime:0.000000s ]
INFO: [ app_begin ] --END-- [ RunTime:0.001000s ]
SQL: SHOW COLUMNS FROM `guitar_user` [ RunTime:0.0060s ]
SQL: SELECT * FROM guitar_user where openid ="oaCDx0K4kVqfmx001SFexlMsV36s" [ RunTime:0.0050s ]

[ 2017-11-06T16:48:59+08:00 ] ::1 /WeChat/index.php?m=Home&c=User&a=collectorWrite
INFO: [ app_init ] --START--
INFO: Run Behavior\BuildLiteBehavior [ RunTime:0.000000s ]
INFO: [ app_init ] --END-- [ RunTime:0.001000s ]
INFO: [ app_begin ] --START--
INFO: Run Behavior\ReadHtmlCacheBehavior [ RunTime:0.001000s ]
INFO: [ app_begin ] --END-- [ RunTime:0.001000s ]
SQL: SHOW COLUMNS FROM `guitar_user` [ RunTime:0.0050s ]
SQL: select * from guitar_collect WHERE user_id = 27 and score_id = 5 [ RunTime:0.0050s ]
SQL: SHOW COLUMNS FROM `guitar_collect` [ RunTime:0.0050s ]
SQL: INSERT INTO `guitar_collect` (`user_id`,`score_id`,`type`,`flag`,`create_time`) VALUES ('27','5','article','1','2017:11:06 16:48') [ RunTime:0.0060s ]

[ 2017-11-06T16:49:02+08:00 ] ::1 /WeChat/index.php?m=Home&c=User&a=saveInfo
INFO: [ app_init ] --START--
INFO: Run Behavior\BuildLiteBehavior [ RunTime:0.000000s ]
INFO: [ app_init ] --END-- [ RunTime:0.000000s ]
INFO: [ app_begin ] --START--
INFO: Run Behavior\ReadHtmlCacheBehavior [ RunTime:0.000000s ]
INFO: [ app_begin ] --END-- [ RunTime:0.000000s ]
SQL: SHOW COLUMNS FROM `guitar_user` [ RunTime:0.0050s ]
SQL: SELECT * FROM guitar_user where openid ="oaCDx0K4kVqfmx001SFexlMsV36s" [ RunTime:0.0060s ]

[ 2017-11-06T16:49:02+08:00 ] ::1 /WeChat/index.php?m=Home&c=User&a=collectorWrite
INFO: [ app_init ] --START--
INFO: Run Behavior\BuildLiteBehavior [ RunTime:0.000000s ]
INFO: [ app_init ] --END-- [ RunTime:0.000000s ]
INFO: [ app_begin ] --START--
INFO: Run Behavior\ReadHtmlCacheBehavior [ RunTime:0.000000s ]
INFO: [ app_begin ] --END-- [ RunTime:0.000000s ]
SQL: SHOW COLUMNS FROM `guitar_user` [ RunTime:0.0050s ]
SQL: select * from guitar_collect WHERE user_id = 27 and score_id = 5 [ RunTime:0.0050s ]
SQL: SHOW COLUMNS FROM `guitar_collect` [ RunTime:0.0050s ]
NOTIC: [2] Illegal offset type in isset or empty D:\Software\WampServer\wamp\www\WeChat\ThinkPHP\Library\Think\Model.class.php 第 445 行.
SQL: UPDATE `guitar_collect` SET `flag`='0' WHERE ( user_id=27 and score_id=5 ) [ RunTime:0.0080s ]

[ 2017-11-06T16:49:06+08:00 ] ::1 /WeChat/index.php?m=Home&c=WeChat&a=index
INFO: [ app_init ] --START--
INFO: Run Behavior\BuildLiteBehavior [ RunTime:0.000000s ]
INFO: [ app_init ] --END-- [ RunTime:0.001000s ]
INFO: [ app_begin ] --START--
INFO: Run Behavior\ReadHtmlCacheBehavior [ RunTime:0.000000s ]
INFO: [ app_begin ] --END-- [ RunTime:0.000000s ]
SQL: SHOW COLUMNS FROM `guitar_recommend` [ RunTime:0.0050s ]
SQL: SELECT id, title, time, img, istop, content FROM guitar_recommend ORDER BY istop desc , id DESC [ RunTime:0.0050s ]

[ 2017-11-06T16:54:59+08:00 ] ::1 /WeChat/index.php?m=Home&c=WeChat&a=getScorelist&id=2
INFO: [ app_init ] --START--
INFO: Run Behavior\BuildLiteBehavior [ RunTime:0.000000s ]
INFO: [ app_init ] --END-- [ RunTime:0.001000s ]
INFO: [ app_begin ] --START--
INFO: Run Behavior\ReadHtmlCacheBehavior [ RunTime:0.000000s ]
INFO: [ app_begin ] --END-- [ RunTime:0.001000s ]
SQL: SHOW COLUMNS FROM `guitar_score` [ RunTime:0.0050s ]
SQL: SELECT id, name, author FROM guitar_score ORDER BY id desc [ RunTime:0.0050s ]

[ 2017-11-06T17:06:19+08:00 ] ::1 /WeChat/index.php?m=Home&c=WeChat&a=index
INFO: [ app_init ] --START--
INFO: Run Behavior\BuildLiteBehavior [ RunTime:0.000000s ]
INFO: [ app_init ] --END-- [ RunTime:0.001000s ]
INFO: [ app_begin ] --START--
INFO: Run Behavior\ReadHtmlCacheBehavior [ RunTime:0.001000s ]
INFO: [ app_begin ] --END-- [ RunTime:0.001000s ]
SQL: SHOW COLUMNS FROM `guitar_recommend` [ RunTime:0.0060s ]
SQL: SELECT id, title, time, img, istop, content FROM guitar_recommend ORDER BY istop desc , id DESC [ RunTime:0.0080s ]

[ 2017-11-06T17:07:25+08:00 ] ::1 /WeChat/index.php?m=Home&c=WeChat&a=index
INFO: [ app_init ] --START--
INFO: Run Behavior\BuildLiteBehavior [ RunTime:0.000000s ]
INFO: [ app_init ] --END-- [ RunTime:0.000000s ]
INFO: [ app_begin ] --START--
INFO: Run Behavior\ReadHtmlCacheBehavior [ RunTime:0.000000s ]
INFO: [ app_begin ] --END-- [ RunTime:0.001000s ]
SQL: SHOW COLUMNS FROM `guitar_recommend` [ RunTime:0.0050s ]
SQL: SELECT id, title, time, img, istop, content FROM guitar_recommend ORDER BY istop desc , id DESC [ RunTime:0.0060s ]

[ 2017-11-06T17:08:40+08:00 ] ::1 /WeChat/index.php?m=Home&c=WeChat&a=index
INFO: [ app_init ] --START--
INFO: Run Behavior\BuildLiteBehavior [ RunTime:0.000000s ]
INFO: [ app_init ] --END-- [ RunTime:0.000000s ]
INFO: [ app_begin ] --START--
INFO: Run Behavior\ReadHtmlCacheBehavior [ RunTime:0.000000s ]
INFO: [ app_begin ] --END-- [ RunTime:0.000000s ]
SQL: SHOW COLUMNS FROM `guitar_recommend` [ RunTime:0.0050s ]
SQL: SELECT id, title, time, img, istop, content FROM guitar_recommend ORDER BY istop desc , id DESC [ RunTime:0.0050s ]

[ 2017-11-06T17:08:43+08:00 ] ::1 /WeChat/index.php?m=Home&c=User&a=getCollect
INFO: [ app_init ] --START--
INFO: Run Behavior\BuildLiteBehavior [ RunTime:0.000000s ]
INFO: [ app_init ] --END-- [ RunTime:0.000000s ]
INFO: [ app_begin ] --START--
INFO: Run Behavior\ReadHtmlCacheBehavior [ RunTime:0.000000s ]
INFO: [ app_begin ] --END-- [ RunTime:0.000000s ]
SQL: SHOW COLUMNS FROM `guitar_user` [ RunTime:0.0070s ]
NOTIC: [8] Undefined variable: userinfo D:\Software\WampServer\wamp\www\WeChat\Application\Home\Controller\UserController.class.php 第 27 行.
NOTIC: [8] Undefined variable: code D:\Software\WampServer\wamp\www\WeChat\Application\Home\Controller\UserController.class.php 第 27 行.
SQL: SELECT score_id, type FROM guitar_collect where flag = 1 and user_id =27 [ RunTime:0.0060s ]
SQL: SELECT id, name, author from guitar_score where id in(8) [ RunTime:0.0060s ]
SQL: SELECT * from guitar_recommend where id in(2) [ RunTime:0.0060s ]

[ 2017-11-06T17:08:44+08:00 ] ::1 /WeChat/index.php?m=Home&c=User&a=getCollect
INFO: [ app_init ] --START--
INFO: Run Behavior\BuildLiteBehavior [ RunTime:0.000000s ]
INFO: [ app_init ] --END-- [ RunTime:0.000000s ]
INFO: [ app_begin ] --START--
INFO: Run Behavior\ReadHtmlCacheBehavior [ RunTime:0.000000s ]
INFO: [ app_begin ] --END-- [ RunTime:0.001000s ]
SQL: SHOW COLUMNS FROM `guitar_user` [ RunTime:0.0040s ]
NOTIC: [8] Undefined variable: userinfo D:\Software\WampServer\wamp\www\WeChat\Application\Home\Controller\UserController.class.php 第 27 行.
NOTIC: [8] Undefined variable: code D:\Software\WampServer\wamp\www\WeChat\Application\Home\Controller\UserController.class.php 第 27 行.
SQL: SELECT score_id, type FROM guitar_collect where flag = 1 and user_id =27 [ RunTime:0.0040s ]
SQL: SELECT id, name, author from guitar_score where id in(8) [ RunTime:0.0040s ]
SQL: SELECT * from guitar_recommend where id in(2) [ RunTime:0.0060s ]

[ 2017-11-06T17:08:47+08:00 ] ::1 /WeChat/index.php?m=Home&c=User&a=getCollect
INFO: [ app_init ] --START--
INFO: Run Behavior\BuildLiteBehavior [ RunTime:0.000000s ]
INFO: [ app_init ] --END-- [ RunTime:0.001000s ]
INFO: [ app_begin ] --START--
INFO: Run Behavior\ReadHtmlCacheBehavior [ RunTime:0.001000s ]
INFO: [ app_begin ] --END-- [ RunTime:0.001000s ]
SQL: SHOW COLUMNS FROM `guitar_user` [ RunTime:0.0100s ]
NOTIC: [8] Undefined variable: userinfo D:\Software\WampServer\wamp\www\WeChat\Application\Home\Controller\UserController.class.php 第 27 行.
NOTIC: [8] Undefined variable: code D:\Software\WampServer\wamp\www\WeChat\Application\Home\Controller\UserController.class.php 第 27 行.
SQL: SELECT score_id, type FROM guitar_collect where flag = 1 and user_id =27 [ RunTime:0.0050s ]
SQL: SELECT id, name, author from guitar_score where id in(8) [ RunTime:0.0050s ]
SQL: SELECT * from guitar_recommend where id in(2) [ RunTime:0.0040s ]

[ 2017-11-06T17:08:49+08:00 ] ::1 /WeChat/index.php?m=Home&c=User&a=getCollect
INFO: [ app_init ] --START--
INFO: Run Behavior\BuildLiteBehavior [ RunTime:0.000000s ]
INFO: [ app_init ] --END-- [ RunTime:0.001000s ]
INFO: [ app_begin ] --START--
INFO: Run Behavior\ReadHtmlCacheBehavior [ RunTime:0.001000s ]
INFO: [ app_begin ] --END-- [ RunTime:0.001000s ]
SQL: SHOW COLUMNS FROM `guitar_user` [ RunTime:0.0080s ]
NOTIC: [8] Undefined variable: userinfo D:\Software\WampServer\wamp\www\WeChat\Application\Home\Controller\UserController.class.php 第 27 行.
NOTIC: [8] Undefined variable: code D:\Software\WampServer\wamp\www\WeChat\Application\Home\Controller\UserController.class.php 第 27 行.
SQL: SELECT score_id, type FROM guitar_collect where flag = 1 and user_id =27 [ RunTime:0.0100s ]
SQL: SELECT id, name, author from guitar_score where id in(8) [ RunTime:0.0050s ]
SQL: SELECT * from guitar_recommend where id in(2) [ RunTime:0.0050s ]

[ 2017-11-06T17:08:51+08:00 ] ::1 /WeChat/index.php?m=Home&c=User&a=getCollect
INFO: [ app_init ] --START--
INFO: Run Behavior\BuildLiteBehavior [ RunTime:0.000000s ]
INFO: [ app_init ] --END-- [ RunTime:0.000000s ]
INFO: [ app_begin ] --START--
INFO: Run Behavior\ReadHtmlCacheBehavior [ RunTime:0.001000s ]
INFO: [ app_begin ] --END-- [ RunTime:0.001000s ]
SQL: SHOW COLUMNS FROM `guitar_user` [ RunTime:0.0060s ]
NOTIC: [8] Undefined variable: userinfo D:\Software\WampServer\wamp\www\WeChat\Application\Home\Controller\UserController.class.php 第 27 行.
NOTIC: [8] Undefined variable: code D:\Software\WampServer\wamp\www\WeChat\Application\Home\Controller\UserController.class.php 第 27 行.
SQL: SELECT score_id, type FROM guitar_collect where flag = 1 and user_id =27 [ RunTime:0.0040s ]
SQL: SELECT id, name, author from guitar_score where id in(8) [ RunTime:0.0040s ]
SQL: SELECT * from guitar_recommend where id in(2) [ RunTime:0.0040s ]

