[ 2017-11-13T14:56:35+08:00 ] ::1 /WeChat/index.php?m=Home&c=Proposal&a=getProposal&page=1
INFO: [ app_init ] --START--
INFO: Run Behavior\BuildLiteBehavior [ RunTime:0.000000s ]
INFO: [ app_init ] --END-- [ RunTime:0.001000s ]
INFO: [ app_begin ] --START--
INFO: Run Behavior\ReadHtmlCacheBehavior [ RunTime:0.001000s ]
INFO: [ app_begin ] --END-- [ RunTime:0.001000s ]
SQL: SHOW COLUMNS FROM `guitar_proposal` [ RunTime:0.0070s ]
SQL: SELECT nickName,avatarUrl,comment,create_time,z FROM guitar_user INNER JOIN guitar_proposal ON guitar_user.id = guitar_proposal.userid [ RunTime:0.0080s ]
SQL: SELECT * FROM guitar_proposal ORDER BY create_time desc LIMIT 0,10 [ RunTime:0.0110s ]

[ 2017-11-13T14:57:43+08:00 ] ::1 /WeChat/index.php?m=Home&c=Proposal&a=getProposal&page=1
INFO: [ app_init ] --START--
INFO: Run Behavior\BuildLiteBehavior [ RunTime:0.000000s ]
INFO: [ app_init ] --END-- [ RunTime:0.000000s ]
INFO: [ app_begin ] --START--
INFO: Run Behavior\ReadHtmlCacheBehavior [ RunTime:0.001000s ]
INFO: [ app_begin ] --END-- [ RunTime:0.001000s ]
SQL: SHOW COLUMNS FROM `guitar_proposal` [ RunTime:0.0050s ]
SQL: SELECT nickName,avatarUrl,comment,create_time,z FROM guitar_user INNER JOIN guitar_proposal ON guitar_user.id = guitar_proposal.userid  ORDER BY z desc LIMIT 0,10 [ RunTime:0.0050s ]
SQL: SELECT nickName,avatarUrl,comment,create_time,z FROM guitar_user INNER JOIN guitar_proposal ON guitar_user.id = guitar_proposal.userid  ORDER BY create_time desc LIMIT 0,10 [ RunTime:0.0060s ]

[ 2017-11-13T15:00:06+08:00 ] ::1 /WeChat/index.php?m=Home&c=Proposal&a=getProposal&page=1
INFO: [ app_init ] --START--
INFO: Run Behavior\BuildLiteBehavior [ RunTime:0.000000s ]
INFO: [ app_init ] --END-- [ RunTime:0.000000s ]
INFO: [ app_begin ] --START--
INFO: Run Behavior\ReadHtmlCacheBehavior [ RunTime:0.000000s ]
INFO: [ app_begin ] --END-- [ RunTime:0.001000s ]
SQL: SHOW COLUMNS FROM `guitar_proposal` [ RunTime:0.0050s ]
SQL: SELECT nickName,avatarUrl,comment,create_time,z FROM guitar_user INNER JOIN guitar_proposal ON guitar_user.id = guitar_proposal.userid  ORDER BY z desc LIMIT 0,10 [ RunTime:0.0070s ]
SQL: SELECT nickName,avatarUrl,comment,create_time,z FROM guitar_user INNER JOIN guitar_proposal ON guitar_user.id = guitar_proposal.userid  ORDER BY create_time desc LIMIT 0,10 [ RunTime:0.0060s ]

[ 2017-11-13T15:00:42+08:00 ] ::1 /WeChat/index.php?m=Home&c=Proposal&a=getProposal&page=1
INFO: [ app_init ] --START--
INFO: Run Behavior\BuildLiteBehavior [ RunTime:0.000000s ]
INFO: [ app_init ] --END-- [ RunTime:0.001000s ]
INFO: [ app_begin ] --START--
INFO: Run Behavior\ReadHtmlCacheBehavior [ RunTime:0.000000s ]
INFO: [ app_begin ] --END-- [ RunTime:0.001000s ]
SQL: SHOW COLUMNS FROM `guitar_proposal` [ RunTime:0.0060s ]
SQL: SELECT nickName,avatarUrl,comment,create_time,z FROM guitar_user INNER JOIN guitar_proposal ON guitar_user.id = guitar_proposal.userid  ORDER BY z desc LIMIT 0,10 [ RunTime:0.0050s ]
SQL: SELECT nickName,avatarUrl,comment,create_time,z FROM guitar_user INNER JOIN guitar_proposal ON guitar_user.id = guitar_proposal.userid  ORDER BY create_time desc LIMIT 0,10 [ RunTime:0.0060s ]

[ 2017-11-13T15:01:09+08:00 ] ::1 /WeChat/index.php?m=Home&c=Proposal&a=getProposal&page=1
INFO: [ app_init ] --START--
INFO: Run Behavior\BuildLiteBehavior [ RunTime:0.000000s ]
INFO: [ app_init ] --END-- [ RunTime:0.000000s ]
INFO: [ app_begin ] --START--
INFO: Run Behavior\ReadHtmlCacheBehavior [ RunTime:0.001000s ]
INFO: [ app_begin ] --END-- [ RunTime:0.001000s ]
SQL: SHOW COLUMNS FROM `guitar_proposal` [ RunTime:0.0060s ]
SQL: SELECT nickName,avatarUrl,comment,create_time,z FROM guitar_user INNER JOIN guitar_proposal ON guitar_user.id = guitar_proposal.userid  ORDER BY z desc LIMIT 0,10 [ RunTime:0.0060s ]
SQL: SELECT nickName,avatarUrl,comment,create_time,z FROM guitar_user INNER JOIN guitar_proposal ON guitar_user.id = guitar_proposal.userid  ORDER BY create_time desc LIMIT 0,10 [ RunTime:0.0050s ]

[ 2017-11-13T15:06:13+08:00 ] ::1 /WeChat/index.php?m=Home&c=Proposal&a=getProposal&page=1
INFO: [ app_init ] --START--
INFO: Run Behavior\BuildLiteBehavior [ RunTime:0.000000s ]
INFO: [ app_init ] --END-- [ RunTime:0.001000s ]
INFO: [ app_begin ] --START--
INFO: Run Behavior\ReadHtmlCacheBehavior [ RunTime:0.000000s ]
INFO: [ app_begin ] --END-- [ RunTime:0.001000s ]
SQL: SHOW COLUMNS FROM `guitar_proposal` [ RunTime:0.0050s ]
SQL: SELECT nickName,avatarUrl,comment,create_time,z FROM guitar_user INNER JOIN guitar_proposal ON guitar_user.id = guitar_proposal.userid  ORDER BY z desc LIMIT 0,10 [ RunTime:0.0060s ]
SQL: SELECT nickName,avatarUrl,comment,create_time,z FROM guitar_user INNER JOIN guitar_proposal ON guitar_user.id = guitar_proposal.userid  ORDER BY create_time desc LIMIT 0,10 [ RunTime:0.0050s ]

[ 2017-11-13T15:18:39+08:00 ] ::1 /WeChat/index.php?m=Home&c=Proposal&a=getProposal&page=1
INFO: [ app_init ] --START--
INFO: Run Behavior\BuildLiteBehavior [ RunTime:0.000000s ]
INFO: [ app_init ] --END-- [ RunTime:0.000000s ]
INFO: [ app_begin ] --START--
INFO: Run Behavior\ReadHtmlCacheBehavior [ RunTime:0.001000s ]
INFO: [ app_begin ] --END-- [ RunTime:0.001000s ]
SQL: SHOW COLUMNS FROM `guitar_proposal` [ RunTime:0.0040s ]
SQL: SELECT nickName,avatarUrl,comment,create_time,z FROM guitar_user INNER JOIN guitar_proposal ON guitar_user.id = guitar_proposal.userid  ORDER BY z desc LIMIT 0,10 [ RunTime:0.0040s ]
SQL: SELECT nickName,avatarUrl,comment,create_time,z FROM guitar_user INNER JOIN guitar_proposal ON guitar_user.id = guitar_proposal.userid  ORDER BY create_time desc LIMIT 0,10 [ RunTime:0.0040s ]

[ 2017-11-13T15:20:38+08:00 ] ::1 /WeChat/index.php?m=Home&c=Proposal&a=getProposal&page=1
INFO: [ app_init ] --START--
INFO: Run Behavior\BuildLiteBehavior [ RunTime:0.000000s ]
INFO: [ app_init ] --END-- [ RunTime:0.001000s ]
INFO: [ app_begin ] --START--
INFO: Run Behavior\ReadHtmlCacheBehavior [ RunTime:0.001000s ]
INFO: [ app_begin ] --END-- [ RunTime:0.001000s ]
SQL: SHOW COLUMNS FROM `guitar_proposal` [ RunTime:0.0070s ]
SQL: SELECT nickName,avatarUrl,comment,create_time,z FROM guitar_user INNER JOIN guitar_proposal ON guitar_user.id = guitar_proposal.userid  ORDER BY z desc LIMIT 0,10 [ RunTime:0.0070s ]
SQL: SELECT nickName,avatarUrl,comment,create_time,z FROM guitar_user INNER JOIN guitar_proposal ON guitar_user.id = guitar_proposal.userid  ORDER BY create_time desc LIMIT 0,10 [ RunTime:0.0070s ]

[ 2017-11-13T15:21:16+08:00 ] ::1 /WeChat/index.php?m=Home&c=Proposal&a=getProposal&page=1
INFO: [ app_init ] --START--
INFO: Run Behavior\BuildLiteBehavior [ RunTime:0.000000s ]
INFO: [ app_init ] --END-- [ RunTime:0.000000s ]
INFO: [ app_begin ] --START--
INFO: Run Behavior\ReadHtmlCacheBehavior [ RunTime:0.000000s ]
INFO: [ app_begin ] --END-- [ RunTime:0.000000s ]
SQL: SHOW COLUMNS FROM `guitar_proposal` [ RunTime:0.0060s ]
SQL: SELECT nickName,avatarUrl,comment,create_time,z FROM guitar_user INNER JOIN guitar_proposal ON guitar_user.id = guitar_proposal.userid  ORDER BY z desc LIMIT 0,10 [ RunTime:0.0060s ]
SQL: SELECT nickName,avatarUrl,comment,create_time,z FROM guitar_user INNER JOIN guitar_proposal ON guitar_user.id = guitar_proposal.userid  ORDER BY create_time desc LIMIT 0,10 [ RunTime:0.0060s ]

[ 2017-11-13T15:21:30+08:00 ] ::1 /WeChat/index.php?m=Home&c=Proposal&a=getProposal&page=1
INFO: [ app_init ] --START--
INFO: Run Behavior\BuildLiteBehavior [ RunTime:0.000000s ]
INFO: [ app_init ] --END-- [ RunTime:0.001000s ]
INFO: [ app_begin ] --START--
INFO: Run Behavior\ReadHtmlCacheBehavior [ RunTime:0.000000s ]
INFO: [ app_begin ] --END-- [ RunTime:0.000000s ]
SQL: SHOW COLUMNS FROM `guitar_proposal` [ RunTime:0.0060s ]
SQL: SELECT nickName,avatarUrl,comment,create_time,z FROM guitar_user INNER JOIN guitar_proposal ON guitar_user.id = guitar_proposal.userid  ORDER BY z desc LIMIT 0,10 [ RunTime:0.0110s ]
SQL: SELECT nickName,avatarUrl,comment,create_time,z FROM guitar_user INNER JOIN guitar_proposal ON guitar_user.id = guitar_proposal.userid  ORDER BY create_time desc LIMIT 0,10 [ RunTime:0.0050s ]

[ 2017-11-13T15:21:35+08:00 ] ::1 /WeChat/index.php?m=Home&c=Proposal&a=getProposal&page=1
INFO: [ app_init ] --START--
INFO: Run Behavior\BuildLiteBehavior [ RunTime:0.000000s ]
INFO: [ app_init ] --END-- [ RunTime:0.000000s ]
INFO: [ app_begin ] --START--
INFO: Run Behavior\ReadHtmlCacheBehavior [ RunTime:0.001000s ]
INFO: [ app_begin ] --END-- [ RunTime:0.001000s ]
SQL: SHOW COLUMNS FROM `guitar_proposal` [ RunTime:0.0060s ]
SQL: SELECT nickName,avatarUrl,comment,create_time,z FROM guitar_user INNER JOIN guitar_proposal ON guitar_user.id = guitar_proposal.userid  ORDER BY z desc LIMIT 0,10 [ RunTime:0.0060s ]
SQL: SELECT nickName,avatarUrl,comment,create_time,z FROM guitar_user INNER JOIN guitar_proposal ON guitar_user.id = guitar_proposal.userid  ORDER BY create_time desc LIMIT 0,10 [ RunTime:0.0040s ]

[ 2017-11-13T15:22:25+08:00 ] ::1 /WeChat/index.php?m=Home&c=Proposal&a=getProposal&page=1
INFO: [ app_init ] --START--
INFO: Run Behavior\BuildLiteBehavior [ RunTime:0.000000s ]
INFO: [ app_init ] --END-- [ RunTime:0.000000s ]
INFO: [ app_begin ] --START--
INFO: Run Behavior\ReadHtmlCacheBehavior [ RunTime:0.001000s ]
INFO: [ app_begin ] --END-- [ RunTime:0.001000s ]
SQL: SHOW COLUMNS FROM `guitar_proposal` [ RunTime:0.0060s ]
SQL: SELECT nickName,avatarUrl,comment,create_time,z FROM guitar_user INNER JOIN guitar_proposal ON guitar_user.id = guitar_proposal.userid  ORDER BY z desc LIMIT 0,10 [ RunTime:0.0060s ]
SQL: SELECT nickName,avatarUrl,comment,create_time,z FROM guitar_user INNER JOIN guitar_proposal ON guitar_user.id = guitar_proposal.userid  ORDER BY create_time desc LIMIT 0,10 [ RunTime:0.0060s ]

[ 2017-11-13T15:22:37+08:00 ] ::1 /WeChat/index.php?m=Home&c=Proposal&a=getProposal&page=1
INFO: [ app_init ] --START--
INFO: Run Behavior\BuildLiteBehavior [ RunTime:0.000000s ]
INFO: [ app_init ] --END-- [ RunTime:0.001000s ]
INFO: [ app_begin ] --START--
INFO: Run Behavior\ReadHtmlCacheBehavior [ RunTime:0.000000s ]
INFO: [ app_begin ] --END-- [ RunTime:0.000000s ]
SQL: SHOW COLUMNS FROM `guitar_proposal` [ RunTime:0.0060s ]
SQL: SELECT nickName,avatarUrl,comment,create_time,z FROM guitar_user INNER JOIN guitar_proposal ON guitar_user.id = guitar_proposal.userid  ORDER BY z desc LIMIT 0,10 [ RunTime:0.0070s ]
SQL: SELECT nickName,avatarUrl,comment,create_time,z FROM guitar_user INNER JOIN guitar_proposal ON guitar_user.id = guitar_proposal.userid  ORDER BY create_time desc LIMIT 0,10 [ RunTime:0.0070s ]

[ 2017-11-13T15:22:42+08:00 ] ::1 /WeChat/index.php?m=Home&c=Proposal&a=getProposal&page=1
INFO: [ app_init ] --START--
INFO: Run Behavior\BuildLiteBehavior [ RunTime:0.000000s ]
INFO: [ app_init ] --END-- [ RunTime:0.000000s ]
INFO: [ app_begin ] --START--
INFO: Run Behavior\ReadHtmlCacheBehavior [ RunTime:0.001000s ]
INFO: [ app_begin ] --END-- [ RunTime:0.001000s ]
SQL: SHOW COLUMNS FROM `guitar_proposal` [ RunTime:0.0070s ]
SQL: SELECT nickName,avatarUrl,comment,create_time,z FROM guitar_user INNER JOIN guitar_proposal ON guitar_user.id = guitar_proposal.userid  ORDER BY z desc LIMIT 0,10 [ RunTime:0.0060s ]
SQL: SELECT nickName,avatarUrl,comment,create_time,z FROM guitar_user INNER JOIN guitar_proposal ON guitar_user.id = guitar_proposal.userid  ORDER BY create_time desc LIMIT 0,10 [ RunTime:0.0060s ]

[ 2017-11-13T15:23:06+08:00 ] ::1 /WeChat/index.php?m=Home&c=Proposal&a=getProposal&page=1
INFO: [ app_init ] --START--
INFO: Run Behavior\BuildLiteBehavior [ RunTime:0.000000s ]
INFO: [ app_init ] --END-- [ RunTime:0.000000s ]
INFO: [ app_begin ] --START--
INFO: Run Behavior\ReadHtmlCacheBehavior [ RunTime:0.000000s ]
INFO: [ app_begin ] --END-- [ RunTime:0.001000s ]
SQL: SHOW COLUMNS FROM `guitar_proposal` [ RunTime:0.0060s ]
SQL: SELECT nickName,avatarUrl,comment,create_time,z FROM guitar_user INNER JOIN guitar_proposal ON guitar_user.id = guitar_proposal.userid  ORDER BY z desc LIMIT 0,10 [ RunTime:0.0070s ]
SQL: SELECT nickName,avatarUrl,comment,create_time,z FROM guitar_user INNER JOIN guitar_proposal ON guitar_user.id = guitar_proposal.userid  ORDER BY create_time desc LIMIT 0,10 [ RunTime:0.0060s ]

[ 2017-11-13T15:23:32+08:00 ] ::1 /WeChat/index.php?m=Home&c=Proposal&a=getProposal&page=1
INFO: [ app_init ] --START--
INFO: Run Behavior\BuildLiteBehavior [ RunTime:0.000000s ]
INFO: [ app_init ] --END-- [ RunTime:0.000000s ]
INFO: [ app_begin ] --START--
INFO: Run Behavior\ReadHtmlCacheBehavior [ RunTime:0.001000s ]
INFO: [ app_begin ] --END-- [ RunTime:0.002000s ]
SQL: SHOW COLUMNS FROM `guitar_proposal` [ RunTime:0.0040s ]
SQL: SELECT nickName,avatarUrl,comment,create_time,z FROM guitar_user INNER JOIN guitar_proposal ON guitar_user.id = guitar_proposal.userid  ORDER BY z desc LIMIT 0,10 [ RunTime:0.0050s ]
SQL: SELECT nickName,avatarUrl,comment,create_time,z FROM guitar_user INNER JOIN guitar_proposal ON guitar_user.id = guitar_proposal.userid  ORDER BY create_time desc LIMIT 0,10 [ RunTime:0.0120s ]

[ 2017-11-13T16:38:59+08:00 ] ::1 /WeChat/index.php?m=Home&c=WeChat&a=index
INFO: [ app_init ] --START--
INFO: Run Behavior\BuildLiteBehavior [ RunTime:0.001000s ]
INFO: [ app_init ] --END-- [ RunTime:0.001000s ]
INFO: [ app_begin ] --START--
INFO: Run Behavior\ReadHtmlCacheBehavior [ RunTime:0.001000s ]
INFO: [ app_begin ] --END-- [ RunTime:0.001000s ]
SQL: SHOW COLUMNS FROM `guitar_recommend` [ RunTime:0.0050s ]
SQL: SELECT id, title, time, img, istop, content FROM guitar_recommend ORDER BY istop desc , id DESC [ RunTime:0.0150s ]

[ 2017-11-13T16:39:02+08:00 ] ::1 /WeChat/index.php?m=Home&c=Proposal&a=getProposal&page=1
INFO: [ app_init ] --START--
INFO: Run Behavior\BuildLiteBehavior [ RunTime:0.000000s ]
INFO: [ app_init ] --END-- [ RunTime:0.001000s ]
INFO: [ app_begin ] --START--
INFO: Run Behavior\ReadHtmlCacheBehavior [ RunTime:0.001000s ]
INFO: [ app_begin ] --END-- [ RunTime:0.001000s ]
SQL: SHOW COLUMNS FROM `guitar_proposal` [ RunTime:0.0050s ]
SQL: SELECT nickName,avatarUrl,comment,create_time,z FROM guitar_user INNER JOIN guitar_proposal ON guitar_user.id = guitar_proposal.userid  ORDER BY z desc LIMIT 3 [ RunTime:0.0050s ]
SQL: SELECT nickName,avatarUrl,comment,create_time,z FROM guitar_user INNER JOIN guitar_proposal ON guitar_user.id = guitar_proposal.userid  ORDER BY create_time desc LIMIT 3,10 [ RunTime:0.0050s ]

[ 2017-11-13T17:11:14+08:00 ] ::1 /WeChat/index.php?m=Home&c=WeChat&a=index
INFO: [ app_init ] --START--
INFO: Run Behavior\BuildLiteBehavior [ RunTime:0.000000s ]
INFO: [ app_init ] --END-- [ RunTime:0.000000s ]
INFO: [ app_begin ] --START--
INFO: Run Behavior\ReadHtmlCacheBehavior [ RunTime:0.001000s ]
INFO: [ app_begin ] --END-- [ RunTime:0.001000s ]
SQL: SHOW COLUMNS FROM `guitar_recommend` [ RunTime:0.0120s ]
SQL: SELECT id, title, time, img, istop, content FROM guitar_recommend ORDER BY istop desc , id DESC [ RunTime:0.0100s ]

[ 2017-11-13T17:11:25+08:00 ] ::1 /WeChat/index.php?m=Home&c=Proposal&a=getProposal&page=1
INFO: [ app_init ] --START--
INFO: Run Behavior\BuildLiteBehavior [ RunTime:0.000000s ]
INFO: [ app_init ] --END-- [ RunTime:0.000000s ]
INFO: [ app_begin ] --START--
INFO: Run Behavior\ReadHtmlCacheBehavior [ RunTime:0.001000s ]
INFO: [ app_begin ] --END-- [ RunTime:0.001000s ]

[ 2017-11-13T17:11:44+08:00 ] ::1 /WeChat/index.php?m=Home&c=Proposal&a=getProposal&page=1
INFO: [ app_init ] --START--
INFO: Run Behavior\BuildLiteBehavior [ RunTime:0.000000s ]
INFO: [ app_init ] --END-- [ RunTime:0.001000s ]
INFO: [ app_begin ] --START--
INFO: Run Behavior\ReadHtmlCacheBehavior [ RunTime:0.000000s ]
INFO: [ app_begin ] --END-- [ RunTime:0.000000s ]
SQL: SHOW COLUMNS FROM `guitar_proposal` [ RunTime:0.0050s ]
SQL: SELECT id from guitar_proposal ORDER BY z desc LIMIT 3 [ RunTime:0.0050s ]

[ 2017-11-13T17:13:03+08:00 ] ::1 /WeChat/index.php?m=Home&c=Proposal&a=getProposal&page=1
INFO: [ app_init ] --START--
INFO: Run Behavior\BuildLiteBehavior [ RunTime:0.000000s ]
INFO: [ app_init ] --END-- [ RunTime:0.000000s ]
INFO: [ app_begin ] --START--
INFO: Run Behavior\ReadHtmlCacheBehavior [ RunTime:0.001000s ]
INFO: [ app_begin ] --END-- [ RunTime:0.001000s ]

[ 2017-11-13T17:13:13+08:00 ] ::1 /WeChat/index.php?m=Home&c=Proposal&a=getProposal&page=1
INFO: [ app_init ] --START--
INFO: Run Behavior\BuildLiteBehavior [ RunTime:0.000000s ]
INFO: [ app_init ] --END-- [ RunTime:0.001000s ]
INFO: [ app_begin ] --START--
INFO: Run Behavior\ReadHtmlCacheBehavior [ RunTime:0.000000s ]
INFO: [ app_begin ] --END-- [ RunTime:0.000000s ]
SQL: SHOW COLUMNS FROM `guitar_proposal` [ RunTime:0.0060s ]
SQL: SELECT id from guitar_proposal ORDER BY z desc LIMIT 3 [ RunTime:0.0060s ]
NOTIC: [8] Array to string conversion D:\Software\WampServer\wamp\www\WeChat\Application\Home\Model\ProposalModel.class.php 第 45 行.
NOTIC: [8] Array to string conversion D:\Software\WampServer\wamp\www\WeChat\Application\Home\Model\ProposalModel.class.php 第 45 行.
NOTIC: [8] Array to string conversion D:\Software\WampServer\wamp\www\WeChat\Application\Home\Model\ProposalModel.class.php 第 45 行.

[ 2017-11-13T17:13:30+08:00 ] ::1 /WeChat/index.php?m=Home&c=Proposal&a=getProposal&page=1
INFO: [ app_init ] --START--
INFO: Run Behavior\BuildLiteBehavior [ RunTime:0.000000s ]
INFO: [ app_init ] --END-- [ RunTime:0.001000s ]
INFO: [ app_begin ] --START--
INFO: Run Behavior\ReadHtmlCacheBehavior [ RunTime:0.001000s ]
INFO: [ app_begin ] --END-- [ RunTime:0.001000s ]
SQL: SHOW COLUMNS FROM `guitar_proposal` [ RunTime:0.0060s ]
SQL: SELECT id from guitar_proposal ORDER BY z desc LIMIT 3 [ RunTime:0.0050s ]

[ 2017-11-13T17:16:40+08:00 ] ::1 /WeChat/index.php?m=Home&c=Proposal&a=getProposal&page=1
INFO: [ app_init ] --START--
INFO: Run Behavior\BuildLiteBehavior [ RunTime:0.000000s ]
INFO: [ app_init ] --END-- [ RunTime:0.000000s ]
INFO: [ app_begin ] --START--
INFO: Run Behavior\ReadHtmlCacheBehavior [ RunTime:0.001000s ]
INFO: [ app_begin ] --END-- [ RunTime:0.001000s ]
SQL: SHOW COLUMNS FROM `guitar_proposal` [ RunTime:0.0070s ]
SQL: SELECT id from guitar_proposal ORDER BY z desc LIMIT 3 [ RunTime:0.0060s ]
NOTIC: [8] Undefined offset: 0 D:\Software\WampServer\wamp\www\WeChat\Application\Home\Model\ProposalModel.class.php 第 47 行.
NOTIC: [8] Undefined offset: 0 D:\Software\WampServer\wamp\www\WeChat\Application\Home\Model\ProposalModel.class.php 第 47 行.
NOTIC: [8] Undefined offset: 0 D:\Software\WampServer\wamp\www\WeChat\Application\Home\Model\ProposalModel.class.php 第 47 行.

[ 2017-11-13T17:17:02+08:00 ] ::1 /WeChat/index.php?m=Home&c=Proposal&a=getProposal&page=1
INFO: [ app_init ] --START--
INFO: Run Behavior\BuildLiteBehavior [ RunTime:0.000000s ]
INFO: [ app_init ] --END-- [ RunTime:0.001000s ]
INFO: [ app_begin ] --START--
INFO: Run Behavior\ReadHtmlCacheBehavior [ RunTime:0.000000s ]
INFO: [ app_begin ] --END-- [ RunTime:0.001000s ]
SQL: SHOW COLUMNS FROM `guitar_proposal` [ RunTime:0.0080s ]
SQL: SELECT id from guitar_proposal ORDER BY z desc LIMIT 3 [ RunTime:0.0060s ]
NOTIC: [8] Undefined offset: 0 D:\Software\WampServer\wamp\www\WeChat\Application\Home\Model\ProposalModel.class.php 第 47 行.
NOTIC: [8] Undefined offset: 0 D:\Software\WampServer\wamp\www\WeChat\Application\Home\Model\ProposalModel.class.php 第 47 行.
NOTIC: [8] Undefined offset: 0 D:\Software\WampServer\wamp\www\WeChat\Application\Home\Model\ProposalModel.class.php 第 47 行.

[ 2017-11-13T17:17:19+08:00 ] ::1 /WeChat/index.php?m=Home&c=Proposal&a=getProposal&page=1
INFO: [ app_init ] --START--
INFO: Run Behavior\BuildLiteBehavior [ RunTime:0.000000s ]
INFO: [ app_init ] --END-- [ RunTime:0.000000s ]
INFO: [ app_begin ] --START--
INFO: Run Behavior\ReadHtmlCacheBehavior [ RunTime:0.000000s ]
INFO: [ app_begin ] --END-- [ RunTime:0.000000s ]
SQL: SHOW COLUMNS FROM `guitar_proposal` [ RunTime:0.0070s ]
SQL: SELECT id from guitar_proposal ORDER BY z desc LIMIT 3 [ RunTime:0.0060s ]

[ 2017-11-13T17:17:24+08:00 ] ::1 /WeChat/index.php?m=Home&c=Proposal&a=getProposal&page=1
INFO: [ app_init ] --START--
INFO: Run Behavior\BuildLiteBehavior [ RunTime:0.000000s ]
INFO: [ app_init ] --END-- [ RunTime:0.000000s ]
INFO: [ app_begin ] --START--
INFO: Run Behavior\ReadHtmlCacheBehavior [ RunTime:0.001000s ]
INFO: [ app_begin ] --END-- [ RunTime:0.001000s ]
SQL: SHOW COLUMNS FROM `guitar_proposal` [ RunTime:0.0040s ]
SQL: SELECT id from guitar_proposal ORDER BY z desc LIMIT 3 [ RunTime:0.0040s ]

[ 2017-11-13T17:17:44+08:00 ] ::1 /WeChat/index.php?m=Home&c=Proposal&a=getProposal&page=1
INFO: [ app_init ] --START--
INFO: Run Behavior\BuildLiteBehavior [ RunTime:0.000000s ]
INFO: [ app_init ] --END-- [ RunTime:0.001000s ]
INFO: [ app_begin ] --START--
INFO: Run Behavior\ReadHtmlCacheBehavior [ RunTime:0.000000s ]
INFO: [ app_begin ] --END-- [ RunTime:0.000000s ]
SQL: SHOW COLUMNS FROM `guitar_proposal` [ RunTime:0.0050s ]
SQL: SELECT id from guitar_proposal ORDER BY z desc LIMIT 3 [ RunTime:0.0050s ]

[ 2017-11-13T17:18:10+08:00 ] ::1 /WeChat/index.php?m=Home&c=Proposal&a=getProposal&page=1
INFO: [ app_init ] --START--
INFO: Run Behavior\BuildLiteBehavior [ RunTime:0.000000s ]
INFO: [ app_init ] --END-- [ RunTime:0.001000s ]
INFO: [ app_begin ] --START--
INFO: Run Behavior\ReadHtmlCacheBehavior [ RunTime:0.001000s ]
INFO: [ app_begin ] --END-- [ RunTime:0.001000s ]
SQL: SHOW COLUMNS FROM `guitar_proposal` [ RunTime:0.0100s ]
SQL: SELECT id from guitar_proposal ORDER BY z desc LIMIT 3 [ RunTime:0.0060s ]

[ 2017-11-13T17:20:41+08:00 ] ::1 /WeChat/index.php?m=Home&c=Proposal&a=getProposal&page=1
INFO: [ app_init ] --START--
INFO: Run Behavior\BuildLiteBehavior [ RunTime:0.000000s ]
INFO: [ app_init ] --END-- [ RunTime:0.000000s ]
INFO: [ app_begin ] --START--
INFO: Run Behavior\ReadHtmlCacheBehavior [ RunTime:0.000000s ]
INFO: [ app_begin ] --END-- [ RunTime:0.000000s ]
SQL: SHOW COLUMNS FROM `guitar_proposal` [ RunTime:0.0070s ]
SQL: SELECT id from guitar_proposal ORDER BY z desc LIMIT 3 [ RunTime:0.0050s ]
SQL: SELECT nickName,avatarUrl,comment,create_time,z,guitar_proposal.id from guitar_user INNER JOIN guitar_proposal ON guitar_user.id = guitar_proposal.userid and guitar_proposal.id not in (2,7,6)  ORDER BY z desc LIMIT 0,10  [ RunTime:0.0060s ]

[ 2017-11-13T17:22:14+08:00 ] ::1 /WeChat/index.php?m=Home&c=Proposal&a=getProposal&page=1
INFO: [ app_init ] --START--
INFO: Run Behavior\BuildLiteBehavior [ RunTime:0.000000s ]
INFO: [ app_init ] --END-- [ RunTime:0.000000s ]
INFO: [ app_begin ] --START--
INFO: Run Behavior\ReadHtmlCacheBehavior [ RunTime:0.000000s ]
INFO: [ app_begin ] --END-- [ RunTime:0.000000s ]
SQL: SHOW COLUMNS FROM `guitar_proposal` [ RunTime:0.0050s ]
SQL: SELECT id from guitar_proposal ORDER BY z desc LIMIT 3 [ RunTime:0.0050s ]
SQL: SELECT nickName,avatarUrl,comment,create_time,z,guitar_proposal.id from guitar_user INNER JOIN guitar_proposal ON guitar_user.id = guitar_proposal.userid and guitar_proposal.id not in (2,7,6) ORDER BY z desc LIMIT 0,10 [ RunTime:0.0070s ]

[ 2017-11-13T17:22:31+08:00 ] ::1 /WeChat/index.php?m=Home&c=Proposal&a=getProposal&page=1
INFO: [ app_init ] --START--
INFO: Run Behavior\BuildLiteBehavior [ RunTime:0.000000s ]
INFO: [ app_init ] --END-- [ RunTime:0.001000s ]
INFO: [ app_begin ] --START--
INFO: Run Behavior\ReadHtmlCacheBehavior [ RunTime:0.000000s ]
INFO: [ app_begin ] --END-- [ RunTime:0.000000s ]
SQL: SHOW COLUMNS FROM `guitar_proposal` [ RunTime:0.0060s ]
SQL: SELECT id from guitar_proposal ORDER BY z desc LIMIT 3 [ RunTime:0.0050s ]
SQL: SELECT nickName,avatarUrl,comment,create_time,z,guitar_proposal.id from guitar_user INNER JOIN guitar_proposal ON guitar_user.id = guitar_proposal.userid and guitar_proposal.id not in (2,7,6) ORDER BY z desc LIMIT 0,10 [ RunTime:0.0050s ]

[ 2017-11-13T17:24:05+08:00 ] ::1 /WeChat/index.php?m=Home&c=Proposal&a=getProposal&page=1
INFO: [ app_init ] --START--
INFO: Run Behavior\BuildLiteBehavior [ RunTime:0.000000s ]
INFO: [ app_init ] --END-- [ RunTime:0.001000s ]
INFO: [ app_begin ] --START--
INFO: Run Behavior\ReadHtmlCacheBehavior [ RunTime:0.001000s ]
INFO: [ app_begin ] --END-- [ RunTime:0.001000s ]
SQL: SHOW COLUMNS FROM `guitar_proposal` [ RunTime:0.0080s ]
SQL: SELECT id from guitar_proposal ORDER BY z desc LIMIT 3 [ RunTime:0.0040s ]
SQL: SELECT nickName,avatarUrl,comment,create_time,z,guitar_proposal.id from guitar_user INNER JOIN guitar_proposal ON guitar_user.id = guitar_proposal.userid and guitar_proposal.id not in (2,7,6) ORDER BY z desc LIMIT 0,10 [ RunTime:0.0040s ]

[ 2017-11-13T17:26:57+08:00 ] ::1 /WeChat/index.php?m=Home&c=Proposal&a=getProposal&page=1
INFO: [ app_init ] --START--
INFO: Run Behavior\BuildLiteBehavior [ RunTime:0.000000s ]
INFO: [ app_init ] --END-- [ RunTime:0.000000s ]
INFO: [ app_begin ] --START--
INFO: Run Behavior\ReadHtmlCacheBehavior [ RunTime:0.001000s ]
INFO: [ app_begin ] --END-- [ RunTime:0.001000s ]
SQL: SHOW COLUMNS FROM `guitar_proposal` [ RunTime:0.0330s ]
SQL: SELECT nickName,avatarUrl,comment,create_time,z FROM guitar_user INNER JOIN guitar_proposal ON guitar_user.id = guitar_proposal.userid  ORDER BY z desc LIMIT 3 [ RunTime:0.0310s ]
SQL: SELECT id from guitar_proposal ORDER BY z desc LIMIT 3 [ RunTime:0.0280s ]
SQL: SELECT nickName,avatarUrl,comment,create_time,z,guitar_proposal.id from guitar_user INNER JOIN guitar_proposal ON guitar_user.id = guitar_proposal.userid and guitar_proposal.id not in (2,7,6) ORDER BY create_time desc LIMIT 0,10 [ RunTime:0.0220s ]

[ 2017-11-13T17:28:34+08:00 ] ::1 /WeChat/index.php?m=Home&c=Proposal&a=getProposal&page=1
INFO: [ app_init ] --START--
INFO: Run Behavior\BuildLiteBehavior [ RunTime:0.000000s ]
INFO: [ app_init ] --END-- [ RunTime:0.000000s ]
INFO: [ app_begin ] --START--
INFO: Run Behavior\ReadHtmlCacheBehavior [ RunTime:0.001000s ]
INFO: [ app_begin ] --END-- [ RunTime:0.001000s ]
SQL: SHOW COLUMNS FROM `guitar_proposal` [ RunTime:0.0060s ]
SQL: SELECT nickName,avatarUrl,comment,create_time,z FROM guitar_user INNER JOIN guitar_proposal ON guitar_user.id = guitar_proposal.userid  ORDER BY z desc LIMIT 3 [ RunTime:0.0130s ]
SQL: SELECT id from guitar_proposal ORDER BY z desc LIMIT 3 [ RunTime:0.0110s ]
SQL: SELECT nickName,avatarUrl,comment,create_time,z,guitar_proposal.id from guitar_user INNER JOIN guitar_proposal ON guitar_user.id = guitar_proposal.userid and guitar_proposal.id not in (2,7,6) ORDER BY create_time desc LIMIT 0,10 [ RunTime:0.0070s ]

[ 2017-11-13T17:28:39+08:00 ] ::1 /WeChat/index.php?m=Home&c=Proposal&a=saveProposal
INFO: [ app_init ] --START--
INFO: Run Behavior\BuildLiteBehavior [ RunTime:0.000000s ]
INFO: [ app_init ] --END-- [ RunTime:0.000000s ]
INFO: [ app_begin ] --START--
INFO: Run Behavior\ReadHtmlCacheBehavior [ RunTime:0.001000s ]
INFO: [ app_begin ] --END-- [ RunTime:0.001000s ]
SQL: SHOW COLUMNS FROM `guitar_proposal` [ RunTime:0.0070s ]
SQL: SHOW COLUMNS FROM `guitar_proposal` [ RunTime:0.0140s ]
SQL: INSERT INTO `guitar_proposal` (`userid`,`comment`,`create_time`,`z`) VALUES ('27','递四方速递','2017:11:13 17:28:39','0') [ RunTime:0.0140s ]

[ 2017-11-13T17:28:49+08:00 ] ::1 /WeChat/index.php?m=Home&c=Proposal&a=getProposal&page=1
INFO: [ app_init ] --START--
INFO: Run Behavior\BuildLiteBehavior [ RunTime:0.000000s ]
INFO: [ app_init ] --END-- [ RunTime:0.000000s ]
INFO: [ app_begin ] --START--
INFO: Run Behavior\ReadHtmlCacheBehavior [ RunTime:0.001000s ]
INFO: [ app_begin ] --END-- [ RunTime:0.001000s ]
SQL: SHOW COLUMNS FROM `guitar_proposal` [ RunTime:0.0290s ]
SQL: SELECT nickName,avatarUrl,comment,create_time,z FROM guitar_user INNER JOIN guitar_proposal ON guitar_user.id = guitar_proposal.userid  ORDER BY z desc LIMIT 3 [ RunTime:0.0190s ]
SQL: SELECT id from guitar_proposal ORDER BY z desc LIMIT 3 [ RunTime:0.0340s ]
SQL: SELECT nickName,avatarUrl,comment,create_time,z,guitar_proposal.id from guitar_user INNER JOIN guitar_proposal ON guitar_user.id = guitar_proposal.userid and guitar_proposal.id not in (2,7,6) ORDER BY create_time desc LIMIT 0,10 [ RunTime:0.0250s ]

[ 2017-11-13T17:29:03+08:00 ] ::1 /WeChat/index.php?m=Home&c=Proposal&a=getProposal&page=1
INFO: [ app_init ] --START--
INFO: Run Behavior\BuildLiteBehavior [ RunTime:0.000000s ]
INFO: [ app_init ] --END-- [ RunTime:0.000000s ]
INFO: [ app_begin ] --START--
INFO: Run Behavior\ReadHtmlCacheBehavior [ RunTime:0.002000s ]
INFO: [ app_begin ] --END-- [ RunTime:0.002000s ]
SQL: SHOW COLUMNS FROM `guitar_proposal` [ RunTime:0.0040s ]
SQL: SELECT nickName,avatarUrl,comment,create_time,z FROM guitar_user INNER JOIN guitar_proposal ON guitar_user.id = guitar_proposal.userid  ORDER BY z desc LIMIT 3 [ RunTime:0.0050s ]
SQL: SELECT id from guitar_proposal ORDER BY z desc LIMIT 3 [ RunTime:0.0080s ]
SQL: SELECT nickName,avatarUrl,comment,create_time,z,guitar_proposal.id from guitar_user INNER JOIN guitar_proposal ON guitar_user.id = guitar_proposal.userid and guitar_proposal.id not in (2,7,6) ORDER BY create_time desc LIMIT 0,10 [ RunTime:0.0140s ]

[ 2017-11-13T17:29:36+08:00 ] ::1 /WeChat/index.php?m=Home&c=Proposal&a=getProposal&page=1
INFO: [ app_init ] --START--
INFO: Run Behavior\BuildLiteBehavior [ RunTime:0.000000s ]
INFO: [ app_init ] --END-- [ RunTime:0.000000s ]
INFO: [ app_begin ] --START--
INFO: Run Behavior\ReadHtmlCacheBehavior [ RunTime:0.000000s ]
INFO: [ app_begin ] --END-- [ RunTime:0.000000s ]
SQL: SHOW COLUMNS FROM `guitar_proposal` [ RunTime:0.0140s ]
SQL: SELECT nickName,avatarUrl,comment,create_time,z FROM guitar_user INNER JOIN guitar_proposal ON guitar_user.id = guitar_proposal.userid  ORDER BY z desc LIMIT 3 [ RunTime:0.0190s ]
SQL: SELECT id from guitar_proposal ORDER BY z desc LIMIT 3 [ RunTime:0.0080s ]
SQL: SELECT nickName,avatarUrl,comment,create_time,z,guitar_proposal.id from guitar_user INNER JOIN guitar_proposal ON guitar_user.id = guitar_proposal.userid and guitar_proposal.id not in (2,7,6) ORDER BY create_time desc LIMIT 0,10 [ RunTime:0.0050s ]

[ 2017-11-13T17:30:17+08:00 ] ::1 /WeChat/index.php?m=Home&c=Proposal&a=getProposal&page=1
INFO: [ app_init ] --START--
INFO: Run Behavior\BuildLiteBehavior [ RunTime:0.001000s ]
INFO: [ app_init ] --END-- [ RunTime:0.001000s ]
INFO: [ app_begin ] --START--
INFO: Run Behavior\ReadHtmlCacheBehavior [ RunTime:0.000000s ]
INFO: [ app_begin ] --END-- [ RunTime:0.000000s ]
SQL: SHOW COLUMNS FROM `guitar_proposal` [ RunTime:0.0050s ]
SQL: SELECT nickName,avatarUrl,comment,create_time,z FROM guitar_user INNER JOIN guitar_proposal ON guitar_user.id = guitar_proposal.userid  ORDER BY z desc LIMIT 3 [ RunTime:0.0060s ]
SQL: SELECT id from guitar_proposal ORDER BY z desc LIMIT 3 [ RunTime:0.0120s ]
SQL: SELECT nickName,avatarUrl,comment,create_time,z,guitar_proposal.id from guitar_user INNER JOIN guitar_proposal ON guitar_user.id = guitar_proposal.userid and guitar_proposal.id not in (2,7,6) ORDER BY create_time desc LIMIT 0,10 [ RunTime:0.0140s ]

[ 2017-11-13T17:30:21+08:00 ] ::1 /WeChat/index.php?m=Home&c=Proposal&a=saveProposal
INFO: [ app_init ] --START--
INFO: Run Behavior\BuildLiteBehavior [ RunTime:0.000000s ]
INFO: [ app_init ] --END-- [ RunTime:0.001000s ]
INFO: [ app_begin ] --START--
INFO: Run Behavior\ReadHtmlCacheBehavior [ RunTime:0.001000s ]
INFO: [ app_begin ] --END-- [ RunTime:0.001000s ]
SQL: SHOW COLUMNS FROM `guitar_proposal` [ RunTime:0.0060s ]
SQL: SHOW COLUMNS FROM `guitar_proposal` [ RunTime:0.0100s ]
SQL: INSERT INTO `guitar_proposal` (`userid`,`comment`,`create_time`,`z`) VALUES ('27','我测试一下','2017:11:13 17:30:21','0') [ RunTime:0.0100s ]

[ 2017-11-13T17:30:26+08:00 ] ::1 /WeChat/index.php?m=Home&c=Proposal&a=getProposal&page=1
INFO: [ app_init ] --START--
INFO: Run Behavior\BuildLiteBehavior [ RunTime:0.000000s ]
INFO: [ app_init ] --END-- [ RunTime:0.001000s ]
INFO: [ app_begin ] --START--
INFO: Run Behavior\ReadHtmlCacheBehavior [ RunTime:0.000000s ]
INFO: [ app_begin ] --END-- [ RunTime:0.000000s ]
SQL: SHOW COLUMNS FROM `guitar_proposal` [ RunTime:0.0060s ]
SQL: SELECT nickName,avatarUrl,comment,create_time,z FROM guitar_user INNER JOIN guitar_proposal ON guitar_user.id = guitar_proposal.userid  ORDER BY z desc LIMIT 3 [ RunTime:0.0060s ]
SQL: SELECT id from guitar_proposal ORDER BY z desc LIMIT 3 [ RunTime:0.0050s ]
SQL: SELECT nickName,avatarUrl,comment,create_time,z,guitar_proposal.id from guitar_user INNER JOIN guitar_proposal ON guitar_user.id = guitar_proposal.userid and guitar_proposal.id not in (2,7,6) ORDER BY create_time desc LIMIT 0,10 [ RunTime:0.0080s ]

[ 2017-11-13T17:30:29+08:00 ] ::1 /WeChat/index.php?m=Home&c=Proposal&a=saveProposal
INFO: [ app_init ] --START--
INFO: Run Behavior\BuildLiteBehavior [ RunTime:0.000000s ]
INFO: [ app_init ] --END-- [ RunTime:0.001000s ]
INFO: [ app_begin ] --START--
INFO: Run Behavior\ReadHtmlCacheBehavior [ RunTime:0.001000s ]
INFO: [ app_begin ] --END-- [ RunTime:0.001000s ]
SQL: SHOW COLUMNS FROM `guitar_proposal` [ RunTime:0.0070s ]
SQL: SHOW COLUMNS FROM `guitar_proposal` [ RunTime:0.0060s ]
SQL: INSERT INTO `guitar_proposal` (`userid`,`comment`,`create_time`,`z`) VALUES ('27','2下','2017:11:13 17:30:29','0') [ RunTime:0.0090s ]

[ 2017-11-13T17:30:32+08:00 ] ::1 /WeChat/index.php?m=Home&c=Proposal&a=saveProposal
INFO: [ app_init ] --START--
INFO: Run Behavior\BuildLiteBehavior [ RunTime:0.000000s ]
INFO: [ app_init ] --END-- [ RunTime:0.000000s ]
INFO: [ app_begin ] --START--
INFO: Run Behavior\ReadHtmlCacheBehavior [ RunTime:0.000000s ]
INFO: [ app_begin ] --END-- [ RunTime:0.000000s ]
SQL: SHOW COLUMNS FROM `guitar_proposal` [ RunTime:0.0050s ]
SQL: SHOW COLUMNS FROM `guitar_proposal` [ RunTime:0.0050s ]
SQL: INSERT INTO `guitar_proposal` (`userid`,`comment`,`create_time`,`z`) VALUES ('27','3 下','2017:11:13 17:30:32','0') [ RunTime:0.0060s ]

[ 2017-11-13T17:30:47+08:00 ] ::1 /WeChat/index.php?m=Home&c=Proposal&a=getProposal&page=1
INFO: [ app_init ] --START--
INFO: Run Behavior\BuildLiteBehavior [ RunTime:0.000000s ]
INFO: [ app_init ] --END-- [ RunTime:0.000000s ]
INFO: [ app_begin ] --START--
INFO: Run Behavior\ReadHtmlCacheBehavior [ RunTime:0.001000s ]
INFO: [ app_begin ] --END-- [ RunTime:0.001000s ]
SQL: SHOW COLUMNS FROM `guitar_proposal` [ RunTime:0.0130s ]
SQL: SELECT nickName,avatarUrl,comment,create_time,z FROM guitar_user INNER JOIN guitar_proposal ON guitar_user.id = guitar_proposal.userid  ORDER BY z desc LIMIT 3 [ RunTime:0.0160s ]
SQL: SELECT id from guitar_proposal ORDER BY z desc LIMIT 3 [ RunTime:0.0110s ]
SQL: SELECT nickName,avatarUrl,comment,create_time,z,guitar_proposal.id from guitar_user INNER JOIN guitar_proposal ON guitar_user.id = guitar_proposal.userid and guitar_proposal.id not in (2,7,6) ORDER BY create_time desc LIMIT 0,10 [ RunTime:0.0060s ]

[ 2017-11-13T17:31:06+08:00 ] ::1 /WeChat/index.php?m=Home&c=Proposal&a=getProposal&page=1
INFO: [ app_init ] --START--
INFO: Run Behavior\BuildLiteBehavior [ RunTime:0.000000s ]
INFO: [ app_init ] --END-- [ RunTime:0.000000s ]
INFO: [ app_begin ] --START--
INFO: Run Behavior\ReadHtmlCacheBehavior [ RunTime:0.001000s ]
INFO: [ app_begin ] --END-- [ RunTime:0.002000s ]
SQL: SHOW COLUMNS FROM `guitar_proposal` [ RunTime:0.0250s ]
SQL: SELECT nickName,avatarUrl,comment,create_time,z FROM guitar_user INNER JOIN guitar_proposal ON guitar_user.id = guitar_proposal.userid  ORDER BY z desc LIMIT 3 [ RunTime:0.0290s ]
SQL: SELECT id from guitar_proposal ORDER BY z desc LIMIT 3 [ RunTime:0.0210s ]
SQL: SELECT nickName,avatarUrl,comment,create_time,z,guitar_proposal.id from guitar_user INNER JOIN guitar_proposal ON guitar_user.id = guitar_proposal.userid and guitar_proposal.id not in (2,7,6) ORDER BY create_time desc LIMIT 0,10 [ RunTime:0.0080s ]

[ 2017-11-13T17:32:01+08:00 ] ::1 /WeChat/index.php?m=Home&c=Proposal&a=getProposal&page=1
INFO: [ app_init ] --START--
INFO: Run Behavior\BuildLiteBehavior [ RunTime:0.000000s ]
INFO: [ app_init ] --END-- [ RunTime:0.001000s ]
INFO: [ app_begin ] --START--
INFO: Run Behavior\ReadHtmlCacheBehavior [ RunTime:0.002000s ]
INFO: [ app_begin ] --END-- [ RunTime:0.003000s ]
SQL: SHOW COLUMNS FROM `guitar_proposal` [ RunTime:0.0190s ]
SQL: SELECT nickName,avatarUrl,comment,create_time,z FROM guitar_user INNER JOIN guitar_proposal ON guitar_user.id = guitar_proposal.userid  ORDER BY z desc LIMIT 3 [ RunTime:0.0090s ]
SQL: SELECT id from guitar_proposal ORDER BY z desc LIMIT 3 [ RunTime:0.0110s ]
SQL: SELECT nickName,avatarUrl,comment,create_time,z,guitar_proposal.id from guitar_user INNER JOIN guitar_proposal ON guitar_user.id = guitar_proposal.userid and guitar_proposal.id not in (2,7,6) ORDER BY create_time desc LIMIT 0,10 [ RunTime:0.0070s ]

[ 2017-11-13T17:33:48+08:00 ] ::1 /WeChat/index.php?m=Home&c=Proposal&a=getProposal&page=1
INFO: [ app_init ] --START--
INFO: Run Behavior\BuildLiteBehavior [ RunTime:0.000000s ]
INFO: [ app_init ] --END-- [ RunTime:0.002000s ]
INFO: [ app_begin ] --START--
INFO: Run Behavior\ReadHtmlCacheBehavior [ RunTime:0.001000s ]
INFO: [ app_begin ] --END-- [ RunTime:0.001000s ]
SQL: SHOW COLUMNS FROM `guitar_proposal` [ RunTime:0.0190s ]
SQL: SELECT nickName,avatarUrl,comment,create_time,z FROM guitar_user INNER JOIN guitar_proposal ON guitar_user.id = guitar_proposal.userid  ORDER BY z desc LIMIT 3 [ RunTime:0.0130s ]
SQL: SELECT id from guitar_proposal ORDER BY z desc LIMIT 3 [ RunTime:0.0080s ]
SQL: SELECT nickName,avatarUrl,comment,create_time,z,guitar_proposal.id from guitar_user INNER JOIN guitar_proposal ON guitar_user.id = guitar_proposal.userid and guitar_proposal.id not in (2,7,6) ORDER BY create_time desc LIMIT 0,10 [ RunTime:0.0100s ]

[ 2017-11-13T17:37:10+08:00 ] ::1 /WeChat/index.php?m=Home&c=Proposal&a=getProposal&page=1
INFO: [ app_init ] --START--
INFO: Run Behavior\BuildLiteBehavior [ RunTime:0.000000s ]
INFO: [ app_init ] --END-- [ RunTime:0.000000s ]
INFO: [ app_begin ] --START--
INFO: Run Behavior\ReadHtmlCacheBehavior [ RunTime:0.000000s ]
INFO: [ app_begin ] --END-- [ RunTime:0.001000s ]
SQL: SHOW COLUMNS FROM `guitar_proposal` [ RunTime:0.0190s ]
SQL: SELECT nickName,avatarUrl,comment,create_time,z,guitar_proposal.id FROM guitar_user INNER JOIN guitar_proposal ON guitar_user.id = guitar_proposal.userid  ORDER BY z desc LIMIT 3 [ RunTime:0.0090s ]
SQL: SELECT id from guitar_proposal ORDER BY z desc LIMIT 3 [ RunTime:0.0210s ]
SQL: SELECT nickName,avatarUrl,comment,create_time,z,guitar_proposal.id from guitar_user INNER JOIN guitar_proposal ON guitar_user.id = guitar_proposal.userid and guitar_proposal.id not in (2,7,6) ORDER BY create_time desc LIMIT 0,10 [ RunTime:0.0180s ]

[ 2017-11-13T17:37:36+08:00 ] ::1 /WeChat/index.php?m=Home&c=Proposal&a=getProposal&page=1
INFO: [ app_init ] --START--
INFO: Run Behavior\BuildLiteBehavior [ RunTime:0.000000s ]
INFO: [ app_init ] --END-- [ RunTime:0.000000s ]
INFO: [ app_begin ] --START--
INFO: Run Behavior\ReadHtmlCacheBehavior [ RunTime:0.000000s ]
INFO: [ app_begin ] --END-- [ RunTime:0.000000s ]
SQL: SHOW COLUMNS FROM `guitar_proposal` [ RunTime:0.0220s ]
SQL: SELECT nickName,avatarUrl,comment,create_time,z,guitar_proposal.id FROM guitar_user INNER JOIN guitar_proposal ON guitar_user.id = guitar_proposal.userid  ORDER BY z desc LIMIT 3 [ RunTime:0.0230s ]
SQL: SELECT id from guitar_proposal ORDER BY z desc LIMIT 3 [ RunTime:0.0100s ]
SQL: SELECT nickName,avatarUrl,comment,create_time,z,guitar_proposal.id from guitar_user INNER JOIN guitar_proposal ON guitar_user.id = guitar_proposal.userid and guitar_proposal.id not in (2,7,6) ORDER BY create_time desc LIMIT 0,10 [ RunTime:0.0110s ]

[ 2017-11-13T17:37:53+08:00 ] ::1 /WeChat/index.php?m=Home&c=Proposal&a=saveProposal
INFO: [ app_init ] --START--
INFO: Run Behavior\BuildLiteBehavior [ RunTime:0.000000s ]
INFO: [ app_init ] --END-- [ RunTime:0.000000s ]
INFO: [ app_begin ] --START--
INFO: Run Behavior\ReadHtmlCacheBehavior [ RunTime:0.000000s ]
INFO: [ app_begin ] --END-- [ RunTime:0.000000s ]
SQL: SHOW COLUMNS FROM `guitar_proposal` [ RunTime:0.0130s ]
SQL: SHOW COLUMNS FROM `guitar_proposal` [ RunTime:0.0160s ]
SQL: INSERT INTO `guitar_proposal` (`userid`,`comment`,`create_time`,`z`) VALUES ('27','撒旦法','2017:11:13 17:37:53','0') [ RunTime:0.0190s ]

[ 2017-11-13T17:38:29+08:00 ] ::1 /WeChat/index.php?m=Home&c=Proposal&a=getProposal&page=1
INFO: [ app_init ] --START--
INFO: Run Behavior\BuildLiteBehavior [ RunTime:0.000000s ]
INFO: [ app_init ] --END-- [ RunTime:0.000000s ]
INFO: [ app_begin ] --START--
INFO: Run Behavior\ReadHtmlCacheBehavior [ RunTime:0.000000s ]
INFO: [ app_begin ] --END-- [ RunTime:0.001000s ]
SQL: SHOW COLUMNS FROM `guitar_proposal` [ RunTime:0.0200s ]
SQL: SELECT nickName,avatarUrl,comment,create_time,z,guitar_proposal.id FROM guitar_user INNER JOIN guitar_proposal ON guitar_user.id = guitar_proposal.userid  ORDER BY z desc LIMIT 3 [ RunTime:0.0260s ]
SQL: SELECT id from guitar_proposal ORDER BY z desc LIMIT 3 [ RunTime:0.0240s ]
SQL: SELECT nickName,avatarUrl,comment,create_time,z,guitar_proposal.id from guitar_user INNER JOIN guitar_proposal ON guitar_user.id = guitar_proposal.userid and guitar_proposal.id not in (2,7,6) ORDER BY create_time desc LIMIT 0,10 [ RunTime:0.0180s ]

[ 2017-11-13T17:39:34+08:00 ] ::1 /WeChat/index.php?m=Home&c=Proposal&a=getProposal&page=1
INFO: [ app_init ] --START--
INFO: Run Behavior\BuildLiteBehavior [ RunTime:0.001000s ]
INFO: [ app_init ] --END-- [ RunTime:0.001000s ]
INFO: [ app_begin ] --START--
INFO: Run Behavior\ReadHtmlCacheBehavior [ RunTime:0.000000s ]
INFO: [ app_begin ] --END-- [ RunTime:0.001000s ]
SQL: SHOW COLUMNS FROM `guitar_proposal` [ RunTime:0.0140s ]
SQL: SELECT nickName,avatarUrl,comment,create_time,z,guitar_proposal.id FROM guitar_user INNER JOIN guitar_proposal ON guitar_user.id = guitar_proposal.userid  ORDER BY z desc LIMIT 3 [ RunTime:0.0080s ]
SQL: SELECT id from guitar_proposal ORDER BY z desc LIMIT 3 [ RunTime:0.0050s ]
SQL: SELECT nickName,avatarUrl,comment,create_time,z,guitar_proposal.id from guitar_user INNER JOIN guitar_proposal ON guitar_user.id = guitar_proposal.userid and guitar_proposal.id not in (2,7,6) ORDER BY create_time desc LIMIT 0,10 [ RunTime:0.0120s ]

[ 2017-11-13T17:39:37+08:00 ] ::1 /WeChat/index.php?m=Home&c=Proposal&a=saveProposal
INFO: [ app_init ] --START--
INFO: Run Behavior\BuildLiteBehavior [ RunTime:0.000000s ]
INFO: [ app_init ] --END-- [ RunTime:0.000000s ]
INFO: [ app_begin ] --START--
INFO: Run Behavior\ReadHtmlCacheBehavior [ RunTime:0.001000s ]
INFO: [ app_begin ] --END-- [ RunTime:0.001000s ]
SQL: SHOW COLUMNS FROM `guitar_proposal` [ RunTime:0.0200s ]
SQL: SHOW COLUMNS FROM `guitar_proposal` [ RunTime:0.0180s ]
SQL: INSERT INTO `guitar_proposal` (`userid`,`comment`,`create_time`,`z`) VALUES ('27','22222','2017:11:13 17:39:36','0') [ RunTime:0.0110s ]

[ 2017-11-13T17:39:40+08:00 ] ::1 /WeChat/index.php?m=Home&c=Proposal&a=getProposal&page=1
INFO: [ app_init ] --START--
INFO: Run Behavior\BuildLiteBehavior [ RunTime:0.000000s ]
INFO: [ app_init ] --END-- [ RunTime:0.000000s ]
INFO: [ app_begin ] --START--
INFO: Run Behavior\ReadHtmlCacheBehavior [ RunTime:0.001000s ]
INFO: [ app_begin ] --END-- [ RunTime:0.001000s ]
SQL: SHOW COLUMNS FROM `guitar_proposal` [ RunTime:0.0080s ]
SQL: SELECT nickName,avatarUrl,comment,create_time,z,guitar_proposal.id FROM guitar_user INNER JOIN guitar_proposal ON guitar_user.id = guitar_proposal.userid  ORDER BY z desc LIMIT 3 [ RunTime:0.0180s ]
SQL: SELECT id from guitar_proposal ORDER BY z desc LIMIT 3 [ RunTime:0.0080s ]
SQL: SELECT nickName,avatarUrl,comment,create_time,z,guitar_proposal.id from guitar_user INNER JOIN guitar_proposal ON guitar_user.id = guitar_proposal.userid and guitar_proposal.id not in (2,7,6) ORDER BY create_time desc LIMIT 0,10 [ RunTime:0.0140s ]

[ 2017-11-13T17:40:16+08:00 ] ::1 /WeChat/index.php?m=Home&c=Proposal&a=getProposal&page=1
INFO: [ app_init ] --START--
INFO: Run Behavior\BuildLiteBehavior [ RunTime:0.000000s ]
INFO: [ app_init ] --END-- [ RunTime:0.001000s ]
INFO: [ app_begin ] --START--
INFO: Run Behavior\ReadHtmlCacheBehavior [ RunTime:0.001000s ]
INFO: [ app_begin ] --END-- [ RunTime:0.001000s ]
SQL: SHOW COLUMNS FROM `guitar_proposal` [ RunTime:0.0180s ]
SQL: SELECT nickName,avatarUrl,comment,create_time,z,guitar_proposal.id FROM guitar_user INNER JOIN guitar_proposal ON guitar_user.id = guitar_proposal.userid  ORDER BY z desc LIMIT 3 [ RunTime:0.0210s ]
SQL: SELECT id from guitar_proposal ORDER BY z desc LIMIT 3 [ RunTime:0.0190s ]
SQL: SELECT nickName,avatarUrl,comment,create_time,z,guitar_proposal.id from guitar_user INNER JOIN guitar_proposal ON guitar_user.id = guitar_proposal.userid and guitar_proposal.id not in (2,7,6) ORDER BY create_time desc LIMIT 0,10 [ RunTime:0.0120s ]

[ 2017-11-13T17:41:05+08:00 ] ::1 /WeChat/index.php?m=Home&c=Proposal&a=getProposal&page=1
INFO: [ app_init ] --START--
INFO: Run Behavior\BuildLiteBehavior [ RunTime:0.000000s ]
INFO: [ app_init ] --END-- [ RunTime:0.000000s ]
INFO: [ app_begin ] --START--
INFO: Run Behavior\ReadHtmlCacheBehavior [ RunTime:0.000000s ]
INFO: [ app_begin ] --END-- [ RunTime:0.001000s ]
SQL: SHOW COLUMNS FROM `guitar_proposal` [ RunTime:0.0220s ]
SQL: SELECT nickName,avatarUrl,comment,create_time,z,guitar_proposal.id FROM guitar_user INNER JOIN guitar_proposal ON guitar_user.id = guitar_proposal.userid and guitar_proposal.flag = 1  ORDER BY z desc LIMIT 3 [ RunTime:0.0250s ]
SQL: SELECT id from guitar_proposal ORDER BY z desc LIMIT 3 [ RunTime:0.0240s ]
SQL: SELECT nickName,avatarUrl,comment,create_time,z,guitar_proposal.id from guitar_user INNER JOIN guitar_proposal ON guitar_user.id = guitar_proposal.userid and guitar_proposal.flag = 1 and guitar_proposal.id not in (2,7,6) ORDER BY create_time desc LIMIT 0,10 [ RunTime:0.0230s ]

[ 2017-11-13T17:41:25+08:00 ] ::1 /WeChat/index.php?m=Home&c=Proposal&a=getProposal&page=1
INFO: [ app_init ] --START--
INFO: Run Behavior\BuildLiteBehavior [ RunTime:0.000000s ]
INFO: [ app_init ] --END-- [ RunTime:0.001000s ]
INFO: [ app_begin ] --START--
INFO: Run Behavior\ReadHtmlCacheBehavior [ RunTime:0.001000s ]
INFO: [ app_begin ] --END-- [ RunTime:0.001000s ]
SQL: SHOW COLUMNS FROM `guitar_proposal` [ RunTime:0.0150s ]
SQL: SELECT nickName,avatarUrl,comment,create_time,z,guitar_proposal.id FROM guitar_user INNER JOIN guitar_proposal ON guitar_user.id = guitar_proposal.userid and guitar_proposal.flag = 1  ORDER BY z desc LIMIT 3 [ RunTime:0.0190s ]
SQL: SELECT id from guitar_proposal ORDER BY z desc LIMIT 3 [ RunTime:0.0150s ]
SQL: SELECT nickName,avatarUrl,comment,create_time,z,guitar_proposal.id from guitar_user INNER JOIN guitar_proposal ON guitar_user.id = guitar_proposal.userid and guitar_proposal.flag = 1 and guitar_proposal.id not in (2,7,6) ORDER BY create_time desc LIMIT 0,10 [ RunTime:0.0190s ]

[ 2017-11-13T17:43:02+08:00 ] ::1 /WeChat/index.php?m=Home&c=WeChat&a=index
INFO: [ app_init ] --START--
INFO: Run Behavior\BuildLiteBehavior [ RunTime:0.000000s ]
INFO: [ app_init ] --END-- [ RunTime:0.000000s ]
INFO: [ app_begin ] --START--
INFO: Run Behavior\ReadHtmlCacheBehavior [ RunTime:0.001000s ]
INFO: [ app_begin ] --END-- [ RunTime:0.001000s ]
SQL: SHOW COLUMNS FROM `guitar_recommend` [ RunTime:0.0150s ]
SQL: SELECT id, title, time, img, istop, content FROM guitar_recommend ORDER BY istop desc , id DESC [ RunTime:0.0150s ]

[ 2017-11-13T18:01:27+08:00 ] ::1 /WeChat/index.php?m=Home&c=Proposal&a=getProposal&page=1
INFO: [ app_init ] --START--
INFO: Run Behavior\BuildLiteBehavior [ RunTime:0.000000s ]
INFO: [ app_init ] --END-- [ RunTime:0.001000s ]
INFO: [ app_begin ] --START--
INFO: Run Behavior\ReadHtmlCacheBehavior [ RunTime:0.000000s ]
INFO: [ app_begin ] --END-- [ RunTime:0.000000s ]
SQL: SHOW COLUMNS FROM `guitar_proposal` [ RunTime:0.0060s ]
SQL: SELECT nickName,avatarUrl,comment,create_time,z,guitar_proposal.id FROM guitar_user INNER JOIN guitar_proposal ON guitar_user.id = guitar_proposal.userid and guitar_proposal.flag = 1  ORDER BY z desc LIMIT 3 [ RunTime:0.0060s ]
SQL: SELECT id from guitar_proposal ORDER BY z desc LIMIT 3 [ RunTime:0.0050s ]
SQL: SELECT nickName,avatarUrl,comment,create_time,z,guitar_proposal.id from guitar_user INNER JOIN guitar_proposal ON guitar_user.id = guitar_proposal.userid and guitar_proposal.flag = 1 and guitar_proposal.id not in (2,7,6) ORDER BY create_time desc LIMIT 0,10 [ RunTime:0.0050s ]

[ 2017-11-13T18:02:57+08:00 ] ::1 /WeChat/index.php?m=Home&c=Proposal&a=getProposal&page=1
INFO: [ app_init ] --START--
INFO: Run Behavior\BuildLiteBehavior [ RunTime:0.000000s ]
INFO: [ app_init ] --END-- [ RunTime:0.001000s ]
INFO: [ app_begin ] --START--
INFO: Run Behavior\ReadHtmlCacheBehavior [ RunTime:0.000000s ]
INFO: [ app_begin ] --END-- [ RunTime:0.001000s ]
SQL: SHOW COLUMNS FROM `guitar_proposal` [ RunTime:0.0150s ]
SQL: SELECT nickName,avatarUrl,comment,create_time,z,guitar_proposal.id FROM guitar_user INNER JOIN guitar_proposal ON guitar_user.id = guitar_proposal.userid and guitar_proposal.flag = 1  ORDER BY z desc LIMIT 3 [ RunTime:0.0070s ]
SQL: SELECT id from guitar_proposal ORDER BY z desc LIMIT 3 [ RunTime:0.0040s ]
SQL: SELECT nickName,avatarUrl,comment,create_time,z,guitar_proposal.id from guitar_user INNER JOIN guitar_proposal ON guitar_user.id = guitar_proposal.userid and guitar_proposal.flag = 1 and guitar_proposal.id not in (2,7,6) ORDER BY create_time desc LIMIT 0,10 [ RunTime:0.0040s ]

[ 2017-11-13T18:03:09+08:00 ] ::1 /WeChat/index.php?m=Home&c=Proposal&a=getProposal&page=1
INFO: [ app_init ] --START--
INFO: Run Behavior\BuildLiteBehavior [ RunTime:0.000000s ]
INFO: [ app_init ] --END-- [ RunTime:0.000000s ]
INFO: [ app_begin ] --START--
INFO: Run Behavior\ReadHtmlCacheBehavior [ RunTime:0.002000s ]
INFO: [ app_begin ] --END-- [ RunTime:0.002000s ]
SQL: SHOW COLUMNS FROM `guitar_proposal` [ RunTime:0.0080s ]
SQL: SELECT nickName,avatarUrl,comment,create_time,z,guitar_proposal.id FROM guitar_user INNER JOIN guitar_proposal ON guitar_user.id = guitar_proposal.userid and guitar_proposal.flag = 1  ORDER BY z desc LIMIT 3 [ RunTime:0.0060s ]
SQL: SELECT id from guitar_proposal ORDER BY z desc LIMIT 3 [ RunTime:0.0040s ]
SQL: SELECT nickName,avatarUrl,comment,create_time,z,guitar_proposal.id from guitar_user INNER JOIN guitar_proposal ON guitar_user.id = guitar_proposal.userid and guitar_proposal.flag = 1 and guitar_proposal.id not in (2,7,6) ORDER BY create_time desc LIMIT 0,10 [ RunTime:0.0050s ]

[ 2017-11-13T18:03:15+08:00 ] ::1 /WeChat/index.php?m=Home&c=Proposal&a=getProposal&page=1
INFO: [ app_init ] --START--
INFO: Run Behavior\BuildLiteBehavior [ RunTime:0.000000s ]
INFO: [ app_init ] --END-- [ RunTime:0.000000s ]
INFO: [ app_begin ] --START--
INFO: Run Behavior\ReadHtmlCacheBehavior [ RunTime:0.001000s ]
INFO: [ app_begin ] --END-- [ RunTime:0.001000s ]
SQL: SHOW COLUMNS FROM `guitar_proposal` [ RunTime:0.0050s ]
SQL: SELECT nickName,avatarUrl,comment,create_time,z,guitar_proposal.id FROM guitar_user INNER JOIN guitar_proposal ON guitar_user.id = guitar_proposal.userid and guitar_proposal.flag = 1  ORDER BY z desc LIMIT 3 [ RunTime:0.0060s ]
SQL: SELECT id from guitar_proposal ORDER BY z desc LIMIT 3 [ RunTime:0.0090s ]
SQL: SELECT nickName,avatarUrl,comment,create_time,z,guitar_proposal.id from guitar_user INNER JOIN guitar_proposal ON guitar_user.id = guitar_proposal.userid and guitar_proposal.flag = 1 and guitar_proposal.id not in (2,7,6) ORDER BY create_time desc LIMIT 0,10 [ RunTime:0.0140s ]

[ 2017-11-13T18:03:20+08:00 ] ::1 /WeChat/index.php?m=Home&c=Proposal&a=zProposal
INFO: [ app_init ] --START--
INFO: Run Behavior\BuildLiteBehavior [ RunTime:0.000000s ]
INFO: [ app_init ] --END-- [ RunTime:0.001000s ]
INFO: [ app_begin ] --START--
INFO: Run Behavior\ReadHtmlCacheBehavior [ RunTime:0.000000s ]
INFO: [ app_begin ] --END-- [ RunTime:0.000000s ]
SQL: SHOW COLUMNS FROM `guitar_proposal` [ RunTime:0.0050s ]
SQL: UPDATE guitar_proposal SET z=z+1 WHERE id=2 [ RunTime:0.0060s ]
ERR: :
 [ SQL语句 ] : UPDATE guitar_proposal SET z=z+1 WHERE id=2
ERR: :
 [ SQL语句 ] : UPDATE guitar_proposal SET z=z+1 WHERE id=2

[ 2017-11-13T18:04:41+08:00 ] ::1 /WeChat/index.php?m=Home&c=Proposal&a=getProposal&page=1
INFO: [ app_init ] --START--
INFO: Run Behavior\BuildLiteBehavior [ RunTime:0.000000s ]
INFO: [ app_init ] --END-- [ RunTime:0.000000s ]
INFO: [ app_begin ] --START--
INFO: Run Behavior\ReadHtmlCacheBehavior [ RunTime:0.001000s ]
INFO: [ app_begin ] --END-- [ RunTime:0.001000s ]
SQL: SHOW COLUMNS FROM `guitar_proposal` [ RunTime:0.0060s ]
SQL: SELECT nickName,avatarUrl,comment,create_time,z,guitar_proposal.id FROM guitar_user INNER JOIN guitar_proposal ON guitar_user.id = guitar_proposal.userid and guitar_proposal.flag = 1  ORDER BY z desc LIMIT 3 [ RunTime:0.0060s ]
SQL: SELECT id from guitar_proposal ORDER BY z desc LIMIT 3 [ RunTime:0.0040s ]
SQL: SELECT nickName,avatarUrl,comment,create_time,z,guitar_proposal.id from guitar_user INNER JOIN guitar_proposal ON guitar_user.id = guitar_proposal.userid and guitar_proposal.flag = 1 and guitar_proposal.id not in (2,7,6) ORDER BY create_time desc LIMIT 0,10 [ RunTime:0.0070s ]

[ 2017-11-13T18:04:45+08:00 ] ::1 /WeChat/index.php?m=Home&c=Proposal&a=zProposal
INFO: [ app_init ] --START--
INFO: Run Behavior\BuildLiteBehavior [ RunTime:0.000000s ]
INFO: [ app_init ] --END-- [ RunTime:0.001000s ]
INFO: [ app_begin ] --START--
INFO: Run Behavior\ReadHtmlCacheBehavior [ RunTime:0.000000s ]
INFO: [ app_begin ] --END-- [ RunTime:0.000000s ]
SQL: SHOW COLUMNS FROM `guitar_proposal` [ RunTime:0.0040s ]
SQL: UPDATE guitar_proposal SET z=z+1 WHERE id=2 [ RunTime:0.0090s ]
ERR: :
 [ SQL语句 ] : UPDATE guitar_proposal SET z=z+1 WHERE id=2
ERR: :
 [ SQL语句 ] : UPDATE guitar_proposal SET z=z+1 WHERE id=2

[ 2017-11-13T18:05:56+08:00 ] ::1 /WeChat/index.php?m=Home&c=Proposal&a=getProposal&page=1
INFO: [ app_init ] --START--
INFO: Run Behavior\BuildLiteBehavior [ RunTime:0.000000s ]
INFO: [ app_init ] --END-- [ RunTime:0.001000s ]
INFO: [ app_begin ] --START--
INFO: Run Behavior\ReadHtmlCacheBehavior [ RunTime:0.000000s ]
INFO: [ app_begin ] --END-- [ RunTime:0.001000s ]
SQL: SHOW COLUMNS FROM `guitar_proposal` [ RunTime:0.0060s ]
SQL: SELECT nickName,avatarUrl,comment,create_time,z,guitar_proposal.id FROM guitar_user INNER JOIN guitar_proposal ON guitar_user.id = guitar_proposal.userid and guitar_proposal.flag = 1  ORDER BY z desc LIMIT 3 [ RunTime:0.0060s ]
SQL: SELECT id from guitar_proposal ORDER BY z desc LIMIT 3 [ RunTime:0.0050s ]
SQL: SELECT nickName,avatarUrl,comment,create_time,z,guitar_proposal.id from guitar_user INNER JOIN guitar_proposal ON guitar_user.id = guitar_proposal.userid and guitar_proposal.flag = 1 and guitar_proposal.id not in (2,7,6) ORDER BY create_time desc LIMIT 0,10 [ RunTime:0.0050s ]

[ 2017-11-13T18:05:58+08:00 ] ::1 /WeChat/index.php?m=Home&c=Proposal&a=zProposal
INFO: [ app_init ] --START--
INFO: Run Behavior\BuildLiteBehavior [ RunTime:0.000000s ]
INFO: [ app_init ] --END-- [ RunTime:0.000000s ]
INFO: [ app_begin ] --START--
INFO: Run Behavior\ReadHtmlCacheBehavior [ RunTime:0.001000s ]
INFO: [ app_begin ] --END-- [ RunTime:0.001000s ]
SQL: SHOW COLUMNS FROM `guitar_proposal` [ RunTime:0.0070s ]
SQL: SHOW COLUMNS FROM `guitar_proposal` [ RunTime:0.0070s ]
SQL: UPDATE `guitar_proposal` SET `z`=z+1 WHERE ( id=2 ) [ RunTime:0.0080s ]
NOTIC: [8] Undefined variable: rs D:\Software\WampServer\wamp\www\WeChat\Application\Home\Model\ProposalModel.class.php 第 77 行.

